[0.023s] Invoking command in '/home/mete/catkin_ws2/build/LibKML': /usr/bin/cmake /home/mete/catkin_ws2/src/libkml -DCMAKE_INSTALL_PREFIX=/home/mete/catkin_ws2/install/LibKML
[0.088s] -- The C compiler identification is GNU 9.4.0
[0.148s] -- The CXX compiler identification is GNU 9.4.0
[0.154s] -- Check for working C compiler: /usr/bin/cc
[0.208s] -- Check for working C compiler: /usr/bin/cc -- works
[0.209s] -- Detecting C compiler ABI info
[0.262s] -- Detecting C compiler ABI info - done
[0.275s] -- Detecting C compile features
[0.275s] -- Detecting C compile features - done
[0.278s] -- Check for working CXX compiler: /usr/bin/c++
[0.340s] -- Check for working CXX compiler: /usr/bin/c++ -- works
[0.341s] -- Detecting CXX compiler ABI info
[0.429s] -- Detecting CXX compiler ABI info - done
[0.445s] -- Detecting CXX compile features
[0.446s] -- Detecting CXX compile features - done
[0.447s] -- CMAKE_BUILD_TYPE is not set. setting it to 'Release'
[0.447s] CMake Warning (dev) at CMakeLists.txt:74 (set):
[0.447s]   implicitly converting 'Directory containing test data' to 'STRING' type.
[0.447s] This warning is for project developers.  Use -Wno-dev to suppress it.
[0.447s] 
[0.447s] CMake Warning (dev) at CMakeLists.txt:88 (set):
[0.447s]   implicitly converting 'install directory ' to 'STRING' type.
[0.447s] This warning is for project developers.  Use -Wno-dev to suppress it.
[0.447s] 
[0.478s] -- Found Git: /usr/bin/git (found version "2.25.1") 
[0.488s] -- Found Boost: /usr/lib/x86_64-linux-gnu/cmake/Boost-1.71.0/BoostConfig.cmake (found version "1.71.0")  
[0.488s] -- Found Boost: 1.71.0
[0.533s] -- [SuperFind] EXPAT found from system
[0.544s] -- [SuperFind] ZLIB found from system
[0.545s] -- [SuperFind] MiniZip found from system
[0.546s] -- [SuperFind] UriParser found from system
[0.554s] -- Configuring done
[0.576s] -- Generating done
[0.577s] -- Build files have been written to: /home/mete/catkin_ws2/build/LibKML
[0.581s] Invoked command in '/home/mete/catkin_ws2/build/LibKML' returned '0': /usr/bin/cmake /home/mete/catkin_ws2/src/libkml -DCMAKE_INSTALL_PREFIX=/home/mete/catkin_ws2/install/LibKML
[0.582s] Invoking command in '/home/mete/catkin_ws2/build/LibKML': /usr/bin/cmake --build /home/mete/catkin_ws2/build/LibKML -- -j12 -l12
[0.609s] [35m[1mScanning dependencies of target kmlbase[0m
[0.624s] [  2%] [32mBuilding CXX object src/kml/base/CMakeFiles/kmlbase.dir/attributes.cc.o[0m
[0.624s] [  2%] [32mBuilding C object src/kml/base/CMakeFiles/kmlbase.dir/contrib/minizip/unzip.c.o[0m
[0.624s] [  3%] [32mBuilding CXX object src/kml/base/CMakeFiles/kmlbase.dir/csv_splitter.cc.o[0m
[0.624s] [  3%] [32mBuilding CXX object src/kml/base/CMakeFiles/kmlbase.dir/expat_handler_ns.cc.o[0m
[0.625s] [  4%] [32mBuilding CXX object src/kml/base/CMakeFiles/kmlbase.dir/file.cc.o[0m
[0.625s] [  2%] [32mBuilding C object src/kml/base/CMakeFiles/kmlbase.dir/contrib/minizip/iomem_simple.c.o[0m
[0.625s] [  5%] [32mBuilding CXX object src/kml/base/CMakeFiles/kmlbase.dir/expat_parser.cc.o[0m
[0.625s] [  6%] [32mBuilding CXX object src/kml/base/CMakeFiles/kmlbase.dir/file_posix.cc.o[0m
[0.625s] [  7%] [32mBuilding CXX object src/kml/base/CMakeFiles/kmlbase.dir/localec.cc.o[0m
[0.625s] [  8%] [32mBuilding CXX object src/kml/base/CMakeFiles/kmlbase.dir/math_util.cc.o[0m
[0.625s] [  9%] [32mBuilding CXX object src/kml/base/CMakeFiles/kmlbase.dir/date_time.cc.o[0m
[0.625s] [  9%] [32mBuilding CXX object src/kml/base/CMakeFiles/kmlbase.dir/mimetypes.cc.o[0m
[0.668s] [ 10%] [32mBuilding CXX object src/kml/base/CMakeFiles/kmlbase.dir/referent.cc.o[0m
[0.697s] [ 11%] [32mBuilding CXX object src/kml/base/CMakeFiles/kmlbase.dir/string_util.cc.o[0m
[0.710s] [ 12%] [32mBuilding CXX object src/kml/base/CMakeFiles/kmlbase.dir/time_util.cc.o[0m
[0.729s] [ 13%] [32mBuilding CXX object src/kml/base/CMakeFiles/kmlbase.dir/uri_parser.cc.o[0m
[0.761s] [ 14%] [32mBuilding CXX object src/kml/base/CMakeFiles/kmlbase.dir/version.cc.o[0m
[0.791s] [ 14%] [32mBuilding CXX object src/kml/base/CMakeFiles/kmlbase.dir/xml_namespaces.cc.o[0m
[0.918s] [ 15%] [32mBuilding CXX object src/kml/base/CMakeFiles/kmlbase.dir/zip_file.cc.o[0m
[1.740s] [ 16%] [32m[1mLinking CXX shared library ../../../lib/libkmlbase.so[0m
[1.818s] [ 16%] Built target kmlbase
[1.828s] [35m[1mScanning dependencies of target kmlxsd[0m
[1.828s] [35m[1mScanning dependencies of target kmldom[0m
[1.840s] [ 19%] [32mBuilding CXX object src/kml/xsd/CMakeFiles/kmlxsd.dir/xsd_element.cc.o[0m
[1.840s] [ 19%] [32mBuilding CXX object src/kml/xsd/CMakeFiles/kmlxsd.dir/xsd_primitive_type.cc.o[0m
[1.841s] [ 19%] [32mBuilding CXX object src/kml/xsd/CMakeFiles/kmlxsd.dir/xsd_util.cc.o[0m
[1.842s] [ 20%] [32mBuilding CXX object src/kml/xsd/CMakeFiles/kmlxsd.dir/xsd_file.cc.o[0m
[1.842s] [ 20%] [32mBuilding CXX object src/kml/xsd/CMakeFiles/kmlxsd.dir/xsd_complex_type.cc.o[0m
[1.842s] [ 21%] [32mBuilding CXX object src/kml/xsd/CMakeFiles/kmlxsd.dir/xsd_handler.cc.o[0m
[1.843s] [ 22%] [32mBuilding CXX object src/kml/xsd/CMakeFiles/kmlxsd.dir/xst_parser.cc.o[0m
[1.867s] [ 25%] [32mBuilding CXX object src/kml/dom/CMakeFiles/kmldom.dir/abstractlatlonbox.cc.o[0m
[1.867s] [ 25%] [32mBuilding CXX object src/kml/dom/CMakeFiles/kmldom.dir/atom.cc.o[0m
[1.867s] [ 25%] [32mBuilding CXX object src/kml/dom/CMakeFiles/kmldom.dir/balloonstyle.cc.o[0m
[1.867s] [ 25%] [32mBuilding CXX object src/kml/dom/CMakeFiles/kmldom.dir/colorstyle.cc.o[0m
[1.867s] [ 26%] [32mBuilding CXX object src/kml/dom/CMakeFiles/kmldom.dir/abstractview.cc.o[0m
[2.201s] [ 27%] [32mBuilding CXX object src/kml/dom/CMakeFiles/kmldom.dir/container.cc.o[0m
[2.530s] In file included from [01m[K/home/mete/catkin_ws2/src/libkml/src/kml/dom/colorstyle.h:32[m[K,
[2.531s]                  from [01m[K/home/mete/catkin_ws2/src/libkml/src/kml/dom/colorstyle.cc:28[m[K:
[2.531s] [01m[K/home/mete/catkin_ws2/src/libkml/src/kml/base/color32.h:[m[K In member function ‘[01m[Kvirtual void kmldom::ColorStyle::AddElement(const ElementPtr&)[m[K’:
[2.531s] [01m[K/home/mete/catkin_ws2/src/libkml/src/kml/base/color32.h:59:20:[m[K [01;35m[Kwarning: [m[K‘[01m[K<anonymous>.kmlbase::Color32::color_abgr_[m[K’ may be used uninitialized in this function [[01;35m[K-Wmaybe-uninitialized[m[K]
[2.531s]    59 |     color_abgr_ = ([01;35m[Kcolor_abgr_[m[K & 0xffffff00) | value;
[2.531s]       |                    [01;35m[K^~~~~~~~~~~[m[K
[2.547s] [ 28%] [32mBuilding CXX object src/kml/dom/CMakeFiles/kmldom.dir/document.cc.o[0m
[2.583s] [ 29%] [32mBuilding CXX object src/kml/dom/CMakeFiles/kmldom.dir/element.cc.o[0m
[2.597s] [ 29%] [32mBuilding CXX object src/kml/dom/CMakeFiles/kmldom.dir/extendeddata.cc.o[0m
[2.681s] [ 30%] [32mBuilding CXX object src/kml/dom/CMakeFiles/kmldom.dir/feature.cc.o[0m
[2.743s] In file included from [01m[K/home/mete/catkin_ws2/src/libkml/src/kml/dom/balloonstyle.h:31[m[K,
[2.743s]                  from [01m[K/home/mete/catkin_ws2/src/libkml/src/kml/dom/balloonstyle.cc:28[m[K:
[2.743s] [01m[K/home/mete/catkin_ws2/src/libkml/src/kml/base/color32.h:[m[K In member function ‘[01m[Kvirtual void kmldom::BalloonStyle::AddElement(const ElementPtr&)[m[K’:
[2.744s] [01m[K/home/mete/catkin_ws2/src/libkml/src/kml/base/color32.h:59:20:[m[K [01;35m[Kwarning: [m[K‘[01m[K<anonymous>.kmlbase::Color32::color_abgr_[m[K’ may be used uninitialized in this function [[01;35m[K-Wmaybe-uninitialized[m[K]
[2.744s]    59 |     color_abgr_ = ([01;35m[Kcolor_abgr_[m[K & 0xffffff00) | value;
[2.744s]       |                    [01;35m[K^~~~~~~~~~~[m[K
[2.744s] [01m[K/home/mete/catkin_ws2/src/libkml/src/kml/base/color32.h:59:20:[m[K [01;35m[Kwarning: [m[K‘[01m[K<anonymous>.kmlbase::Color32::color_abgr_[m[K’ may be used uninitialized in this function [[01;35m[K-Wmaybe-uninitialized[m[K]
[2.744s]    59 |     color_abgr_ = ([01;35m[Kcolor_abgr_[m[K & 0xffffff00) | value;
[2.744s]       |                    [01;35m[K^~~~~~~~~~~[m[K
[2.810s] [ 31%] [32mBuilding CXX object src/kml/dom/CMakeFiles/kmldom.dir/folder.cc.o[0m
[2.887s] [ 32%] [32mBuilding CXX object src/kml/dom/CMakeFiles/kmldom.dir/geometry.cc.o[0m
[3.113s] [ 33%] [32mBuilding CXX object src/kml/dom/CMakeFiles/kmldom.dir/gx_timeprimitive.cc.o[0m
[3.466s] [ 34%] [32mBuilding CXX object src/kml/dom/CMakeFiles/kmldom.dir/gx_tour.cc.o[0m
[3.632s] [ 34%] [32mBuilding CXX object src/kml/dom/CMakeFiles/kmldom.dir/hotspot.cc.o[0m
[3.690s] [ 35%] [32m[1mLinking CXX shared library ../../../lib/libkmlxsd.so[0m
[3.730s] [ 36%] [32mBuilding CXX object src/kml/dom/CMakeFiles/kmldom.dir/iconstyle.cc.o[0m
[3.732s] [ 37%] [32mBuilding CXX object src/kml/dom/CMakeFiles/kmldom.dir/kml.cc.o[0m
[3.895s] [ 37%] Built target kmlxsd
[3.896s] [ 38%] [32mBuilding CXX object src/kml/dom/CMakeFiles/kmldom.dir/kml_cast.cc.o[0m
[3.911s] [ 39%] [32mBuilding CXX object src/kml/dom/CMakeFiles/kmldom.dir/kml_factory.cc.o[0m
[4.149s] [ 39%] [32mBuilding CXX object src/kml/dom/CMakeFiles/kmldom.dir/kml_handler.cc.o[0m
[4.202s] [ 40%] [32mBuilding CXX object src/kml/dom/CMakeFiles/kmldom.dir/kml_handler_ns.cc.o[0m
[4.567s] [ 41%] [32mBuilding CXX object src/kml/dom/CMakeFiles/kmldom.dir/labelstyle.cc.o[0m
[4.781s] [ 42%] [32mBuilding CXX object src/kml/dom/CMakeFiles/kmldom.dir/linestyle.cc.o[0m
[4.792s] [ 43%] [32mBuilding CXX object src/kml/dom/CMakeFiles/kmldom.dir/link.cc.o[0m
[4.961s] [ 44%] [32mBuilding CXX object src/kml/dom/CMakeFiles/kmldom.dir/liststyle.cc.o[0m
[5.163s] [ 44%] [32mBuilding CXX object src/kml/dom/CMakeFiles/kmldom.dir/model.cc.o[0m
[5.214s] [ 45%] [32mBuilding CXX object src/kml/dom/CMakeFiles/kmldom.dir/networklink.cc.o[0m
[5.292s] [ 46%] [32mBuilding CXX object src/kml/dom/CMakeFiles/kmldom.dir/networklinkcontrol.cc.o[0m
[5.315s] [ 47%] [32mBuilding CXX object src/kml/dom/CMakeFiles/kmldom.dir/object.cc.o[0m
[5.426s] [ 48%] [32mBuilding CXX object src/kml/dom/CMakeFiles/kmldom.dir/overlay.cc.o[0m
[5.505s] [ 49%] [32mBuilding CXX object src/kml/dom/CMakeFiles/kmldom.dir/parser.cc.o[0m
[5.525s] [ 49%] [32mBuilding CXX object src/kml/dom/CMakeFiles/kmldom.dir/placemark.cc.o[0m
[5.580s] [ 50%] [32mBuilding CXX object src/kml/dom/CMakeFiles/kmldom.dir/polystyle.cc.o[0m
[5.659s] [ 51%] [32mBuilding CXX object src/kml/dom/CMakeFiles/kmldom.dir/region.cc.o[0m
[5.791s] [ 52%] [32mBuilding CXX object src/kml/dom/CMakeFiles/kmldom.dir/schema.cc.o[0m
[6.466s] [ 53%] [32mBuilding CXX object src/kml/dom/CMakeFiles/kmldom.dir/serializer.cc.o[0m
[6.504s] [ 54%] [32mBuilding CXX object src/kml/dom/CMakeFiles/kmldom.dir/snippet.cc.o[0m
[6.593s] [ 54%] [32mBuilding CXX object src/kml/dom/CMakeFiles/kmldom.dir/style.cc.o[0m
[6.778s] [ 55%] [32mBuilding CXX object src/kml/dom/CMakeFiles/kmldom.dir/stylemap.cc.o[0m
[6.818s] In file included from [01m[K/home/mete/catkin_ws2/src/libkml/src/kml/dom/liststyle.h:32[m[K,
[6.819s]                  from [01m[K/home/mete/catkin_ws2/src/libkml/src/kml/dom/liststyle.cc:26[m[K:
[6.819s] [01m[K/home/mete/catkin_ws2/src/libkml/src/kml/base/color32.h:[m[K In member function ‘[01m[Kvirtual void kmldom::ListStyle::AddElement(const ElementPtr&)[m[K’:
[6.819s] [01m[K/home/mete/catkin_ws2/src/libkml/src/kml/base/color32.h:59:20:[m[K [01;35m[Kwarning: [m[K‘[01m[K<anonymous>.kmlbase::Color32::color_abgr_[m[K’ may be used uninitialized in this function [[01;35m[K-Wmaybe-uninitialized[m[K]
[6.819s]    59 |     color_abgr_ = ([01;35m[Kcolor_abgr_[m[K & 0xffffff00) | value;
[6.819s]       |                    [01;35m[K^~~~~~~~~~~[m[K
[6.829s] [ 56%] [32mBuilding CXX object src/kml/dom/CMakeFiles/kmldom.dir/styleselector.cc.o[0m
[6.898s] [ 57%] [32mBuilding CXX object src/kml/dom/CMakeFiles/kmldom.dir/substyle.cc.o[0m
[7.091s] [ 58%] [32mBuilding CXX object src/kml/dom/CMakeFiles/kmldom.dir/timeprimitive.cc.o[0m
[7.187s] [ 58%] [32mBuilding CXX object src/kml/dom/CMakeFiles/kmldom.dir/vec2.cc.o[0m
[7.316s] [ 59%] [32mBuilding CXX object src/kml/dom/CMakeFiles/kmldom.dir/visitor.cc.o[0m
[7.329s] [ 60%] [32mBuilding CXX object src/kml/dom/CMakeFiles/kmldom.dir/visitor_driver.cc.o[0m
[7.399s] [ 61%] [32mBuilding CXX object src/kml/dom/CMakeFiles/kmldom.dir/xal.cc.o[0m
[7.405s] In file included from [01m[K/home/mete/catkin_ws2/src/libkml/src/kml/dom/overlay.h:34[m[K,
[7.405s]                  from [01m[K/home/mete/catkin_ws2/src/libkml/src/kml/dom/overlay.cc:30[m[K:
[7.405s] [01m[K/home/mete/catkin_ws2/src/libkml/src/kml/base/color32.h:[m[K In member function ‘[01m[Kvirtual void kmldom::Overlay::AddElement(const ElementPtr&)[m[K’:
[7.405s] [01m[K/home/mete/catkin_ws2/src/libkml/src/kml/base/color32.h:59:20:[m[K [01;35m[Kwarning: [m[K‘[01m[K<anonymous>.kmlbase::Color32::color_abgr_[m[K’ may be used uninitialized in this function [[01;35m[K-Wmaybe-uninitialized[m[K]
[7.405s]    59 |     color_abgr_ = ([01;35m[Kcolor_abgr_[m[K & 0xffffff00) | value;
[7.405s]       |                    [01;35m[K^~~~~~~~~~~[m[K
[7.508s] [ 62%] [32mBuilding CXX object src/kml/dom/CMakeFiles/kmldom.dir/xml_serializer.cc.o[0m
[7.602s] [ 63%] [32mBuilding CXX object src/kml/dom/CMakeFiles/kmldom.dir/xsd.cc.o[0m
[8.955s] [ 63%] [32m[1mLinking CXX shared library ../../../lib/libkmldom.so[0m
[9.045s] [ 63%] Built target kmldom
[9.053s] [35m[1mScanning dependencies of target kmlengine[0m
[9.085s] [ 68%] [32mBuilding CXX object src/kml/engine/CMakeFiles/kmlengine.dir/find.cc.o[0m
[9.086s] [ 68%] [32mBuilding CXX object src/kml/engine/CMakeFiles/kmlengine.dir/feature_view.cc.o[0m
[9.086s] [ 68%] [32mBuilding CXX object src/kml/engine/CMakeFiles/kmlengine.dir/feature_balloon.cc.o[0m
[9.086s] [ 68%] [32mBuilding CXX object src/kml/engine/CMakeFiles/kmlengine.dir/entity_mapper.cc.o[0m
[9.086s] [ 68%] [32mBuilding CXX object src/kml/engine/CMakeFiles/kmlengine.dir/find_xml_namespaces.cc.o[0m
[9.086s] [ 69%] [32mBuilding CXX object src/kml/engine/CMakeFiles/kmlengine.dir/get_link_parents.cc.o[0m
[9.086s] [ 68%] [32mBuilding CXX object src/kml/engine/CMakeFiles/kmlengine.dir/clone.cc.o[0m
[9.086s] [ 70%] [32mBuilding CXX object src/kml/engine/CMakeFiles/kmlengine.dir/href.cc.o[0m
[9.086s] [ 71%] [32mBuilding CXX object src/kml/engine/CMakeFiles/kmlengine.dir/feature_visitor.cc.o[0m
[9.087s] [ 72%] [32mBuilding CXX object src/kml/engine/CMakeFiles/kmlengine.dir/get_links.cc.o[0m
[9.097s] [ 73%] [32mBuilding CXX object src/kml/engine/CMakeFiles/kmlengine.dir/id_mapper.cc.o[0m
[9.098s] [ 73%] [32mBuilding CXX object src/kml/engine/CMakeFiles/kmlengine.dir/kml_cache.cc.o[0m
[9.531s] [ 74%] [32mBuilding CXX object src/kml/engine/CMakeFiles/kmlengine.dir/kml_file.cc.o[0m
[10.537s] [ 75%] [32mBuilding CXX object src/kml/engine/CMakeFiles/kmlengine.dir/kml_stream.cc.o[0m
[10.601s] [ 76%] [32mBuilding CXX object src/kml/engine/CMakeFiles/kmlengine.dir/kml_uri.cc.o[0m
[10.618s] [ 77%] [32mBuilding CXX object src/kml/engine/CMakeFiles/kmlengine.dir/kmz_cache.cc.o[0m
[10.668s] [ 77%] [32mBuilding CXX object src/kml/engine/CMakeFiles/kmlengine.dir/kmz_file.cc.o[0m
[10.721s] [ 78%] [32mBuilding CXX object src/kml/engine/CMakeFiles/kmlengine.dir/link_util.cc.o[0m
[10.852s] [ 79%] [32mBuilding CXX object src/kml/engine/CMakeFiles/kmlengine.dir/location_util.cc.o[0m
[10.868s] [ 80%] [32mBuilding CXX object src/kml/engine/CMakeFiles/kmlengine.dir/merge.cc.o[0m
[10.872s] [ 81%] [32mBuilding CXX object src/kml/engine/CMakeFiles/kmlengine.dir/parse_old_schema.cc.o[0m
[10.983s] [ 82%] [32mBuilding CXX object src/kml/engine/CMakeFiles/kmlengine.dir/style_inliner.cc.o[0m
[11.090s] [ 82%] [32mBuilding CXX object src/kml/engine/CMakeFiles/kmlengine.dir/style_merger.cc.o[0m
[11.349s] [ 83%] [32mBuilding CXX object src/kml/engine/CMakeFiles/kmlengine.dir/style_resolver.cc.o[0m
[11.678s] [ 84%] [32mBuilding CXX object src/kml/engine/CMakeFiles/kmlengine.dir/style_splitter.cc.o[0m
[12.231s] [ 85%] [32mBuilding CXX object src/kml/engine/CMakeFiles/kmlengine.dir/update.cc.o[0m
[12.409s] [ 86%] [32mBuilding CXX object src/kml/engine/CMakeFiles/kmlengine.dir/update_processor.cc.o[0m
[13.500s] [ 87%] [32m[1mLinking CXX shared library ../../../lib/libkmlengine.so[0m
[13.576s] [ 87%] Built target kmlengine
[13.584s] [35m[1mScanning dependencies of target kmlconvenience[0m
[13.605s] [ 88%] [32mBuilding CXX object src/kml/convenience/CMakeFiles/kmlconvenience.dir/convenience.cc.o[0m
[13.607s] [ 89%] [32mBuilding CXX object src/kml/convenience/CMakeFiles/kmlconvenience.dir/atom_util.cc.o[0m
[13.607s] [ 90%] [32mBuilding CXX object src/kml/convenience/CMakeFiles/kmlconvenience.dir/csv_parser.cc.o[0m
[13.607s] [ 90%] [32mBuilding CXX object src/kml/convenience/CMakeFiles/kmlconvenience.dir/csv_file.cc.o[0m
[13.607s] [ 91%] [32mBuilding CXX object src/kml/convenience/CMakeFiles/kmlconvenience.dir/feature_list.cc.o[0m
[13.608s] [ 92%] [32mBuilding CXX object src/kml/convenience/CMakeFiles/kmlconvenience.dir/google_doc_list.cc.o[0m
[13.608s] [ 92%] [32mBuilding CXX object src/kml/convenience/CMakeFiles/kmlconvenience.dir/google_spreadsheets.cc.o[0m
[13.608s] [ 93%] [32mBuilding CXX object src/kml/convenience/CMakeFiles/kmlconvenience.dir/google_picasa_web.cc.o[0m
[13.608s] [ 94%] [32mBuilding CXX object src/kml/convenience/CMakeFiles/kmlconvenience.dir/google_maps_data.cc.o[0m
[13.608s] [ 95%] [32mBuilding CXX object src/kml/convenience/CMakeFiles/kmlconvenience.dir/http_client.cc.o[0m
[13.608s] [ 96%] [32mBuilding CXX object src/kml/convenience/CMakeFiles/kmlconvenience.dir/kmz_check_links.cc.o[0m
[15.419s] [ 97%] [32m[1mLinking CXX shared library ../../../lib/libkmlconvenience.so[0m
[15.483s] [ 97%] Built target kmlconvenience
[15.491s] [35m[1mScanning dependencies of target kmlregionator[0m
[15.506s] [ 99%] [32mBuilding CXX object src/kml/regionator/CMakeFiles/kmlregionator.dir/regionator_util.cc.o[0m
[15.507s] [ 99%] [32mBuilding CXX object src/kml/regionator/CMakeFiles/kmlregionator.dir/regionator.cc.o[0m
[15.507s] [ 99%] [32mBuilding CXX object src/kml/regionator/CMakeFiles/kmlregionator.dir/feature_list_region_handler.cc.o[0m
[16.487s] [100%] [32m[1mLinking CXX shared library ../../../lib/libkmlregionator.so[0m
[16.549s] [100%] Built target kmlregionator
[16.558s] Invoked command in '/home/mete/catkin_ws2/build/LibKML' returned '0': /usr/bin/cmake --build /home/mete/catkin_ws2/build/LibKML -- -j12 -l12
[16.577s] Invoking command in '/home/mete/catkin_ws2/build/LibKML': /usr/bin/cmake --install /home/mete/catkin_ws2/build/LibKML
[16.583s] -- Install configuration: "Release"
[16.583s] -- Installing: /home/mete/catkin_ws2/install/LibKML/lib/pkgconfig/libkml.pc
[16.583s] -- Installing: /home/mete/catkin_ws2/install/LibKML/lib/cmake/libkml/LibKMLConfig.cmake
[16.583s] -- Installing: /home/mete/catkin_ws2/install/LibKML/lib/cmake/libkml/LibKMLConfigVersion.cmake
[16.583s] -- Installing: /home/mete/catkin_ws2/install/LibKML/lib/cmake/libkml/LibKMLTargets.cmake
[16.583s] -- Installing: /home/mete/catkin_ws2/install/LibKML/lib/cmake/libkml/LibKMLTargets-release.cmake
[16.584s] -- Installing: /home/mete/catkin_ws2/install/LibKML/include/kml/dom.h
[16.584s] -- Installing: /home/mete/catkin_ws2/install/LibKML/include/kml/engine.h
[16.584s] -- Installing: /home/mete/catkin_ws2/install/LibKML/include/kml/base/attributes.h
[16.584s] -- Installing: /home/mete/catkin_ws2/install/LibKML/include/kml/base/csv_splitter.h
[16.584s] -- Installing: /home/mete/catkin_ws2/install/LibKML/include/kml/base/date_time.h
[16.584s] -- Installing: /home/mete/catkin_ws2/install/LibKML/include/kml/base/color32.h
[16.584s] -- Installing: /home/mete/catkin_ws2/install/LibKML/include/kml/base/expat_handler.h
[16.584s] -- Installing: /home/mete/catkin_ws2/install/LibKML/include/kml/base/expat_handler_ns.h
[16.585s] -- Installing: /home/mete/catkin_ws2/install/LibKML/include/kml/base/expat_parser.h
[16.585s] -- Installing: /home/mete/catkin_ws2/install/LibKML/include/kml/base/file.h
[16.585s] -- Installing: /home/mete/catkin_ws2/install/LibKML/include/kml/base/math_util.h
[16.585s] -- Installing: /home/mete/catkin_ws2/install/LibKML/include/kml/base/memory_file.h
[16.585s] -- Installing: /home/mete/catkin_ws2/install/LibKML/include/kml/base/mimetypes.h
[16.585s] -- Installing: /home/mete/catkin_ws2/install/LibKML/include/kml/base/net_cache.h
[16.585s] -- Installing: /home/mete/catkin_ws2/install/LibKML/include/kml/base/referent.h
[16.585s] -- Installing: /home/mete/catkin_ws2/install/LibKML/include/kml/base/string_util.h
[16.585s] -- Installing: /home/mete/catkin_ws2/install/LibKML/include/kml/base/tempfile.h
[16.585s] -- Installing: /home/mete/catkin_ws2/install/LibKML/include/kml/base/time_util.h
[16.585s] -- Installing: /home/mete/catkin_ws2/install/LibKML/include/kml/base/util.h
[16.585s] -- Installing: /home/mete/catkin_ws2/install/LibKML/include/kml/base/vec3.h
[16.586s] -- Installing: /home/mete/catkin_ws2/install/LibKML/include/kml/base/version.h
[16.586s] -- Installing: /home/mete/catkin_ws2/install/LibKML/include/kml/base/xml_element.h
[16.586s] -- Installing: /home/mete/catkin_ws2/install/LibKML/include/kml/base/xml_file.h
[16.586s] -- Installing: /home/mete/catkin_ws2/install/LibKML/include/kml/base/xml_namespaces.h
[16.586s] -- Installing: /home/mete/catkin_ws2/install/LibKML/include/kml/base/xmlns.h
[16.586s] -- Installing: /home/mete/catkin_ws2/install/LibKML/include/kml/base/zip_file.h
[16.586s] -- Installing: /home/mete/catkin_ws2/install/LibKML/lib/libkmlbase.so.1.3.1
[16.586s] -- Installing: /home/mete/catkin_ws2/install/LibKML/lib/libkmlbase.so.1
[16.586s] -- Set runtime path of "/home/mete/catkin_ws2/install/LibKML/lib/libkmlbase.so.1.3.1" to ""
[16.586s] -- Installing: /home/mete/catkin_ws2/install/LibKML/lib/libkmlbase.so
[16.587s] -- Installing: /home/mete/catkin_ws2/install/LibKML/include/kml/dom/abstractlatlonbox.h
[16.587s] -- Installing: /home/mete/catkin_ws2/install/LibKML/include/kml/dom/abstractview.h
[16.587s] -- Installing: /home/mete/catkin_ws2/install/LibKML/include/kml/dom/atom.h
[16.587s] -- Installing: /home/mete/catkin_ws2/install/LibKML/include/kml/dom/balloonstyle.h
[16.587s] -- Installing: /home/mete/catkin_ws2/install/LibKML/include/kml/dom/colorstyle.h
[16.587s] -- Installing: /home/mete/catkin_ws2/install/LibKML/include/kml/dom/container.h
[16.587s] -- Installing: /home/mete/catkin_ws2/install/LibKML/include/kml/dom/document.h
[16.587s] -- Installing: /home/mete/catkin_ws2/install/LibKML/include/kml/dom/element.h
[16.587s] -- Installing: /home/mete/catkin_ws2/install/LibKML/include/kml/dom/extendeddata.h
[16.587s] -- Installing: /home/mete/catkin_ws2/install/LibKML/include/kml/dom/feature.h
[16.587s] -- Installing: /home/mete/catkin_ws2/install/LibKML/include/kml/dom/folder.h
[16.587s] -- Installing: /home/mete/catkin_ws2/install/LibKML/include/kml/dom/geometry.h
[16.588s] -- Installing: /home/mete/catkin_ws2/install/LibKML/include/kml/dom/hotspot.h
[16.588s] -- Installing: /home/mete/catkin_ws2/install/LibKML/include/kml/dom/iconstyle.h
[16.588s] -- Installing: /home/mete/catkin_ws2/install/LibKML/include/kml/dom/kml.h
[16.588s] -- Installing: /home/mete/catkin_ws2/install/LibKML/include/kml/dom/kml22.h
[16.588s] -- Installing: /home/mete/catkin_ws2/install/LibKML/include/kml/dom/kml22.cc
[16.588s] -- Installing: /home/mete/catkin_ws2/install/LibKML/include/kml/dom/kml_cast.h
[16.588s] -- Installing: /home/mete/catkin_ws2/install/LibKML/include/kml/dom/kml_factory.h
[16.588s] -- Installing: /home/mete/catkin_ws2/install/LibKML/include/kml/dom/kml_funcs.h
[16.588s] -- Installing: /home/mete/catkin_ws2/install/LibKML/include/kml/dom/kml_ptr.h
[16.588s] -- Installing: /home/mete/catkin_ws2/install/LibKML/include/kml/dom/kmldom.h
[16.588s] -- Installing: /home/mete/catkin_ws2/install/LibKML/include/kml/dom/labelstyle.h
[16.588s] -- Installing: /home/mete/catkin_ws2/install/LibKML/include/kml/dom/linestyle.h
[16.588s] -- Installing: /home/mete/catkin_ws2/install/LibKML/include/kml/dom/link.h
[16.588s] -- Installing: /home/mete/catkin_ws2/install/LibKML/include/kml/dom/liststyle.h
[16.588s] -- Installing: /home/mete/catkin_ws2/install/LibKML/include/kml/dom/model.h
[16.589s] -- Installing: /home/mete/catkin_ws2/install/LibKML/include/kml/dom/networklink.h
[16.589s] -- Installing: /home/mete/catkin_ws2/install/LibKML/include/kml/dom/networklinkcontrol.h
[16.589s] -- Installing: /home/mete/catkin_ws2/install/LibKML/include/kml/dom/object.h
[16.589s] -- Installing: /home/mete/catkin_ws2/install/LibKML/include/kml/dom/overlay.h
[16.589s] -- Installing: /home/mete/catkin_ws2/install/LibKML/include/kml/dom/parser.h
[16.589s] -- Installing: /home/mete/catkin_ws2/install/LibKML/include/kml/dom/parser_observer.h
[16.589s] -- Installing: /home/mete/catkin_ws2/install/LibKML/include/kml/dom/placemark.h
[16.589s] -- Installing: /home/mete/catkin_ws2/install/LibKML/include/kml/dom/polystyle.h
[16.589s] -- Installing: /home/mete/catkin_ws2/install/LibKML/include/kml/dom/region.h
[16.589s] -- Installing: /home/mete/catkin_ws2/install/LibKML/include/kml/dom/schema.h
[16.589s] -- Installing: /home/mete/catkin_ws2/install/LibKML/include/kml/dom/snippet.h
[16.589s] -- Installing: /home/mete/catkin_ws2/install/LibKML/include/kml/dom/style.h
[16.589s] -- Installing: /home/mete/catkin_ws2/install/LibKML/include/kml/dom/stylemap.h
[16.589s] -- Installing: /home/mete/catkin_ws2/install/LibKML/include/kml/dom/styleselector.h
[16.589s] -- Installing: /home/mete/catkin_ws2/install/LibKML/include/kml/dom/substyle.h
[16.590s] -- Installing: /home/mete/catkin_ws2/install/LibKML/include/kml/dom/timeprimitive.h
[16.590s] -- Installing: /home/mete/catkin_ws2/install/LibKML/include/kml/dom/gx_timeprimitive.h
[16.590s] -- Installing: /home/mete/catkin_ws2/install/LibKML/include/kml/dom/gx_tour.h
[16.590s] -- Installing: /home/mete/catkin_ws2/install/LibKML/include/kml/dom/vec2.h
[16.590s] -- Installing: /home/mete/catkin_ws2/install/LibKML/include/kml/dom/xal.h
[16.590s] -- Installing: /home/mete/catkin_ws2/install/LibKML/include/kml/dom/xsd.h
[16.590s] -- Installing: /home/mete/catkin_ws2/install/LibKML/include/kml/dom/visitor.h
[16.590s] -- Installing: /home/mete/catkin_ws2/install/LibKML/include/kml/dom/visitor_driver.h
[16.590s] -- Installing: /home/mete/catkin_ws2/install/LibKML/lib/libkmldom.so.1.3.1
[16.591s] -- Installing: /home/mete/catkin_ws2/install/LibKML/lib/libkmldom.so.1
[16.591s] -- Installing: /home/mete/catkin_ws2/install/LibKML/lib/libkmldom.so
[16.591s] -- Installing: /home/mete/catkin_ws2/install/LibKML/include/kml/xsd/xsd_complex_type.h
[16.591s] -- Installing: /home/mete/catkin_ws2/install/LibKML/include/kml/xsd/xsd_element.h
[16.592s] -- Installing: /home/mete/catkin_ws2/install/LibKML/include/kml/xsd/xsd_file.h
[16.592s] -- Installing: /home/mete/catkin_ws2/install/LibKML/include/kml/xsd/xsd_handler.h
[16.592s] -- Installing: /home/mete/catkin_ws2/install/LibKML/include/kml/xsd/xsd_primitive_type.h
[16.592s] -- Installing: /home/mete/catkin_ws2/install/LibKML/include/kml/xsd/xsd_schema.h
[16.592s] -- Installing: /home/mete/catkin_ws2/install/LibKML/include/kml/xsd/xsd_simple_type.h
[16.592s] -- Installing: /home/mete/catkin_ws2/install/LibKML/include/kml/xsd/xsd_type.h
[16.592s] -- Installing: /home/mete/catkin_ws2/install/LibKML/include/kml/xsd/xsd_util.h
[16.592s] -- Installing: /home/mete/catkin_ws2/install/LibKML/include/kml/xsd/xst_parser.h
[16.592s] -- Installing: /home/mete/catkin_ws2/install/LibKML/lib/libkmlxsd.so.1.3.1
[16.592s] -- Installing: /home/mete/catkin_ws2/install/LibKML/lib/libkmlxsd.so.1
[16.592s] -- Installing: /home/mete/catkin_ws2/install/LibKML/lib/libkmlxsd.so
[16.593s] -- Installing: /home/mete/catkin_ws2/install/LibKML/include/kml/engine/bbox.h
[16.593s] -- Installing: /home/mete/catkin_ws2/install/LibKML/include/kml/engine/clone.h
[16.593s] -- Installing: /home/mete/catkin_ws2/install/LibKML/include/kml/engine/engine_types.h
[16.593s] -- Installing: /home/mete/catkin_ws2/install/LibKML/include/kml/engine/entity_mapper.h
[16.593s] -- Installing: /home/mete/catkin_ws2/install/LibKML/include/kml/engine/feature_balloon.h
[16.593s] -- Installing: /home/mete/catkin_ws2/install/LibKML/include/kml/engine/feature_view.h
[16.593s] -- Installing: /home/mete/catkin_ws2/install/LibKML/include/kml/engine/feature_visitor.h
[16.593s] -- Installing: /home/mete/catkin_ws2/install/LibKML/include/kml/engine/find.h
[16.593s] -- Installing: /home/mete/catkin_ws2/install/LibKML/include/kml/engine/find_xml_namespaces.h
[16.593s] -- Installing: /home/mete/catkin_ws2/install/LibKML/include/kml/engine/get_link_parents.h
[16.593s] -- Installing: /home/mete/catkin_ws2/install/LibKML/include/kml/engine/get_links.h
[16.594s] -- Installing: /home/mete/catkin_ws2/install/LibKML/include/kml/engine/href.h
[16.594s] -- Installing: /home/mete/catkin_ws2/install/LibKML/include/kml/engine/id_mapper.h
[16.594s] -- Installing: /home/mete/catkin_ws2/install/LibKML/include/kml/engine/kml_cache.h
[16.594s] -- Installing: /home/mete/catkin_ws2/install/LibKML/include/kml/engine/kml_file.h
[16.594s] -- Installing: /home/mete/catkin_ws2/install/LibKML/include/kml/engine/kml_stream.h
[16.594s] -- Installing: /home/mete/catkin_ws2/install/LibKML/include/kml/engine/kml_uri.h
[16.594s] -- Installing: /home/mete/catkin_ws2/install/LibKML/include/kml/engine/kmz_cache.h
[16.594s] -- Installing: /home/mete/catkin_ws2/install/LibKML/include/kml/engine/kmz_file.h
[16.594s] -- Installing: /home/mete/catkin_ws2/install/LibKML/include/kml/engine/link_util.h
[16.594s] -- Installing: /home/mete/catkin_ws2/install/LibKML/include/kml/engine/location_util.h
[16.594s] -- Installing: /home/mete/catkin_ws2/install/LibKML/include/kml/engine/merge.h
[16.594s] -- Installing: /home/mete/catkin_ws2/install/LibKML/include/kml/engine/object_id_parser_observer.h
[16.594s] -- Installing: /home/mete/catkin_ws2/install/LibKML/include/kml/engine/old_schema_parser_observer.h
[16.594s] -- Installing: /home/mete/catkin_ws2/install/LibKML/include/kml/engine/parse_old_schema.h
[16.595s] -- Installing: /home/mete/catkin_ws2/install/LibKML/include/kml/engine/schema_parser_observer.h
[16.595s] -- Installing: /home/mete/catkin_ws2/install/LibKML/include/kml/engine/shared_style_parser_observer.h
[16.595s] -- Installing: /home/mete/catkin_ws2/install/LibKML/include/kml/engine/style_inliner.h
[16.595s] -- Installing: /home/mete/catkin_ws2/install/LibKML/include/kml/engine/style_merger.h
[16.595s] -- Installing: /home/mete/catkin_ws2/install/LibKML/include/kml/engine/style_resolver.h
[16.595s] -- Installing: /home/mete/catkin_ws2/install/LibKML/include/kml/engine/style_splitter.h
[16.595s] -- Installing: /home/mete/catkin_ws2/install/LibKML/include/kml/engine/update.h
[16.595s] -- Installing: /home/mete/catkin_ws2/install/LibKML/lib/libkmlengine.so.1.3.1
[16.595s] -- Installing: /home/mete/catkin_ws2/install/LibKML/lib/libkmlengine.so.1
[16.595s] -- Installing: /home/mete/catkin_ws2/install/LibKML/lib/libkmlengine.so
[16.596s] -- Installing: /home/mete/catkin_ws2/install/LibKML/include/kml/convenience/atom_util.h
[16.596s] -- Installing: /home/mete/catkin_ws2/install/LibKML/include/kml/convenience/convenience.h
[16.596s] -- Installing: /home/mete/catkin_ws2/install/LibKML/include/kml/convenience/csv_file.h
[16.596s] -- Installing: /home/mete/catkin_ws2/install/LibKML/include/kml/convenience/csv_parser.h
[16.596s] -- Installing: /home/mete/catkin_ws2/install/LibKML/include/kml/convenience/element_counter.h
[16.596s] -- Installing: /home/mete/catkin_ws2/install/LibKML/include/kml/convenience/feature_list.h
[16.596s] -- Installing: /home/mete/catkin_ws2/install/LibKML/include/kml/convenience/google_doc_list.h
[16.596s] -- Installing: /home/mete/catkin_ws2/install/LibKML/include/kml/convenience/google_maps_data.h
[16.596s] -- Installing: /home/mete/catkin_ws2/install/LibKML/include/kml/convenience/google_picasa_web.h
[16.596s] -- Installing: /home/mete/catkin_ws2/install/LibKML/include/kml/convenience/google_spreadsheets.h
[16.596s] -- Installing: /home/mete/catkin_ws2/install/LibKML/include/kml/convenience/gpx_trk_pt_handler.h
[16.596s] -- Installing: /home/mete/catkin_ws2/install/LibKML/include/kml/convenience/http_client.h
[16.597s] -- Installing: /home/mete/catkin_ws2/install/LibKML/include/kml/convenience/kml_feature_list_saver.h
[16.597s] -- Installing: /home/mete/catkin_ws2/install/LibKML/include/kml/convenience/kmz_check_links.h
[16.597s] -- Installing: /home/mete/catkin_ws2/install/LibKML/lib/libkmlconvenience.so.1.3.1
[16.597s] -- Installing: /home/mete/catkin_ws2/install/LibKML/lib/libkmlconvenience.so.1
[16.597s] -- Installing: /home/mete/catkin_ws2/install/LibKML/lib/libkmlconvenience.so
[16.597s] -- Installing: /home/mete/catkin_ws2/install/LibKML/include/kml/regionator/feature_list_region_handler.h
[16.597s] -- Installing: /home/mete/catkin_ws2/install/LibKML/include/kml/regionator/feature_list_regionator.h
[16.598s] -- Installing: /home/mete/catkin_ws2/install/LibKML/include/kml/regionator/region_handler.h
[16.598s] -- Installing: /home/mete/catkin_ws2/install/LibKML/include/kml/regionator/regionator.h
[16.598s] -- Installing: /home/mete/catkin_ws2/install/LibKML/include/kml/regionator/regionator_qid.h
[16.598s] -- Installing: /home/mete/catkin_ws2/install/LibKML/include/kml/regionator/regionator_util.h
[16.598s] -- Installing: /home/mete/catkin_ws2/install/LibKML/lib/libkmlregionator.so.1.3.1
[16.598s] -- Installing: /home/mete/catkin_ws2/install/LibKML/lib/libkmlregionator.so.1
[16.598s] -- Installing: /home/mete/catkin_ws2/install/LibKML/lib/libkmlregionator.so
[16.602s] Invoked command in '/home/mete/catkin_ws2/build/LibKML' returned '0': /usr/bin/cmake --install /home/mete/catkin_ws2/build/LibKML
