-- Reading /home/mete/catkin_ws2/install/GeographicLib/lib/cmake/GeographicLib/geographiclib-config.cmake
-- GeographicLib configuration, version 2.1
--   ${GeographicLib_LIBRARIES} set to shared library
-- Found ament_cmake: 0.9.9 (/opt/ros/foxy/share/ament_cmake/cmake)
-- Using PYTHON_EXECUTABLE: /usr/bin/python3
-- Found ament_lint_auto: 0.9.6 (/opt/ros/foxy/share/ament_lint_auto/cmake)
-- Added test 'copyright' to check source files copyright and LICENSE
-- Added test 'cppcheck' to perform static code analysis on C / C++ code
-- Configured cppcheck include dirs: 
-- Configured cppcheck exclude dirs and/or files: 
-- Added test 'cpplint' to check C / C++ code against the Google style
-- Configured cpplint exclude dirs and/or files: 
-- Added test 'lint_cmake' to check CMake code style
-- Added test 'uncrustify' to check C / C++ code style
-- Configured uncrustify additional arguments: 
-- Added test 'xmllint' to check XML markup files
-- Configuring done
-- Generating done
-- Build files have been written to: /home/mete/catkin_ws2/build/parser
[ 50%] [32m[1mLinking CXX executable parser[0m
[100%] Built target parser
-- Install configuration: ""
-- Installing: /home/mete/catkin_ws2/install/parser/parser/parser
-- Set runtime path of "/home/mete/catkin_ws2/install/parser/parser/parser" to "/home/mete/catkin_ws2/install/GeographicLib/lib"
-- Up-to-date: /home/mete/catkin_ws2/install/parser/share/ament_index/resource_index/package_run_dependencies/parser
-- Up-to-date: /home/mete/catkin_ws2/install/parser/share/ament_index/resource_index/parent_prefix_path/parser
-- Up-to-date: /home/mete/catkin_ws2/install/parser/share/parser/environment/ament_prefix_path.sh
-- Installing: /home/mete/catkin_ws2/install/parser/share/parser/environment/ament_prefix_path.dsv
-- Up-to-date: /home/mete/catkin_ws2/install/parser/share/parser/environment/path.sh
-- Installing: /home/mete/catkin_ws2/install/parser/share/parser/environment/path.dsv
-- Up-to-date: /home/mete/catkin_ws2/install/parser/share/parser/local_setup.bash
-- Up-to-date: /home/mete/catkin_ws2/install/parser/share/parser/local_setup.sh
-- Up-to-date: /home/mete/catkin_ws2/install/parser/share/parser/local_setup.zsh
-- Installing: /home/mete/catkin_ws2/install/parser/share/parser/local_setup.dsv
-- Installing: /home/mete/catkin_ws2/install/parser/share/parser/package.dsv
-- Up-to-date: /home/mete/catkin_ws2/install/parser/share/ament_index/resource_index/packages/parser
-- Up-to-date: /home/mete/catkin_ws2/install/parser/share/parser/cmake/parserConfig.cmake
-- Up-to-date: /home/mete/catkin_ws2/install/parser/share/parser/cmake/parserConfig-version.cmake
-- Up-to-date: /home/mete/catkin_ws2/install/parser/share/parser/package.xml
