[0.022s] Invoking command in '/home/mete/catkin_ws2/build/parser': CMAKE_PREFIX_PATH=${CMAKE_PREFIX_PATH}:/opt/ros/foxy /usr/bin/cmake --build /home/mete/catkin_ws2/build/parser -- -j12 -l12
[0.041s] -- Reading /home/mete/catkin_ws2/install/GeographicLib/lib/cmake/GeographicLib/geographiclib-config.cmake
[0.041s] -- GeographicLib configuration, version 2.1
[0.042s] --   ${GeographicLib_LIBRARIES} set to shared library
[0.043s] -- Found ament_cmake: 0.9.9 (/opt/ros/foxy/share/ament_cmake/cmake)
[0.063s] -- Using PYTHON_EXECUTABLE: /usr/bin/python3
[0.223s] -- Found ament_lint_auto: 0.9.6 (/opt/ros/foxy/share/ament_lint_auto/cmake)
[0.271s] -- Added test 'copyright' to check source files copyright and LICENSE
[0.272s] -- Added test 'cppcheck' to perform static code analysis on C / C++ code
[0.272s] -- Configured cppcheck include dirs: 
[0.272s] -- Configured cppcheck exclude dirs and/or files: 
[0.272s] -- Added test 'cpplint' to check C / C++ code against the Google style
[0.272s] -- Configured cpplint exclude dirs and/or files: 
[0.273s] -- Added test 'lint_cmake' to check CMake code style
[0.273s] -- Added test 'uncrustify' to check C / C++ code style
[0.273s] -- Configured uncrustify additional arguments: 
[0.274s] -- Added test 'xmllint' to check XML markup files
[0.275s] -- Configuring done
[0.277s] -- Generating done
[0.278s] -- Build files have been written to: /home/mete/catkin_ws2/build/parser
[0.303s] [ 50%] [32m[1mLinking CXX executable parser[0m
[0.358s] [100%] Built target parser
[0.366s] Invoked command in '/home/mete/catkin_ws2/build/parser' returned '0': CMAKE_PREFIX_PATH=${CMAKE_PREFIX_PATH}:/opt/ros/foxy /usr/bin/cmake --build /home/mete/catkin_ws2/build/parser -- -j12 -l12
[0.385s] Invoking command in '/home/mete/catkin_ws2/build/parser': CMAKE_PREFIX_PATH=${CMAKE_PREFIX_PATH}:/opt/ros/foxy /usr/bin/cmake --install /home/mete/catkin_ws2/build/parser
[0.391s] -- Install configuration: ""
[0.391s] -- Installing: /home/mete/catkin_ws2/install/parser/parser/parser
[0.391s] -- Set runtime path of "/home/mete/catkin_ws2/install/parser/parser/parser" to "/home/mete/catkin_ws2/install/GeographicLib/lib"
[0.391s] -- Up-to-date: /home/mete/catkin_ws2/install/parser/share/ament_index/resource_index/package_run_dependencies/parser
[0.391s] -- Up-to-date: /home/mete/catkin_ws2/install/parser/share/ament_index/resource_index/parent_prefix_path/parser
[0.392s] -- Up-to-date: /home/mete/catkin_ws2/install/parser/share/parser/environment/ament_prefix_path.sh
[0.392s] -- Installing: /home/mete/catkin_ws2/install/parser/share/parser/environment/ament_prefix_path.dsv
[0.392s] -- Up-to-date: /home/mete/catkin_ws2/install/parser/share/parser/environment/path.sh
[0.392s] -- Installing: /home/mete/catkin_ws2/install/parser/share/parser/environment/path.dsv
[0.392s] -- Up-to-date: /home/mete/catkin_ws2/install/parser/share/parser/local_setup.bash
[0.392s] -- Up-to-date: /home/mete/catkin_ws2/install/parser/share/parser/local_setup.sh
[0.392s] -- Up-to-date: /home/mete/catkin_ws2/install/parser/share/parser/local_setup.zsh
[0.392s] -- Installing: /home/mete/catkin_ws2/install/parser/share/parser/local_setup.dsv
[0.392s] -- Installing: /home/mete/catkin_ws2/install/parser/share/parser/package.dsv
[0.392s] -- Up-to-date: /home/mete/catkin_ws2/install/parser/share/ament_index/resource_index/packages/parser
[0.392s] -- Up-to-date: /home/mete/catkin_ws2/install/parser/share/parser/cmake/parserConfig.cmake
[0.392s] -- Up-to-date: /home/mete/catkin_ws2/install/parser/share/parser/cmake/parserConfig-version.cmake
[0.392s] -- Up-to-date: /home/mete/catkin_ws2/install/parser/share/parser/package.xml
[0.395s] Invoked command in '/home/mete/catkin_ws2/build/parser' returned '0': CMAKE_PREFIX_PATH=${CMAKE_PREFIX_PATH}:/opt/ros/foxy /usr/bin/cmake --install /home/mete/catkin_ws2/build/parser
