[0.024s] Invoking command in '/home/mete/catkin_ws2/build/parser': CMAKE_PREFIX_PATH=${CMAKE_PREFIX_PATH}:/opt/ros/foxy /usr/bin/cmake --build /home/mete/catkin_ws2/build/parser -- -j12 -l12
[0.061s] [35m[1mScanning dependencies of target local_cartesian[0m
[0.072s] [ 50%] Built target parser_geo
[0.093s] [ 75%] [32mBuilding CXX object CMakeFiles/local_cartesian.dir/src/local_cartesian.cpp.o[0m
[0.229s] [01m[K/home/mete/catkin_ws2/src/parser/src/local_cartesian.cpp:94:17:[m[K [01;35m[Kwarning: [m[Kcharacter constant too long for its type
[0.229s]    94 |       kmlfile = [01;35m[K'../catkin_ws2/src/parser/doc/Localization_Assignment_Test_Route.kml'[m[K;
[0.229s]       |                 [01;35m[K^~~~~~~~~~~~~~~~~~~~~~~~~~~~~~~~~~~~~~~~~~~~~~~~~~~~~~~~~~~~~~~~~~~~~[m[K
[1.561s] [01m[K/home/mete/catkin_ws2/src/parser/src/local_cartesian.cpp:[m[K In constructor ‘[01m[KMinimalPublisher::MinimalPublisher()[m[K’:
[1.561s] [01m[K/home/mete/catkin_ws2/src/parser/src/local_cartesian.cpp:94:17:[m[K [01;35m[Kwarning: [m[Koverflow in conversion from ‘[01m[Kint[m[K’ to ‘[01m[Kchar[m[K’ changes value from ‘[01m[K778792300[m[K’ to ‘[01m[K'l'[m[K’ [[01;35m[K-Woverflow[m[K]
[1.567s] [01m[K/home/mete/catkin_ws2/src/parser/src/local_cartesian.cpp:[m[K In member function ‘[01m[Kvoid MinimalPublisher::timer_callback()[m[K’:
[1.567s] [01m[K/home/mete/catkin_ws2/src/parser/src/local_cartesian.cpp:160:7:[m[K [01;31m[Kerror: [m[K‘[01m[Kpath_message[m[K’ was not declared in this scope
[1.567s]   160 |       [01;31m[Kpath_message[m[K.header.frame_id="map";
[1.567s]       |       [01;31m[K^~~~~~~~~~~~[m[K
[1.570s] [01m[K/home/mete/catkin_ws2/src/parser/src/local_cartesian.cpp:163:7:[m[K [01;31m[Kerror: [m[K‘[01m[Kthis_pose_stamped[m[K’ was not declared in this scope
[1.570s]   163 |       [01;31m[Kthis_pose_stamped[m[K.header.stamp = this->get_clock()->now();
[1.571s]       |       [01;31m[K^~~~~~~~~~~~~~~~~[m[K
[2.324s] make[2]: *** [CMakeFiles/local_cartesian.dir/build.make:63: CMakeFiles/local_cartesian.dir/src/local_cartesian.cpp.o] Error 1
[2.324s] make[1]: *** [CMakeFiles/Makefile2:80: CMakeFiles/local_cartesian.dir/all] Error 2
[2.324s] make: *** [Makefile:141: all] Error 2
[2.326s] Invoked command in '/home/mete/catkin_ws2/build/parser' returned '2': CMAKE_PREFIX_PATH=${CMAKE_PREFIX_PATH}:/opt/ros/foxy /usr/bin/cmake --build /home/mete/catkin_ws2/build/parser -- -j12 -l12
