[0.110s] DEBUG:colcon:Command line arguments: ['/usr/bin/colcon', 'build']
[0.110s] DEBUG:colcon:Parsed command line arguments: Namespace(allow_overriding=[], ament_cmake_args=None, base_paths=['.'], build_base='build', catkin_cmake_args=None, catkin_skip_building_tests=False, cmake_args=None, cmake_clean_cache=False, cmake_clean_first=False, cmake_force_configure=False, cmake_target=None, cmake_target_skip_unavailable=False, continue_on_error=False, event_handlers=None, executor='parallel', ignore_user_meta=False, install_base='install', log_base=None, log_level=None, main=<bound method BuildVerb.main of <colcon_core.verb.build.BuildVerb object at 0x7fe6f491cca0>>, merge_install=False, metas=['./colcon.meta'], packages_above=None, packages_above_and_dependencies=None, packages_above_depth=None, packages_end=None, packages_ignore=None, packages_ignore_regex=None, packages_select=None, packages_select_build_failed=False, packages_select_by_dep=None, packages_select_regex=None, packages_select_test_failures=False, packages_skip=None, packages_skip_build_finished=False, packages_skip_by_dep=None, packages_skip_regex=None, packages_skip_test_passed=False, packages_skip_up_to=None, packages_start=None, packages_up_to=None, packages_up_to_regex=None, parallel_workers=12, paths=None, symlink_install=False, test_result_base=None, verb_extension=<colcon_core.verb.build.BuildVerb object at 0x7fe6f491cca0>, verb_name='build', verb_parser=<colcon_defaults.argument_parser.defaults.DefaultArgumentsDecorator object at 0x7fe6f4925250>)
[0.128s] Level 1:colcon.colcon_core.package_discovery:discover_packages(colcon_meta) check parameters
[0.128s] Level 1:colcon.colcon_core.package_discovery:discover_packages(recursive) check parameters
[0.128s] Level 1:colcon.colcon_core.package_discovery:discover_packages(ignore) check parameters
[0.128s] Level 1:colcon.colcon_core.package_discovery:discover_packages(path) check parameters
[0.128s] Level 1:colcon.colcon_core.package_discovery:discover_packages(colcon_meta) discover
[0.128s] Level 1:colcon.colcon_core.package_discovery:discover_packages(recursive) discover
[0.128s] INFO:colcon.colcon_core.package_discovery:Crawling recursively for packages in '/home/mete/catkin_ws2'
[0.129s] Level 1:colcon.colcon_core.package_identification:_identify(.) by extensions ['ignore', 'ignore_ament_install']
[0.129s] Level 1:colcon.colcon_core.package_identification:_identify(.) by extension 'ignore'
[0.129s] Level 1:colcon.colcon_core.package_identification:_identify(.) by extension 'ignore_ament_install'
[0.129s] Level 1:colcon.colcon_core.package_identification:_identify(.) by extensions ['colcon_pkg']
[0.129s] Level 1:colcon.colcon_core.package_identification:_identify(.) by extension 'colcon_pkg'
[0.129s] Level 1:colcon.colcon_core.package_identification:_identify(.) by extensions ['colcon_meta']
[0.129s] Level 1:colcon.colcon_core.package_identification:_identify(.) by extension 'colcon_meta'
[0.129s] Level 1:colcon.colcon_core.package_identification:_identify(.) by extensions ['ros']
[0.129s] Level 1:colcon.colcon_core.package_identification:_identify(.) by extension 'ros'
[0.138s] Level 1:colcon.colcon_core.package_identification:_identify(.) by extensions ['cmake', 'python']
[0.138s] Level 1:colcon.colcon_core.package_identification:_identify(.) by extension 'cmake'
[0.138s] Level 1:colcon.colcon_core.package_identification:_identify(.) by extension 'python'
[0.138s] Level 1:colcon.colcon_core.package_identification:_identify(.) by extensions ['python_setup_py']
[0.138s] Level 1:colcon.colcon_core.package_identification:_identify(.) by extension 'python_setup_py'
[0.138s] Level 1:colcon.colcon_core.package_identification:_identify(build) by extensions ['ignore', 'ignore_ament_install']
[0.138s] Level 1:colcon.colcon_core.package_identification:_identify(build) by extension 'ignore'
[0.138s] Level 1:colcon.colcon_core.package_identification:_identify(build) ignored
[0.138s] Level 1:colcon.colcon_core.package_identification:_identify(install) by extensions ['ignore', 'ignore_ament_install']
[0.138s] Level 1:colcon.colcon_core.package_identification:_identify(install) by extension 'ignore'
[0.138s] Level 1:colcon.colcon_core.package_identification:_identify(install) ignored
[0.139s] Level 1:colcon.colcon_core.package_identification:_identify(log) by extensions ['ignore', 'ignore_ament_install']
[0.139s] Level 1:colcon.colcon_core.package_identification:_identify(log) by extension 'ignore'
[0.139s] Level 1:colcon.colcon_core.package_identification:_identify(log) ignored
[0.139s] Level 1:colcon.colcon_core.package_identification:_identify(src) by extensions ['ignore', 'ignore_ament_install']
[0.139s] Level 1:colcon.colcon_core.package_identification:_identify(src) by extension 'ignore'
[0.139s] Level 1:colcon.colcon_core.package_identification:_identify(src) by extension 'ignore_ament_install'
[0.139s] Level 1:colcon.colcon_core.package_identification:_identify(src) by extensions ['colcon_pkg']
[0.139s] Level 1:colcon.colcon_core.package_identification:_identify(src) by extension 'colcon_pkg'
[0.139s] Level 1:colcon.colcon_core.package_identification:_identify(src) by extensions ['colcon_meta']
[0.139s] Level 1:colcon.colcon_core.package_identification:_identify(src) by extension 'colcon_meta'
[0.139s] Level 1:colcon.colcon_core.package_identification:_identify(src) by extensions ['ros']
[0.139s] Level 1:colcon.colcon_core.package_identification:_identify(src) by extension 'ros'
[0.139s] Level 1:colcon.colcon_core.package_identification:_identify(src) by extensions ['cmake', 'python']
[0.139s] Level 1:colcon.colcon_core.package_identification:_identify(src) by extension 'cmake'
[0.139s] Level 1:colcon.colcon_core.package_identification:_identify(src) by extension 'python'
[0.139s] Level 1:colcon.colcon_core.package_identification:_identify(src) by extensions ['python_setup_py']
[0.139s] Level 1:colcon.colcon_core.package_identification:_identify(src) by extension 'python_setup_py'
[0.139s] Level 1:colcon.colcon_core.package_identification:_identify(src/GeographicLib-2.1) by extensions ['ignore', 'ignore_ament_install']
[0.139s] Level 1:colcon.colcon_core.package_identification:_identify(src/GeographicLib-2.1) by extension 'ignore'
[0.140s] Level 1:colcon.colcon_core.package_identification:_identify(src/GeographicLib-2.1) by extension 'ignore_ament_install'
[0.140s] Level 1:colcon.colcon_core.package_identification:_identify(src/GeographicLib-2.1) by extensions ['colcon_pkg']
[0.140s] Level 1:colcon.colcon_core.package_identification:_identify(src/GeographicLib-2.1) by extension 'colcon_pkg'
[0.140s] Level 1:colcon.colcon_core.package_identification:_identify(src/GeographicLib-2.1) by extensions ['colcon_meta']
[0.140s] Level 1:colcon.colcon_core.package_identification:_identify(src/GeographicLib-2.1) by extension 'colcon_meta'
[0.140s] Level 1:colcon.colcon_core.package_identification:_identify(src/GeographicLib-2.1) by extensions ['ros']
[0.140s] Level 1:colcon.colcon_core.package_identification:_identify(src/GeographicLib-2.1) by extension 'ros'
[0.140s] Level 1:colcon.colcon_core.package_identification:_identify(src/GeographicLib-2.1) by extensions ['cmake', 'python']
[0.140s] Level 1:colcon.colcon_core.package_identification:_identify(src/GeographicLib-2.1) by extension 'cmake'
[0.161s] Level 1:colcon.colcon_core.package_identification:_identify(src/GeographicLib-2.1) by extension 'python'
[0.161s] DEBUG:colcon.colcon_core.package_identification:Package 'src/GeographicLib-2.1' with type 'cmake' and name 'GeographicLib'
[0.161s] Level 1:colcon.colcon_core.package_identification:_identify(src/libkml) by extensions ['ignore', 'ignore_ament_install']
[0.161s] Level 1:colcon.colcon_core.package_identification:_identify(src/libkml) by extension 'ignore'
[0.161s] Level 1:colcon.colcon_core.package_identification:_identify(src/libkml) by extension 'ignore_ament_install'
[0.161s] Level 1:colcon.colcon_core.package_identification:_identify(src/libkml) by extensions ['colcon_pkg']
[0.161s] Level 1:colcon.colcon_core.package_identification:_identify(src/libkml) by extension 'colcon_pkg'
[0.161s] Level 1:colcon.colcon_core.package_identification:_identify(src/libkml) by extensions ['colcon_meta']
[0.161s] Level 1:colcon.colcon_core.package_identification:_identify(src/libkml) by extension 'colcon_meta'
[0.161s] Level 1:colcon.colcon_core.package_identification:_identify(src/libkml) by extensions ['ros']
[0.161s] Level 1:colcon.colcon_core.package_identification:_identify(src/libkml) by extension 'ros'
[0.161s] Level 1:colcon.colcon_core.package_identification:_identify(src/libkml) by extensions ['cmake', 'python']
[0.161s] Level 1:colcon.colcon_core.package_identification:_identify(src/libkml) by extension 'cmake'
[0.176s] Level 1:colcon.colcon_core.package_identification:_identify(src/libkml) by extension 'python'
[0.176s] DEBUG:colcon.colcon_core.package_identification:Package 'src/libkml' with type 'cmake' and name 'LibKML'
[0.176s] Level 1:colcon.colcon_core.package_identification:_identify(src/parser) by extensions ['ignore', 'ignore_ament_install']
[0.176s] Level 1:colcon.colcon_core.package_identification:_identify(src/parser) by extension 'ignore'
[0.176s] Level 1:colcon.colcon_core.package_identification:_identify(src/parser) by extension 'ignore_ament_install'
[0.176s] Level 1:colcon.colcon_core.package_identification:_identify(src/parser) by extensions ['colcon_pkg']
[0.176s] Level 1:colcon.colcon_core.package_identification:_identify(src/parser) by extension 'colcon_pkg'
[0.176s] Level 1:colcon.colcon_core.package_identification:_identify(src/parser) by extensions ['colcon_meta']
[0.176s] Level 1:colcon.colcon_core.package_identification:_identify(src/parser) by extension 'colcon_meta'
[0.176s] Level 1:colcon.colcon_core.package_identification:_identify(src/parser) by extensions ['ros']
[0.176s] Level 1:colcon.colcon_core.package_identification:_identify(src/parser) by extension 'ros'
[0.178s] DEBUG:colcon.colcon_core.package_identification:Package 'src/parser' with type 'ros.ament_cmake' and name 'parser'
[0.178s] Level 1:colcon.colcon_core.package_discovery:discover_packages(recursive) using defaults
[0.178s] Level 1:colcon.colcon_core.package_discovery:discover_packages(ignore) discover
[0.178s] Level 1:colcon.colcon_core.package_discovery:discover_packages(ignore) using defaults
[0.178s] Level 1:colcon.colcon_core.package_discovery:discover_packages(path) discover
[0.178s] Level 1:colcon.colcon_core.package_discovery:discover_packages(path) using defaults
[0.200s] Level 1:colcon.colcon_core.package_discovery:discover_packages(prefix_path) check parameters
[0.200s] Level 1:colcon.colcon_core.package_discovery:discover_packages(prefix_path) discover
[0.202s] DEBUG:colcon.colcon_installed_package_information.package_discovery:Found 1 installed packages in /home/mete/deneme/install
[0.203s] DEBUG:colcon.colcon_installed_package_information.package_discovery:Found 6 installed packages in /home/mete/catkin_ws2/install
[0.204s] DEBUG:colcon.colcon_installed_package_information.package_discovery:Found 5 installed packages in /home/mete/catkin_ws/install
[0.205s] DEBUG:colcon.colcon_installed_package_information.package_discovery:Found 256 installed packages in /opt/ros/foxy
[0.206s] Level 1:colcon.colcon_core.package_discovery:discover_packages(prefix_path) using defaults
[0.258s] WARNING:colcon.colcon_core.package_selection:Some selected packages are already built in one or more underlay workspaces:
	'GeographicLib' is in: /home/mete/catkin_ws2/install/GeographicLib
If a package in a merged underlay workspace is overridden and it installs headers, then all packages in the overlay must sort their include directories by workspace order. Failure to do so may result in build failures or undefined behavior at run time.
If the overridden package is used by another package in any underlay, then the overriding package in the overlay must be API and ABI compatible or undefined behavior at run time may occur.

If you understand the risks and want to override a package anyways, add the following to the command line:
	--allow-overriding GeographicLib

This may be promoted to an error in a future release of colcon-override-check.
[0.258s] Level 5:colcon.colcon_core.verb:set package 'GeographicLib' build argument 'cmake_args' from command line to 'None'
[0.259s] Level 5:colcon.colcon_core.verb:set package 'GeographicLib' build argument 'cmake_target' from command line to 'None'
[0.259s] Level 5:colcon.colcon_core.verb:set package 'GeographicLib' build argument 'cmake_target_skip_unavailable' from command line to 'False'
[0.259s] Level 5:colcon.colcon_core.verb:set package 'GeographicLib' build argument 'cmake_clean_cache' from command line to 'False'
[0.259s] Level 5:colcon.colcon_core.verb:set package 'GeographicLib' build argument 'cmake_clean_first' from command line to 'False'
[0.259s] Level 5:colcon.colcon_core.verb:set package 'GeographicLib' build argument 'cmake_force_configure' from command line to 'False'
[0.259s] Level 5:colcon.colcon_core.verb:set package 'GeographicLib' build argument 'ament_cmake_args' from command line to 'None'
[0.259s] Level 5:colcon.colcon_core.verb:set package 'GeographicLib' build argument 'catkin_cmake_args' from command line to 'None'
[0.259s] Level 5:colcon.colcon_core.verb:set package 'GeographicLib' build argument 'catkin_skip_building_tests' from command line to 'False'
[0.259s] DEBUG:colcon.colcon_core.verb:Building package 'GeographicLib' with the following arguments: {'ament_cmake_args': None, 'build_base': '/home/mete/catkin_ws2/build/GeographicLib', 'catkin_cmake_args': None, 'catkin_skip_building_tests': False, 'cmake_args': None, 'cmake_clean_cache': False, 'cmake_clean_first': False, 'cmake_force_configure': False, 'cmake_target': None, 'cmake_target_skip_unavailable': False, 'install_base': '/home/mete/catkin_ws2/install/GeographicLib', 'merge_install': False, 'path': '/home/mete/catkin_ws2/src/GeographicLib-2.1', 'symlink_install': False, 'test_result_base': None}
[0.259s] Level 5:colcon.colcon_core.verb:set package 'LibKML' build argument 'cmake_args' from command line to 'None'
[0.259s] Level 5:colcon.colcon_core.verb:set package 'LibKML' build argument 'cmake_target' from command line to 'None'
[0.260s] Level 5:colcon.colcon_core.verb:set package 'LibKML' build argument 'cmake_target_skip_unavailable' from command line to 'False'
[0.260s] Level 5:colcon.colcon_core.verb:set package 'LibKML' build argument 'cmake_clean_cache' from command line to 'False'
[0.260s] Level 5:colcon.colcon_core.verb:set package 'LibKML' build argument 'cmake_clean_first' from command line to 'False'
[0.260s] Level 5:colcon.colcon_core.verb:set package 'LibKML' build argument 'cmake_force_configure' from command line to 'False'
[0.260s] Level 5:colcon.colcon_core.verb:set package 'LibKML' build argument 'ament_cmake_args' from command line to 'None'
[0.260s] Level 5:colcon.colcon_core.verb:set package 'LibKML' build argument 'catkin_cmake_args' from command line to 'None'
[0.260s] Level 5:colcon.colcon_core.verb:set package 'LibKML' build argument 'catkin_skip_building_tests' from command line to 'False'
[0.260s] DEBUG:colcon.colcon_core.verb:Building package 'LibKML' with the following arguments: {'ament_cmake_args': None, 'build_base': '/home/mete/catkin_ws2/build/LibKML', 'catkin_cmake_args': None, 'catkin_skip_building_tests': False, 'cmake_args': None, 'cmake_clean_cache': False, 'cmake_clean_first': False, 'cmake_force_configure': False, 'cmake_target': None, 'cmake_target_skip_unavailable': False, 'install_base': '/home/mete/catkin_ws2/install/LibKML', 'merge_install': False, 'path': '/home/mete/catkin_ws2/src/libkml', 'symlink_install': False, 'test_result_base': None}
[0.260s] Level 5:colcon.colcon_core.verb:set package 'parser' build argument 'cmake_args' from command line to 'None'
[0.260s] Level 5:colcon.colcon_core.verb:set package 'parser' build argument 'cmake_target' from command line to 'None'
[0.260s] Level 5:colcon.colcon_core.verb:set package 'parser' build argument 'cmake_target_skip_unavailable' from command line to 'False'
[0.260s] Level 5:colcon.colcon_core.verb:set package 'parser' build argument 'cmake_clean_cache' from command line to 'False'
[0.261s] Level 5:colcon.colcon_core.verb:set package 'parser' build argument 'cmake_clean_first' from command line to 'False'
[0.261s] Level 5:colcon.colcon_core.verb:set package 'parser' build argument 'cmake_force_configure' from command line to 'False'
[0.261s] Level 5:colcon.colcon_core.verb:set package 'parser' build argument 'ament_cmake_args' from command line to 'None'
[0.261s] Level 5:colcon.colcon_core.verb:set package 'parser' build argument 'catkin_cmake_args' from command line to 'None'
[0.261s] Level 5:colcon.colcon_core.verb:set package 'parser' build argument 'catkin_skip_building_tests' from command line to 'False'
[0.261s] DEBUG:colcon.colcon_core.verb:Building package 'parser' with the following arguments: {'ament_cmake_args': None, 'build_base': '/home/mete/catkin_ws2/build/parser', 'catkin_cmake_args': None, 'catkin_skip_building_tests': False, 'cmake_args': None, 'cmake_clean_cache': False, 'cmake_clean_first': False, 'cmake_force_configure': False, 'cmake_target': None, 'cmake_target_skip_unavailable': False, 'install_base': '/home/mete/catkin_ws2/install/parser', 'merge_install': False, 'path': '/home/mete/catkin_ws2/src/parser', 'symlink_install': False, 'test_result_base': None}
[0.261s] INFO:colcon.colcon_core.executor:Executing jobs using 'parallel' executor
[0.264s] DEBUG:colcon.colcon_parallel_executor.executor.parallel:run_until_complete
[0.264s] INFO:colcon.colcon_cmake.task.cmake.build:Building CMake package in '/home/mete/catkin_ws2/src/GeographicLib-2.1'
[0.268s] INFO:colcon.colcon_core.plugin_system:Skipping extension 'colcon_core.shell.bat': Not used on non-Windows systems
[0.268s] INFO:colcon.colcon_core.shell:Skip shell extension 'powershell' for command environment: Not usable outside of PowerShell
[0.268s] DEBUG:colcon.colcon_core.shell:Skip shell extension 'dsv' for command environment
[0.276s] INFO:colcon.colcon_cmake.task.cmake.build:Building CMake package in '/home/mete/catkin_ws2/src/libkml'
[0.277s] INFO:colcon.colcon_core.shell:Skip shell extension 'powershell' for command environment: Not usable outside of PowerShell
[0.277s] DEBUG:colcon.colcon_core.shell:Skip shell extension 'dsv' for command environment
[0.283s] INFO:colcon.colcon_ros.task.ament_cmake.build:Building ROS package in '/home/mete/catkin_ws2/src/parser' with build type 'ament_cmake'
[0.283s] INFO:colcon.colcon_cmake.task.cmake.build:Building CMake package in '/home/mete/catkin_ws2/src/parser'
[0.286s] INFO:colcon.colcon_core.shell:Skip shell extension 'powershell' for command environment: Not usable outside of PowerShell
[0.286s] DEBUG:colcon.colcon_core.shell:Skip shell extension 'dsv' for command environment
[0.300s] DEBUG:colcon.colcon_core.event_handler.log_command:Invoking command in '/home/mete/catkin_ws2/build/GeographicLib': /usr/bin/cmake --build /home/mete/catkin_ws2/build/GeographicLib -- -j12 -l12
[0.305s] DEBUG:colcon.colcon_core.event_handler.log_command:Invoking command in '/home/mete/catkin_ws2/build/LibKML': /usr/bin/cmake --build /home/mete/catkin_ws2/build/LibKML -- -j12 -l12
[0.308s] DEBUG:colcon.colcon_core.event_handler.log_command:Invoking command in '/home/mete/catkin_ws2/build/parser': CMAKE_PREFIX_PATH=${CMAKE_PREFIX_PATH}:/opt/ros/foxy /usr/bin/cmake --build /home/mete/catkin_ws2/build/parser -- -j12 -l12
[0.411s] DEBUG:colcon.colcon_core.event_handler.log_command:Invoked command in '/home/mete/catkin_ws2/build/GeographicLib' returned '0': /usr/bin/cmake --build /home/mete/catkin_ws2/build/GeographicLib -- -j12 -l12
[0.447s] DEBUG:colcon.colcon_core.event_handler.log_command:Invoking command in '/home/mete/catkin_ws2/build/GeographicLib': /usr/bin/cmake --install /home/mete/catkin_ws2/build/GeographicLib
[0.463s] Level 1:colcon.colcon_core.environment:create_environment_scripts_only(GeographicLib)
[0.470s] Level 1:colcon.colcon_core.environment:checking '/home/mete/catkin_ws2/install/GeographicLib' for CMake module files
[0.470s] Level 1:colcon.colcon_core.environment:checking '/home/mete/catkin_ws2/install/GeographicLib' for CMake config files
[0.471s] Level 1:colcon.colcon_core.shell:create_environment_hook('GeographicLib', 'cmake_prefix_path')
[0.472s] INFO:colcon.colcon_core.shell:Creating environment hook '/home/mete/catkin_ws2/install/GeographicLib/share/GeographicLib/hook/cmake_prefix_path.ps1'
[0.472s] DEBUG:colcon.colcon_core.event_handler.log_command:Invoked command in '/home/mete/catkin_ws2/build/GeographicLib' returned '0': /usr/bin/cmake --install /home/mete/catkin_ws2/build/GeographicLib
[0.473s] INFO:colcon.colcon_core.shell:Creating environment descriptor '/home/mete/catkin_ws2/install/GeographicLib/share/GeographicLib/hook/cmake_prefix_path.dsv'
[0.473s] INFO:colcon.colcon_core.shell:Creating environment hook '/home/mete/catkin_ws2/install/GeographicLib/share/GeographicLib/hook/cmake_prefix_path.sh'
[0.474s] Level 1:colcon.colcon_core.environment:checking '/home/mete/catkin_ws2/install/GeographicLib/lib'
[0.474s] Level 1:colcon.colcon_core.shell:create_environment_hook('GeographicLib', 'ld_library_path_lib')
[0.475s] INFO:colcon.colcon_core.shell:Creating environment hook '/home/mete/catkin_ws2/install/GeographicLib/share/GeographicLib/hook/ld_library_path_lib.ps1'
[0.476s] INFO:colcon.colcon_core.shell:Creating environment descriptor '/home/mete/catkin_ws2/install/GeographicLib/share/GeographicLib/hook/ld_library_path_lib.dsv'
[0.476s] INFO:colcon.colcon_core.shell:Creating environment hook '/home/mete/catkin_ws2/install/GeographicLib/share/GeographicLib/hook/ld_library_path_lib.sh'
[0.476s] Level 1:colcon.colcon_core.environment:checking '/home/mete/catkin_ws2/install/GeographicLib/bin'
[0.476s] Level 1:colcon.colcon_core.shell:create_environment_hook('GeographicLib', 'path')
[0.477s] INFO:colcon.colcon_core.shell:Creating environment hook '/home/mete/catkin_ws2/install/GeographicLib/share/GeographicLib/hook/path.ps1'
[0.477s] INFO:colcon.colcon_core.shell:Creating environment descriptor '/home/mete/catkin_ws2/install/GeographicLib/share/GeographicLib/hook/path.dsv'
[0.478s] INFO:colcon.colcon_core.shell:Creating environment hook '/home/mete/catkin_ws2/install/GeographicLib/share/GeographicLib/hook/path.sh'
[0.478s] Level 1:colcon.colcon_core.environment:checking '/home/mete/catkin_ws2/install/GeographicLib/lib/pkgconfig/GeographicLib.pc'
[0.478s] Level 1:colcon.colcon_core.environment:checking '/home/mete/catkin_ws2/install/GeographicLib/lib/python3.8/site-packages'
[0.478s] Level 1:colcon.colcon_core.environment:checking '/home/mete/catkin_ws2/install/GeographicLib/bin'
[0.478s] Level 1:colcon.colcon_core.shell:create_environment_hook('GeographicLib', 'pythonscriptspath')
[0.479s] INFO:colcon.colcon_core.shell:Creating environment hook '/home/mete/catkin_ws2/install/GeographicLib/share/GeographicLib/hook/pythonscriptspath.ps1'
[0.480s] INFO:colcon.colcon_core.shell:Creating environment descriptor '/home/mete/catkin_ws2/install/GeographicLib/share/GeographicLib/hook/pythonscriptspath.dsv'
[0.480s] INFO:colcon.colcon_core.shell:Creating environment hook '/home/mete/catkin_ws2/install/GeographicLib/share/GeographicLib/hook/pythonscriptspath.sh'
[0.481s] INFO:colcon.colcon_core.shell:Creating package script '/home/mete/catkin_ws2/install/GeographicLib/share/GeographicLib/package.ps1'
[0.482s] INFO:colcon.colcon_core.shell:Creating package descriptor '/home/mete/catkin_ws2/install/GeographicLib/share/GeographicLib/package.dsv'
[0.482s] INFO:colcon.colcon_core.shell:Creating package script '/home/mete/catkin_ws2/install/GeographicLib/share/GeographicLib/package.sh'
[0.483s] INFO:colcon.colcon_core.shell:Creating package script '/home/mete/catkin_ws2/install/GeographicLib/share/GeographicLib/package.bash'
[0.484s] INFO:colcon.colcon_core.shell:Creating package script '/home/mete/catkin_ws2/install/GeographicLib/share/GeographicLib/package.zsh'
[0.484s] Level 1:colcon.colcon_core.environment:create_file_with_runtime_dependencies(/home/mete/catkin_ws2/install/GeographicLib/share/colcon-core/packages/GeographicLib)
[0.487s] DEBUG:colcon.colcon_core.event_handler.log_command:Invoked command in '/home/mete/catkin_ws2/build/LibKML' returned '0': /usr/bin/cmake --build /home/mete/catkin_ws2/build/LibKML -- -j12 -l12
[0.505s] DEBUG:colcon.colcon_core.event_handler.log_command:Invoking command in '/home/mete/catkin_ws2/build/LibKML': /usr/bin/cmake --install /home/mete/catkin_ws2/build/LibKML
[0.520s] Level 1:colcon.colcon_core.environment:create_environment_scripts_only(LibKML)
[0.522s] Level 1:colcon.colcon_core.environment:checking '/home/mete/catkin_ws2/install/LibKML' for CMake module files
[0.522s] Level 1:colcon.colcon_core.environment:checking '/home/mete/catkin_ws2/install/LibKML' for CMake config files
[0.523s] Level 1:colcon.colcon_core.shell:create_environment_hook('LibKML', 'cmake_prefix_path')
[0.524s] INFO:colcon.colcon_core.shell:Creating environment hook '/home/mete/catkin_ws2/install/LibKML/share/LibKML/hook/cmake_prefix_path.ps1'
[0.525s] INFO:colcon.colcon_core.shell:Creating environment descriptor '/home/mete/catkin_ws2/install/LibKML/share/LibKML/hook/cmake_prefix_path.dsv'
[0.525s] INFO:colcon.colcon_core.shell:Creating environment hook '/home/mete/catkin_ws2/install/LibKML/share/LibKML/hook/cmake_prefix_path.sh'
[0.526s] Level 1:colcon.colcon_core.environment:checking '/home/mete/catkin_ws2/install/LibKML/lib'
[0.526s] Level 1:colcon.colcon_core.shell:create_environment_hook('LibKML', 'ld_library_path_lib')
[0.527s] INFO:colcon.colcon_core.shell:Creating environment hook '/home/mete/catkin_ws2/install/LibKML/share/LibKML/hook/ld_library_path_lib.ps1'
[0.528s] INFO:colcon.colcon_core.shell:Creating environment descriptor '/home/mete/catkin_ws2/install/LibKML/share/LibKML/hook/ld_library_path_lib.dsv'
[0.528s] INFO:colcon.colcon_core.shell:Creating environment hook '/home/mete/catkin_ws2/install/LibKML/share/LibKML/hook/ld_library_path_lib.sh'
[0.528s] Level 1:colcon.colcon_core.environment:checking '/home/mete/catkin_ws2/install/LibKML/bin'
[0.529s] Level 1:colcon.colcon_core.environment:checking '/home/mete/catkin_ws2/install/LibKML/lib/pkgconfig/LibKML.pc'
[0.529s] Level 1:colcon.colcon_core.environment:checking '/home/mete/catkin_ws2/install/LibKML/lib/python3.8/site-packages'
[0.529s] Level 1:colcon.colcon_core.environment:checking '/home/mete/catkin_ws2/install/LibKML/bin'
[0.530s] INFO:colcon.colcon_core.shell:Creating package script '/home/mete/catkin_ws2/install/LibKML/share/LibKML/package.ps1'
[0.531s] INFO:colcon.colcon_core.shell:Creating package descriptor '/home/mete/catkin_ws2/install/LibKML/share/LibKML/package.dsv'
[0.531s] INFO:colcon.colcon_core.shell:Creating package script '/home/mete/catkin_ws2/install/LibKML/share/LibKML/package.sh'
[0.532s] INFO:colcon.colcon_core.shell:Creating package script '/home/mete/catkin_ws2/install/LibKML/share/LibKML/package.bash'
[0.532s] INFO:colcon.colcon_core.shell:Creating package script '/home/mete/catkin_ws2/install/LibKML/share/LibKML/package.zsh'
[0.533s] Level 1:colcon.colcon_core.environment:create_file_with_runtime_dependencies(/home/mete/catkin_ws2/install/LibKML/share/colcon-core/packages/LibKML)
[0.534s] DEBUG:colcon.colcon_core.event_handler.log_command:Invoked command in '/home/mete/catkin_ws2/build/LibKML' returned '0': /usr/bin/cmake --install /home/mete/catkin_ws2/build/LibKML
[3.389s] DEBUG:colcon.colcon_core.event_handler.log_command:Invoked command in '/home/mete/catkin_ws2/build/parser' returned '0': CMAKE_PREFIX_PATH=${CMAKE_PREFIX_PATH}:/opt/ros/foxy /usr/bin/cmake --build /home/mete/catkin_ws2/build/parser -- -j12 -l12
[3.410s] DEBUG:colcon.colcon_core.event_handler.log_command:Invoking command in '/home/mete/catkin_ws2/build/parser': CMAKE_PREFIX_PATH=${CMAKE_PREFIX_PATH}:/opt/ros/foxy /usr/bin/cmake --install /home/mete/catkin_ws2/build/parser
[3.420s] Level 1:colcon.colcon_core.environment:create_environment_scripts_only(parser)
[3.422s] Level 1:colcon.colcon_core.environment:checking '/home/mete/catkin_ws2/install/parser' for CMake module files
[3.422s] DEBUG:colcon.colcon_core.event_handler.log_command:Invoked command in '/home/mete/catkin_ws2/build/parser' returned '0': CMAKE_PREFIX_PATH=${CMAKE_PREFIX_PATH}:/opt/ros/foxy /usr/bin/cmake --install /home/mete/catkin_ws2/build/parser
[3.423s] Level 1:colcon.colcon_core.environment:checking '/home/mete/catkin_ws2/install/parser' for CMake config files
[3.423s] Level 1:colcon.colcon_core.shell:create_environment_hook('parser', 'cmake_prefix_path')
[3.424s] INFO:colcon.colcon_core.shell:Creating environment hook '/home/mete/catkin_ws2/install/parser/share/parser/hook/cmake_prefix_path.ps1'
[3.424s] INFO:colcon.colcon_core.shell:Creating environment descriptor '/home/mete/catkin_ws2/install/parser/share/parser/hook/cmake_prefix_path.dsv'
[3.425s] INFO:colcon.colcon_core.shell:Creating environment hook '/home/mete/catkin_ws2/install/parser/share/parser/hook/cmake_prefix_path.sh'
[3.425s] Level 1:colcon.colcon_core.environment:checking '/home/mete/catkin_ws2/install/parser/lib'
[3.425s] Level 1:colcon.colcon_core.environment:checking '/home/mete/catkin_ws2/install/parser/bin'
[3.425s] Level 1:colcon.colcon_core.environment:checking '/home/mete/catkin_ws2/install/parser/lib/pkgconfig/parser.pc'
[3.425s] Level 1:colcon.colcon_core.environment:checking '/home/mete/catkin_ws2/install/parser/lib/python3.8/site-packages'
[3.426s] Level 1:colcon.colcon_core.environment:checking '/home/mete/catkin_ws2/install/parser/bin'
[3.427s] INFO:colcon.colcon_core.shell:Creating package script '/home/mete/catkin_ws2/install/parser/share/parser/package.ps1'
[3.427s] INFO:colcon.colcon_core.shell:Creating package descriptor '/home/mete/catkin_ws2/install/parser/share/parser/package.dsv'
[3.427s] INFO:colcon.colcon_core.shell:Creating package script '/home/mete/catkin_ws2/install/parser/share/parser/package.sh'
[3.428s] INFO:colcon.colcon_core.shell:Creating package script '/home/mete/catkin_ws2/install/parser/share/parser/package.bash'
[3.428s] INFO:colcon.colcon_core.shell:Creating package script '/home/mete/catkin_ws2/install/parser/share/parser/package.zsh'
[3.428s] Level 1:colcon.colcon_core.environment:create_file_with_runtime_dependencies(/home/mete/catkin_ws2/install/parser/share/colcon-core/packages/parser)
[3.450s] Level 1:colcon.colcon_core.environment:create_environment_scripts_only(parser)
[3.452s] Level 1:colcon.colcon_core.environment:checking '/home/mete/catkin_ws2/install/parser' for CMake module files
[3.452s] Level 1:colcon.colcon_core.environment:checking '/home/mete/catkin_ws2/install/parser' for CMake config files
[3.452s] Level 1:colcon.colcon_core.shell:create_environment_hook('parser', 'cmake_prefix_path')
[3.453s] INFO:colcon.colcon_core.shell:Creating environment hook '/home/mete/catkin_ws2/install/parser/share/parser/hook/cmake_prefix_path.ps1'
[3.454s] INFO:colcon.colcon_core.shell:Creating environment descriptor '/home/mete/catkin_ws2/install/parser/share/parser/hook/cmake_prefix_path.dsv'
[3.454s] INFO:colcon.colcon_core.shell:Creating environment hook '/home/mete/catkin_ws2/install/parser/share/parser/hook/cmake_prefix_path.sh'
[3.455s] Level 1:colcon.colcon_core.environment:checking '/home/mete/catkin_ws2/install/parser/lib'
[3.455s] Level 1:colcon.colcon_core.environment:checking '/home/mete/catkin_ws2/install/parser/bin'
[3.455s] Level 1:colcon.colcon_core.environment:checking '/home/mete/catkin_ws2/install/parser/lib/pkgconfig/parser.pc'
[3.455s] Level 1:colcon.colcon_core.environment:checking '/home/mete/catkin_ws2/install/parser/lib/python3.8/site-packages'
[3.455s] Level 1:colcon.colcon_core.environment:checking '/home/mete/catkin_ws2/install/parser/bin'
[3.456s] INFO:colcon.colcon_core.shell:Creating package script '/home/mete/catkin_ws2/install/parser/share/parser/package.ps1'
[3.457s] INFO:colcon.colcon_core.shell:Creating package descriptor '/home/mete/catkin_ws2/install/parser/share/parser/package.dsv'
[3.457s] INFO:colcon.colcon_core.shell:Creating package script '/home/mete/catkin_ws2/install/parser/share/parser/package.sh'
[3.457s] INFO:colcon.colcon_core.shell:Creating package script '/home/mete/catkin_ws2/install/parser/share/parser/package.bash'
[3.458s] INFO:colcon.colcon_core.shell:Creating package script '/home/mete/catkin_ws2/install/parser/share/parser/package.zsh'
[3.458s] Level 1:colcon.colcon_core.environment:create_file_with_runtime_dependencies(/home/mete/catkin_ws2/install/parser/share/colcon-core/packages/parser)
[3.459s] DEBUG:colcon.colcon_parallel_executor.executor.parallel:closing loop
[3.459s] DEBUG:colcon.colcon_parallel_executor.executor.parallel:loop closed
[3.459s] DEBUG:colcon.colcon_parallel_executor.executor.parallel:run_until_complete finished with '0'
[3.459s] DEBUG:colcon.colcon_core.event_reactor:joining thread
[3.465s] INFO:colcon.colcon_core.plugin_system:Skipping extension 'colcon_notification.desktop_notification.terminal_notifier': Not used on non-Darwin systems
[3.465s] INFO:colcon.colcon_core.plugin_system:Skipping extension 'colcon_notification.desktop_notification.win32': Not used on non-Windows systems
[3.465s] INFO:colcon.colcon_notification.desktop_notification:Sending desktop notification using 'notify2'
[3.474s] DEBUG:colcon.colcon_core.event_reactor:joined thread
[3.475s] INFO:colcon.colcon_core.shell:Creating prefix script '/home/mete/catkin_ws2/install/local_setup.ps1'
[3.476s] INFO:colcon.colcon_core.shell:Creating prefix util module '/home/mete/catkin_ws2/install/_local_setup_util_ps1.py'
[3.477s] INFO:colcon.colcon_core.shell:Creating prefix chain script '/home/mete/catkin_ws2/install/setup.ps1'
[3.479s] INFO:colcon.colcon_core.shell:Creating prefix script '/home/mete/catkin_ws2/install/local_setup.sh'
[3.479s] INFO:colcon.colcon_core.shell:Creating prefix util module '/home/mete/catkin_ws2/install/_local_setup_util_sh.py'
[3.479s] INFO:colcon.colcon_core.shell:Creating prefix chain script '/home/mete/catkin_ws2/install/setup.sh'
[3.481s] INFO:colcon.colcon_core.shell:Creating prefix script '/home/mete/catkin_ws2/install/local_setup.bash'
[3.481s] INFO:colcon.colcon_core.shell:Creating prefix chain script '/home/mete/catkin_ws2/install/setup.bash'
[3.482s] INFO:colcon.colcon_core.shell:Creating prefix script '/home/mete/catkin_ws2/install/local_setup.zsh'
[3.483s] INFO:colcon.colcon_core.shell:Creating prefix chain script '/home/mete/catkin_ws2/install/setup.zsh'
