[01m[K/home/mete/catkin_ws2/src/parser/src/local_cartesian.cpp:[m[K In function ‘[01m[Kint main(int, char**)[m[K’:
[01m[K/home/mete/catkin_ws2/src/parser/src/local_cartesian.cpp:55:16:[m[K [01;31m[Kerror: [m[Kinvalid conversion from ‘[01m[Kconst char*[m[K’ to ‘[01m[Kchar[m[K’ [[01;31m[K-fpermissive[m[K]
   55 |   char satir = [01;31m[K" "[m[K;
      |                [01;31m[K^~~[m[K
      |                [01;31m[K|[m[K
      |                [01;31m[Kconst char*[m[K
[01m[K/home/mete/catkin_ws2/src/parser/src/local_cartesian.cpp:59:36:[m[K [01;31m[Kerror: [m[Kno matching function for call to ‘[01m[Kgetline(std::ifstream&, char&)[m[K’
   59 |     while ( getline(dosyaOku, satir[01;31m[K)[m[K ){
      |                                    [01;31m[K^[m[K
In file included from [01m[K/usr/include/c++/9/string:56[m[K,
                 from [01m[K/usr/include/c++/9/bits/locale_classes.h:40[m[K,
                 from [01m[K/usr/include/c++/9/bits/ios_base.h:41[m[K,
                 from [01m[K/usr/include/c++/9/ios:42[m[K,
                 from [01m[K/usr/include/c++/9/ostream:38[m[K,
                 from [01m[K/usr/include/c++/9/iostream:39[m[K,
                 from [01m[K/home/mete/catkin_ws2/src/parser/src/local_cartesian.cpp:3[m[K:
[01m[K/usr/include/c++/9/bits/basic_string.tcc:1538:5:[m[K [01;36m[Knote: [m[Kcandidate: ‘[01m[Ktemplate<class _CharT, class _Traits, class _Alloc> std::basic_istream<_CharT, _Traits>& std::getline(std::basic_istream<_CharT, _Traits>&, std::__cxx11::basic_string<_CharT, _Traits, _Alloc>&, _CharT)[m[K’
 1538 |     [01;36m[Kgetline[m[K(basic_istream<_CharT, _Traits>& __in,
      |     [01;36m[K^~~~~~~[m[K
[01m[K/usr/include/c++/9/bits/basic_string.tcc:1538:5:[m[K [01;36m[Knote: [m[K  template argument deduction/substitution failed:
[01m[K/home/mete/catkin_ws2/src/parser/src/local_cartesian.cpp:59:36:[m[K [01;36m[Knote: [m[K  mismatched types ‘[01m[Kstd::__cxx11::basic_string<_CharT, _Traits, _Alloc>[m[K’ and ‘[01m[Kchar[m[K’
   59 |     while ( getline(dosyaOku, satir[01;36m[K)[m[K ){
      |                                    [01;36m[K^[m[K
In file included from [01m[K/usr/include/c++/9/string:55[m[K,
                 from [01m[K/usr/include/c++/9/bits/locale_classes.h:40[m[K,
                 from [01m[K/usr/include/c++/9/bits/ios_base.h:41[m[K,
                 from [01m[K/usr/include/c++/9/ios:42[m[K,
                 from [01m[K/usr/include/c++/9/ostream:38[m[K,
                 from [01m[K/usr/include/c++/9/iostream:39[m[K,
                 from [01m[K/home/mete/catkin_ws2/src/parser/src/local_cartesian.cpp:3[m[K:
[01m[K/usr/include/c++/9/bits/basic_string.h:6459:5:[m[K [01;36m[Knote: [m[Kcandidate: ‘[01m[Ktemplate<class _CharT, class _Traits, class _Alloc> std::basic_istream<_CharT, _Traits>& std::getline(std::basic_istream<_CharT, _Traits>&, std::__cxx11::basic_string<_CharT, _Traits, _Alloc>&)[m[K’
 6459 |     [01;36m[Kgetline[m[K(basic_istream<_CharT, _Traits>& __is,
      |     [01;36m[K^~~~~~~[m[K
[01m[K/usr/include/c++/9/bits/basic_string.h:6459:5:[m[K [01;36m[Knote: [m[K  template argument deduction/substitution failed:
[01m[K/home/mete/catkin_ws2/src/parser/src/local_cartesian.cpp:59:36:[m[K [01;36m[Knote: [m[K  mismatched types ‘[01m[Kstd::__cxx11::basic_string<_CharT, _Traits, _Alloc>[m[K’ and ‘[01m[Kchar[m[K’
   59 |     while ( getline(dosyaOku, satir[01;36m[K)[m[K ){
      |                                    [01;36m[K^[m[K
In file included from [01m[K/usr/include/c++/9/string:55[m[K,
                 from [01m[K/usr/include/c++/9/bits/locale_classes.h:40[m[K,
                 from [01m[K/usr/include/c++/9/bits/ios_base.h:41[m[K,
                 from [01m[K/usr/include/c++/9/ios:42[m[K,
                 from [01m[K/usr/include/c++/9/ostream:38[m[K,
                 from [01m[K/usr/include/c++/9/iostream:39[m[K,
                 from [01m[K/home/mete/catkin_ws2/src/parser/src/local_cartesian.cpp:3[m[K:
[01m[K/usr/include/c++/9/bits/basic_string.h:6467:5:[m[K [01;36m[Knote: [m[Kcandidate: ‘[01m[Ktemplate<class _CharT, class _Traits, class _Alloc> std::basic_istream<_CharT, _Traits>& std::getline(std::basic_istream<_CharT, _Traits>&&, std::__cxx11::basic_string<_CharT, _Traits, _Alloc>&, _CharT)[m[K’
 6467 |     [01;36m[Kgetline[m[K(basic_istream<_CharT, _Traits>&& __is,
      |     [01;36m[K^~~~~~~[m[K
[01m[K/usr/include/c++/9/bits/basic_string.h:6467:5:[m[K [01;36m[Knote: [m[K  template argument deduction/substitution failed:
[01m[K/home/mete/catkin_ws2/src/parser/src/local_cartesian.cpp:59:36:[m[K [01;36m[Knote: [m[K  mismatched types ‘[01m[Kstd::__cxx11::basic_string<_CharT, _Traits, _Alloc>[m[K’ and ‘[01m[Kchar[m[K’
   59 |     while ( getline(dosyaOku, satir[01;36m[K)[m[K ){
      |                                    [01;36m[K^[m[K
In file included from [01m[K/usr/include/c++/9/string:55[m[K,
                 from [01m[K/usr/include/c++/9/bits/locale_classes.h:40[m[K,
                 from [01m[K/usr/include/c++/9/bits/ios_base.h:41[m[K,
                 from [01m[K/usr/include/c++/9/ios:42[m[K,
                 from [01m[K/usr/include/c++/9/ostream:38[m[K,
                 from [01m[K/usr/include/c++/9/iostream:39[m[K,
                 from [01m[K/home/mete/catkin_ws2/src/parser/src/local_cartesian.cpp:3[m[K:
[01m[K/usr/include/c++/9/bits/basic_string.h:6474:5:[m[K [01;36m[Knote: [m[Kcandidate: ‘[01m[Ktemplate<class _CharT, class _Traits, class _Alloc> std::basic_istream<_CharT, _Traits>& std::getline(std::basic_istream<_CharT, _Traits>&&, std::__cxx11::basic_string<_CharT, _Traits, _Alloc>&)[m[K’
 6474 |     [01;36m[Kgetline[m[K(basic_istream<_CharT, _Traits>&& __is,
      |     [01;36m[K^~~~~~~[m[K
[01m[K/usr/include/c++/9/bits/basic_string.h:6474:5:[m[K [01;36m[Knote: [m[K  template argument deduction/substitution failed:
[01m[K/home/mete/catkin_ws2/src/parser/src/local_cartesian.cpp:59:36:[m[K [01;36m[Knote: [m[K  mismatched types ‘[01m[Kstd::__cxx11::basic_string<_CharT, _Traits, _Alloc>[m[K’ and ‘[01m[Kchar[m[K’
   59 |     while ( getline(dosyaOku, satir[01;36m[K)[m[K ){
      |                                    [01;36m[K^[m[K
In file included from [01m[K/usr/include/c++/9/cstdio:42[m[K,
                 from [01m[K/usr/include/c++/9/ext/string_conversions.h:43[m[K,
                 from [01m[K/usr/include/c++/9/bits/basic_string.h:6496[m[K,
                 from [01m[K/usr/include/c++/9/string:55[m[K,
                 from [01m[K/usr/include/c++/9/bits/locale_classes.h:40[m[K,
                 from [01m[K/usr/include/c++/9/bits/ios_base.h:41[m[K,
                 from [01m[K/usr/include/c++/9/ios:42[m[K,
                 from [01m[K/usr/include/c++/9/ostream:38[m[K,
                 from [01m[K/usr/include/c++/9/iostream:39[m[K,
                 from [01m[K/home/mete/catkin_ws2/src/parser/src/local_cartesian.cpp:3[m[K:
[01m[K/usr/include/stdio.h:616:18:[m[K [01;36m[Knote: [m[Kcandidate: ‘[01m[K__ssize_t getline(char**, size_t*, FILE*)[m[K’
  616 | extern __ssize_t [01;36m[Kgetline[m[K (char **__restrict __lineptr,
      |                  [01;36m[K^~~~~~~[m[K
[01m[K/usr/include/stdio.h:616:18:[m[K [01;36m[Knote: [m[K  candidate expects 3 arguments, 2 provided
make[2]: *** [CMakeFiles/local_cartesian.dir/build.make:63: CMakeFiles/local_cartesian.dir/src/local_cartesian.cpp.o] Error 1
make[1]: *** [CMakeFiles/Makefile2:80: CMakeFiles/local_cartesian.dir/all] Error 2
make: *** [Makefile:141: all] Error 2
