[0.021s] Invoking command in '/home/mete/catkin_ws2/build/parser': CMAKE_PREFIX_PATH=${CMAKE_PREFIX_PATH}:/opt/ros/foxy /usr/bin/cmake --build /home/mete/catkin_ws2/build/parser -- -j12 -l12
[0.059s] [35m[1mScanning dependencies of target local_cartesian[0m
[0.070s] [ 50%] Built target parser_geo
[0.095s] [ 75%] [32mBuilding CXX object CMakeFiles/local_cartesian.dir/src/local_cartesian.cpp.o[0m
[1.568s] [01m[K/home/mete/catkin_ws2/src/parser/src/local_cartesian.cpp:[m[K In constructor ‘[01m[KMinimalPublisher::MinimalPublisher()[m[K’:
[1.568s] [01m[K/home/mete/catkin_ws2/src/parser/src/local_cartesian.cpp:90:25:[m[K [01;31m[Kerror: [m[Kno matching function for call to ‘[01m[Kto_string(kmlengine::KmlFilePtr&)[m[K’
[1.568s]    90 |       to_string(kml_file[01;31m[K)[m[K = "../catkin_ws2/src/parser/doc/Localization_Assignment_Test_Route.kml";
[1.569s]       |                         [01;31m[K^[m[K
[1.569s] In file included from [01m[K/usr/include/c++/9/string:55[m[K,
[1.569s]                  from [01m[K/usr/include/c++/9/bits/locale_classes.h:40[m[K,
[1.569s]                  from [01m[K/usr/include/c++/9/bits/ios_base.h:41[m[K,
[1.569s]                  from [01m[K/usr/include/c++/9/ios:42[m[K,
[1.569s]                  from [01m[K/usr/include/c++/9/ostream:38[m[K,
[1.569s]                  from [01m[K/usr/include/c++/9/iostream:39[m[K,
[1.569s]                  from [01m[K/home/mete/catkin_ws2/src/parser/src/local_cartesian.cpp:3[m[K:
[1.569s] [01m[K/usr/include/c++/9/bits/basic_string.h:6549:3:[m[K [01;36m[Knote: [m[Kcandidate: ‘[01m[Kstd::string std::__cxx11::to_string(int)[m[K’
[1.569s]  6549 |   [01;36m[Kto_string[m[K(int __val)
[1.569s]       |   [01;36m[K^~~~~~~~~[m[K
[1.569s] [01m[K/usr/include/c++/9/bits/basic_string.h:6549:17:[m[K [01;36m[Knote: [m[K  no known conversion for argument 1 from ‘[01m[Kkmlengine::KmlFilePtr[m[K’ {aka ‘[01m[Kboost::intrusive_ptr<kmlengine::KmlFile>[m[K’} to ‘[01m[Kint[m[K’
[1.569s]  6549 |   to_string([01;36m[Kint __val[m[K)
[1.569s]       |             [01;36m[K~~~~^~~~~[m[K
[1.569s] [01m[K/usr/include/c++/9/bits/basic_string.h:6554:3:[m[K [01;36m[Knote: [m[Kcandidate: ‘[01m[Kstd::string std::__cxx11::to_string(unsigned int)[m[K’
[1.569s]  6554 |   [01;36m[Kto_string[m[K(unsigned __val)
[1.569s]       |   [01;36m[K^~~~~~~~~[m[K
[1.569s] [01m[K/usr/include/c++/9/bits/basic_string.h:6554:22:[m[K [01;36m[Knote: [m[K  no known conversion for argument 1 from ‘[01m[Kkmlengine::KmlFilePtr[m[K’ {aka ‘[01m[Kboost::intrusive_ptr<kmlengine::KmlFile>[m[K’} to ‘[01m[Kunsigned int[m[K’
[1.569s]  6554 |   to_string([01;36m[Kunsigned __val[m[K)
[1.569s]       |             [01;36m[K~~~~~~~~~^~~~~[m[K
[1.569s] [01m[K/usr/include/c++/9/bits/basic_string.h:6560:3:[m[K [01;36m[Knote: [m[Kcandidate: ‘[01m[Kstd::string std::__cxx11::to_string(long int)[m[K’
[1.570s]  6560 |   [01;36m[Kto_string[m[K(long __val)
[1.570s]       |   [01;36m[K^~~~~~~~~[m[K
[1.570s] [01m[K/usr/include/c++/9/bits/basic_string.h:6560:18:[m[K [01;36m[Knote: [m[K  no known conversion for argument 1 from ‘[01m[Kkmlengine::KmlFilePtr[m[K’ {aka ‘[01m[Kboost::intrusive_ptr<kmlengine::KmlFile>[m[K’} to ‘[01m[Klong int[m[K’
[1.570s]  6560 |   to_string([01;36m[Klong __val[m[K)
[1.570s]       |             [01;36m[K~~~~~^~~~~[m[K
[1.570s] [01m[K/usr/include/c++/9/bits/basic_string.h:6565:3:[m[K [01;36m[Knote: [m[Kcandidate: ‘[01m[Kstd::string std::__cxx11::to_string(long unsigned int)[m[K’
[1.570s]  6565 |   [01;36m[Kto_string[m[K(unsigned long __val)
[1.570s]       |   [01;36m[K^~~~~~~~~[m[K
[1.570s] [01m[K/usr/include/c++/9/bits/basic_string.h:6565:27:[m[K [01;36m[Knote: [m[K  no known conversion for argument 1 from ‘[01m[Kkmlengine::KmlFilePtr[m[K’ {aka ‘[01m[Kboost::intrusive_ptr<kmlengine::KmlFile>[m[K’} to ‘[01m[Klong unsigned int[m[K’
[1.570s]  6565 |   to_string([01;36m[Kunsigned long __val[m[K)
[1.570s]       |             [01;36m[K~~~~~~~~~~~~~~^~~~~[m[K
[1.570s] [01m[K/usr/include/c++/9/bits/basic_string.h:6571:3:[m[K [01;36m[Knote: [m[Kcandidate: ‘[01m[Kstd::string std::__cxx11::to_string(long long int)[m[K’
[1.570s]  6571 |   [01;36m[Kto_string[m[K(long long __val)
[1.570s]       |   [01;36m[K^~~~~~~~~[m[K
[1.570s] [01m[K/usr/include/c++/9/bits/basic_string.h:6571:23:[m[K [01;36m[Knote: [m[K  no known conversion for argument 1 from ‘[01m[Kkmlengine::KmlFilePtr[m[K’ {aka ‘[01m[Kboost::intrusive_ptr<kmlengine::KmlFile>[m[K’} to ‘[01m[Klong long int[m[K’
[1.570s]  6571 |   to_string([01;36m[Klong long __val[m[K)
[1.570s]       |             [01;36m[K~~~~~~~~~~^~~~~[m[K
[1.571s] [01m[K/usr/include/c++/9/bits/basic_string.h:6577:3:[m[K [01;36m[Knote: [m[Kcandidate: ‘[01m[Kstd::string std::__cxx11::to_string(long long unsigned int)[m[K’
[1.571s]  6577 |   [01;36m[Kto_string[m[K(unsigned long long __val)
[1.571s]       |   [01;36m[K^~~~~~~~~[m[K
[1.571s] [01m[K/usr/include/c++/9/bits/basic_string.h:6577:32:[m[K [01;36m[Knote: [m[K  no known conversion for argument 1 from ‘[01m[Kkmlengine::KmlFilePtr[m[K’ {aka ‘[01m[Kboost::intrusive_ptr<kmlengine::KmlFile>[m[K’} to ‘[01m[Klong long unsigned int[m[K’
[1.571s]  6577 |   to_string([01;36m[Kunsigned long long __val[m[K)
[1.571s]       |             [01;36m[K~~~~~~~~~~~~~~~~~~~^~~~~[m[K
[1.571s] [01m[K/usr/include/c++/9/bits/basic_string.h:6583:3:[m[K [01;36m[Knote: [m[Kcandidate: ‘[01m[Kstd::string std::__cxx11::to_string(float)[m[K’
[1.571s]  6583 |   [01;36m[Kto_string[m[K(float __val)
[1.571s]       |   [01;36m[K^~~~~~~~~[m[K
[1.571s] [01m[K/usr/include/c++/9/bits/basic_string.h:6583:19:[m[K [01;36m[Knote: [m[K  no known conversion for argument 1 from ‘[01m[Kkmlengine::KmlFilePtr[m[K’ {aka ‘[01m[Kboost::intrusive_ptr<kmlengine::KmlFile>[m[K’} to ‘[01m[Kfloat[m[K’
[1.571s]  6583 |   to_string([01;36m[Kfloat __val[m[K)
[1.571s]       |             [01;36m[K~~~~~~^~~~~[m[K
[1.571s] [01m[K/usr/include/c++/9/bits/basic_string.h:6592:3:[m[K [01;36m[Knote: [m[Kcandidate: ‘[01m[Kstd::string std::__cxx11::to_string(double)[m[K’
[1.571s]  6592 |   [01;36m[Kto_string[m[K(double __val)
[1.571s]       |   [01;36m[K^~~~~~~~~[m[K
[1.571s] [01m[K/usr/include/c++/9/bits/basic_string.h:6592:20:[m[K [01;36m[Knote: [m[K  no known conversion for argument 1 from ‘[01m[Kkmlengine::KmlFilePtr[m[K’ {aka ‘[01m[Kboost::intrusive_ptr<kmlengine::KmlFile>[m[K’} to ‘[01m[Kdouble[m[K’
[1.571s]  6592 |   to_string([01;36m[Kdouble __val[m[K)
[1.571s]       |             [01;36m[K~~~~~~~^~~~~[m[K
[1.571s] [01m[K/usr/include/c++/9/bits/basic_string.h:6601:3:[m[K [01;36m[Knote: [m[Kcandidate: ‘[01m[Kstd::string std::__cxx11::to_string(long double)[m[K’
[1.571s]  6601 |   [01;36m[Kto_string[m[K(long double __val)
[1.572s]       |   [01;36m[K^~~~~~~~~[m[K
[1.572s] [01m[K/usr/include/c++/9/bits/basic_string.h:6601:25:[m[K [01;36m[Knote: [m[K  no known conversion for argument 1 from ‘[01m[Kkmlengine::KmlFilePtr[m[K’ {aka ‘[01m[Kboost::intrusive_ptr<kmlengine::KmlFile>[m[K’} to ‘[01m[Klong double[m[K’
[1.572s]  6601 |   to_string([01;36m[Klong double __val[m[K)
[1.572s]       |             [01;36m[K~~~~~~~~~~~~^~~~~[m[K
[1.572s] In file included from [01m[K/opt/ros/foxy/include/rclcpp/node_interfaces/node_parameters_interface.hpp:28[m[K,
[1.572s]                  from [01m[K/opt/ros/foxy/include/rclcpp/node.hpp:51[m[K,
[1.572s]                  from [01m[K/opt/ros/foxy/include/rclcpp/executors/single_threaded_executor.hpp:28[m[K,
[1.572s]                  from [01m[K/opt/ros/foxy/include/rclcpp/executors.hpp:22[m[K,
[1.572s]                  from [01m[K/opt/ros/foxy/include/rclcpp/rclcpp.hpp:146[m[K,
[1.572s]                  from [01m[K/home/mete/catkin_ws2/src/parser/src/local_cartesian.cpp:17[m[K:
[1.572s] [01m[K/opt/ros/foxy/include/rclcpp/parameter.hpp:287:1:[m[K [01;36m[Knote: [m[Kcandidate: ‘[01m[Kstd::string std::to_string(const rclcpp::Parameter&)[m[K’
[1.572s]   287 | [01;36m[Kto_string[m[K(const rclcpp::Parameter & param);
[1.572s]       | [01;36m[K^~~~~~~~~[m[K
[1.572s] [01m[K/opt/ros/foxy/include/rclcpp/parameter.hpp:287:37:[m[K [01;36m[Knote: [m[K  no known conversion for argument 1 from ‘[01m[Kkmlengine::KmlFilePtr[m[K’ {aka ‘[01m[Kboost::intrusive_ptr<kmlengine::KmlFile>[m[K’} to ‘[01m[Kconst rclcpp::Parameter&[m[K’
[1.572s]   287 | to_string([01;36m[Kconst rclcpp::Parameter & param[m[K);
[1.572s]       |           [01;36m[K~~~~~~~~~~~~~~~~~~~~~~~~~~^~~~~[m[K
[1.572s] [01m[K/opt/ros/foxy/include/rclcpp/parameter.hpp:292:1:[m[K [01;36m[Knote: [m[Kcandidate: ‘[01m[Kstd::string std::to_string(const std::vector<rclcpp::Parameter>&)[m[K’
[1.572s]   292 | [01;36m[Kto_string[m[K(const std::vector<rclcpp::Parameter> & parameters);
[1.572s]       | [01;36m[K^~~~~~~~~[m[K
[1.572s] [01m[K/opt/ros/foxy/include/rclcpp/parameter.hpp:292:50:[m[K [01;36m[Knote: [m[K  no known conversion for argument 1 from ‘[01m[Kkmlengine::KmlFilePtr[m[K’ {aka ‘[01m[Kboost::intrusive_ptr<kmlengine::KmlFile>[m[K’} to ‘[01m[Kconst std::vector<rclcpp::Parameter>&[m[K’
[1.573s]   292 | to_string([01;36m[Kconst std::vector<rclcpp::Parameter> & parameters[m[K);
[1.573s]       |           [01;36m[K~~~~~~~~~~~~~~~~~~~~~~~~~~~~~~~~~~~~~~~^~~~~~~~~~[m[K
[1.573s] [01m[K/home/mete/catkin_ws2/src/parser/src/local_cartesian.cpp:108:11:[m[K [01;35m[Kwarning: [m[Kunused variable ‘[01m[Karray_count[m[K’ [[01;35m[K-Wunused-variable[m[K]
[1.573s]   108 |       int [01;35m[Karray_count[m[K = 0;
[1.573s]       |           [01;35m[K^~~~~~~~~~~[m[K
[2.333s] make[2]: *** [CMakeFiles/local_cartesian.dir/build.make:63: CMakeFiles/local_cartesian.dir/src/local_cartesian.cpp.o] Error 1
[2.333s] make[1]: *** [CMakeFiles/Makefile2:80: CMakeFiles/local_cartesian.dir/all] Error 2
[2.333s] make: *** [Makefile:141: all] Error 2
[2.336s] Invoked command in '/home/mete/catkin_ws2/build/parser' returned '2': CMAKE_PREFIX_PATH=${CMAKE_PREFIX_PATH}:/opt/ros/foxy /usr/bin/cmake --build /home/mete/catkin_ws2/build/parser -- -j12 -l12
