-- CMAKE_BUILD_TYPE is not set. setting it to 'Release'
CMake Warning (dev) at CMakeLists.txt:74 (set):
  implicitly converting 'Directory containing test data' to 'STRING' type.
This warning is for project developers.  Use -Wno-dev to suppress it.

CMake Warning (dev) at CMakeLists.txt:88 (set):
  implicitly converting 'install directory ' to 'STRING' type.
This warning is for project developers.  Use -Wno-dev to suppress it.

-- Found Boost: 1.71.0
-- [SuperFind] EXPAT found from system
-- [SuperFind] ZLIB found from system
-- [SuperFind] MiniZip found from system
-- [SuperFind] UriParser found from system
-- Configuring done
-- Generating done
-- Build files have been written to: /home/mete/catkin_ws2/build/LibKML
[35m[1mScanning dependencies of target kmlbase[0m
[  3%] [32mBuilding C object src/kml/base/CMakeFiles/kmlbase.dir/contrib/minizip/unzip.c.o[0m
[  3%] [32mBuilding C object src/kml/base/CMakeFiles/kmlbase.dir/contrib/minizip/iomem_simple.c.o[0m
[  4%] [32mBuilding CXX object src/kml/base/CMakeFiles/kmlbase.dir/date_time.cc.o[0m
[  3%] [32mBuilding CXX object src/kml/base/CMakeFiles/kmlbase.dir/attributes.cc.o[0m
[  3%] [32mBuilding CXX object src/kml/base/CMakeFiles/kmlbase.dir/csv_splitter.cc.o[0m
[  5%] [32mBuilding CXX object src/kml/base/CMakeFiles/kmlbase.dir/expat_parser.cc.o[0m
[  5%] [32mBuilding CXX object src/kml/base/CMakeFiles/kmlbase.dir/expat_handler_ns.cc.o[0m
[  6%] [32mBuilding CXX object src/kml/base/CMakeFiles/kmlbase.dir/file.cc.o[0m
[  7%] [32mBuilding CXX object src/kml/base/CMakeFiles/kmlbase.dir/math_util.cc.o[0m
[  8%] [32mBuilding CXX object src/kml/base/CMakeFiles/kmlbase.dir/localec.cc.o[0m
[  8%] [32mBuilding CXX object src/kml/base/CMakeFiles/kmlbase.dir/mimetypes.cc.o[0m
[  9%] [32mBuilding CXX object src/kml/base/CMakeFiles/kmlbase.dir/file_posix.cc.o[0m
[ 10%] [32mBuilding CXX object src/kml/base/CMakeFiles/kmlbase.dir/referent.cc.o[0m
[ 11%] [32mBuilding CXX object src/kml/base/CMakeFiles/kmlbase.dir/string_util.cc.o[0m
[ 12%] [32mBuilding CXX object src/kml/base/CMakeFiles/kmlbase.dir/time_util.cc.o[0m
[ 14%] [32mBuilding CXX object src/kml/base/CMakeFiles/kmlbase.dir/version.cc.o[0m
[ 14%] [32mBuilding CXX object src/kml/base/CMakeFiles/kmlbase.dir/uri_parser.cc.o[0m
[ 14%] [32mBuilding CXX object src/kml/base/CMakeFiles/kmlbase.dir/xml_namespaces.cc.o[0m
[ 15%] [32mBuilding CXX object src/kml/base/CMakeFiles/kmlbase.dir/zip_file.cc.o[0m
[ 16%] [32m[1mLinking CXX shared library ../../../lib/libkmlbase.so[0m
[ 16%] Built target kmlbase
[35m[1mScanning dependencies of target kmlxsd[0m
[35m[1mScanning dependencies of target kmldom[0m
[ 19%] [32mBuilding CXX object src/kml/xsd/CMakeFiles/kmlxsd.dir/xsd_handler.cc.o[0m
[ 19%] [32mBuilding CXX object src/kml/xsd/CMakeFiles/kmlxsd.dir/xsd_complex_type.cc.o[0m
[ 19%] [32mBuilding CXX object src/kml/xsd/CMakeFiles/kmlxsd.dir/xsd_primitive_type.cc.o[0m
[ 19%] [32mBuilding CXX object src/kml/xsd/CMakeFiles/kmlxsd.dir/xsd_file.cc.o[0m
[ 20%] [32mBuilding CXX object src/kml/xsd/CMakeFiles/kmlxsd.dir/xsd_element.cc.o[0m
[ 21%] [32mBuilding CXX object src/kml/xsd/CMakeFiles/kmlxsd.dir/xsd_util.cc.o[0m
[ 22%] [32mBuilding CXX object src/kml/xsd/CMakeFiles/kmlxsd.dir/xst_parser.cc.o[0m
[ 22%] [32mBuilding CXX object src/kml/dom/CMakeFiles/kmldom.dir/atom.cc.o[0m
[ 23%] [32mBuilding CXX object src/kml/dom/CMakeFiles/kmldom.dir/abstractlatlonbox.cc.o[0m
[ 24%] [32mBuilding CXX object src/kml/dom/CMakeFiles/kmldom.dir/abstractview.cc.o[0m
[ 25%] [32mBuilding CXX object src/kml/dom/CMakeFiles/kmldom.dir/balloonstyle.cc.o[0m
[ 26%] [32mBuilding CXX object src/kml/dom/CMakeFiles/kmldom.dir/colorstyle.cc.o[0m
[ 27%] [32mBuilding CXX object src/kml/dom/CMakeFiles/kmldom.dir/container.cc.o[0m
[ 28%] [32mBuilding CXX object src/kml/dom/CMakeFiles/kmldom.dir/document.cc.o[0m
In file included from [01m[K/home/mete/catkin_ws2/src/libkml/src/kml/dom/colorstyle.h:32[m[K,
                 from [01m[K/home/mete/catkin_ws2/src/libkml/src/kml/dom/colorstyle.cc:28[m[K:
[01m[K/home/mete/catkin_ws2/src/libkml/src/kml/base/color32.h:[m[K In member function ‘[01m[Kvirtual void kmldom::ColorStyle::AddElement(const ElementPtr&)[m[K’:
[01m[K/home/mete/catkin_ws2/src/libkml/src/kml/base/color32.h:59:20:[m[K [01;35m[Kwarning: [m[K‘[01m[K<anonymous>.kmlbase::Color32::color_abgr_[m[K’ may be used uninitialized in this function [[01;35m[K-Wmaybe-uninitialized[m[K]
   59 |     color_abgr_ = ([01;35m[Kcolor_abgr_[m[K & 0xffffff00) | value;
      |                    [01;35m[K^~~~~~~~~~~[m[K
[ 29%] [32mBuilding CXX object src/kml/dom/CMakeFiles/kmldom.dir/element.cc.o[0m
[ 29%] [32mBuilding CXX object src/kml/dom/CMakeFiles/kmldom.dir/extendeddata.cc.o[0m
[ 30%] [32mBuilding CXX object src/kml/dom/CMakeFiles/kmldom.dir/feature.cc.o[0m
In file included from [01m[K/home/mete/catkin_ws2/src/libkml/src/kml/dom/balloonstyle.h:31[m[K,
                 from [01m[K/home/mete/catkin_ws2/src/libkml/src/kml/dom/balloonstyle.cc:28[m[K:
[01m[K/home/mete/catkin_ws2/src/libkml/src/kml/base/color32.h:[m[K In member function ‘[01m[Kvirtual void kmldom::BalloonStyle::AddElement(const ElementPtr&)[m[K’:
[01m[K/home/mete/catkin_ws2/src/libkml/src/kml/base/color32.h:59:20:[m[K [01;35m[Kwarning: [m[K‘[01m[K<anonymous>.kmlbase::Color32::color_abgr_[m[K’ may be used uninitialized in this function [[01;35m[K-Wmaybe-uninitialized[m[K]
   59 |     color_abgr_ = ([01;35m[Kcolor_abgr_[m[K & 0xffffff00) | value;
      |                    [01;35m[K^~~~~~~~~~~[m[K
[01m[K/home/mete/catkin_ws2/src/libkml/src/kml/base/color32.h:59:20:[m[K [01;35m[Kwarning: [m[K‘[01m[K<anonymous>.kmlbase::Color32::color_abgr_[m[K’ may be used uninitialized in this function [[01;35m[K-Wmaybe-uninitialized[m[K]
   59 |     color_abgr_ = ([01;35m[Kcolor_abgr_[m[K & 0xffffff00) | value;
      |                    [01;35m[K^~~~~~~~~~~[m[K
[ 31%] [32mBuilding CXX object src/kml/dom/CMakeFiles/kmldom.dir/folder.cc.o[0m
[ 32%] [32mBuilding CXX object src/kml/dom/CMakeFiles/kmldom.dir/geometry.cc.o[0m
[ 33%] [32mBuilding CXX object src/kml/dom/CMakeFiles/kmldom.dir/gx_timeprimitive.cc.o[0m
[ 34%] [32mBuilding CXX object src/kml/dom/CMakeFiles/kmldom.dir/gx_tour.cc.o[0m
[ 34%] [32mBuilding CXX object src/kml/dom/CMakeFiles/kmldom.dir/hotspot.cc.o[0m
[ 35%] [32m[1mLinking CXX shared library ../../../lib/libkmlxsd.so[0m
[ 36%] [32mBuilding CXX object src/kml/dom/CMakeFiles/kmldom.dir/iconstyle.cc.o[0m
[ 36%] Built target kmlxsd
[ 37%] [32mBuilding CXX object src/kml/dom/CMakeFiles/kmldom.dir/kml.cc.o[0m
[ 38%] [32mBuilding CXX object src/kml/dom/CMakeFiles/kmldom.dir/kml_cast.cc.o[0m
[ 39%] [32mBuilding CXX object src/kml/dom/CMakeFiles/kmldom.dir/kml_factory.cc.o[0m
[ 39%] [32mBuilding CXX object src/kml/dom/CMakeFiles/kmldom.dir/kml_handler.cc.o[0m
[ 40%] [32mBuilding CXX object src/kml/dom/CMakeFiles/kmldom.dir/kml_handler_ns.cc.o[0m
[ 41%] [32mBuilding CXX object src/kml/dom/CMakeFiles/kmldom.dir/labelstyle.cc.o[0m
[ 42%] [32mBuilding CXX object src/kml/dom/CMakeFiles/kmldom.dir/linestyle.cc.o[0m
[ 43%] [32mBuilding CXX object src/kml/dom/CMakeFiles/kmldom.dir/link.cc.o[0m
[ 44%] [32mBuilding CXX object src/kml/dom/CMakeFiles/kmldom.dir/liststyle.cc.o[0m
[ 44%] [32mBuilding CXX object src/kml/dom/CMakeFiles/kmldom.dir/model.cc.o[0m
[ 45%] [32mBuilding CXX object src/kml/dom/CMakeFiles/kmldom.dir/networklink.cc.o[0m
[ 46%] [32mBuilding CXX object src/kml/dom/CMakeFiles/kmldom.dir/networklinkcontrol.cc.o[0m
[ 47%] [32mBuilding CXX object src/kml/dom/CMakeFiles/kmldom.dir/object.cc.o[0m
[ 48%] [32mBuilding CXX object src/kml/dom/CMakeFiles/kmldom.dir/overlay.cc.o[0m
[ 49%] [32mBuilding CXX object src/kml/dom/CMakeFiles/kmldom.dir/parser.cc.o[0m
[ 50%] [32mBuilding CXX object src/kml/dom/CMakeFiles/kmldom.dir/placemark.cc.o[0m
[ 50%] [32mBuilding CXX object src/kml/dom/CMakeFiles/kmldom.dir/polystyle.cc.o[0m
[ 51%] [32mBuilding CXX object src/kml/dom/CMakeFiles/kmldom.dir/region.cc.o[0m
[ 52%] [32mBuilding CXX object src/kml/dom/CMakeFiles/kmldom.dir/schema.cc.o[0m
[ 53%] [32mBuilding CXX object src/kml/dom/CMakeFiles/kmldom.dir/serializer.cc.o[0m
[ 54%] [32mBuilding CXX object src/kml/dom/CMakeFiles/kmldom.dir/snippet.cc.o[0m
[ 54%] [32mBuilding CXX object src/kml/dom/CMakeFiles/kmldom.dir/style.cc.o[0m
[ 55%] [32mBuilding CXX object src/kml/dom/CMakeFiles/kmldom.dir/stylemap.cc.o[0m
In file included from [01m[K/home/mete/catkin_ws2/src/libkml/src/kml/dom/liststyle.h:32[m[K,
                 from [01m[K/home/mete/catkin_ws2/src/libkml/src/kml/dom/liststyle.cc:26[m[K:
[01m[K/home/mete/catkin_ws2/src/libkml/src/kml/base/color32.h:[m[K In member function ‘[01m[Kvirtual void kmldom::ListStyle::AddElement(const ElementPtr&)[m[K’:
[01m[K/home/mete/catkin_ws2/src/libkml/src/kml/base/color32.h:59:20:[m[K [01;35m[Kwarning: [m[K‘[01m[K<anonymous>.kmlbase::Color32::color_abgr_[m[K’ may be used uninitialized in this function [[01;35m[K-Wmaybe-uninitialized[m[K]
   59 |     color_abgr_ = ([01;35m[Kcolor_abgr_[m[K & 0xffffff00) | value;
      |                    [01;35m[K^~~~~~~~~~~[m[K
[ 56%] [32mBuilding CXX object src/kml/dom/CMakeFiles/kmldom.dir/styleselector.cc.o[0m
[ 57%] [32mBuilding CXX object src/kml/dom/CMakeFiles/kmldom.dir/substyle.cc.o[0m
[ 58%] [32mBuilding CXX object src/kml/dom/CMakeFiles/kmldom.dir/timeprimitive.cc.o[0m
[ 58%] [32mBuilding CXX object src/kml/dom/CMakeFiles/kmldom.dir/vec2.cc.o[0m
[ 59%] [32mBuilding CXX object src/kml/dom/CMakeFiles/kmldom.dir/visitor.cc.o[0m
[ 60%] [32mBuilding CXX object src/kml/dom/CMakeFiles/kmldom.dir/visitor_driver.cc.o[0m
[ 61%] [32mBuilding CXX object src/kml/dom/CMakeFiles/kmldom.dir/xal.cc.o[0m
In file included from [01m[K/home/mete/catkin_ws2/src/libkml/src/kml/dom/overlay.h:34[m[K,
                 from [01m[K/home/mete/catkin_ws2/src/libkml/src/kml/dom/overlay.cc:30[m[K:
[01m[K/home/mete/catkin_ws2/src/libkml/src/kml/base/color32.h:[m[K In member function ‘[01m[Kvirtual void kmldom::Overlay::AddElement(const ElementPtr&)[m[K’:
[01m[K/home/mete/catkin_ws2/src/libkml/src/kml/base/color32.h:59:20:[m[K [01;35m[Kwarning: [m[K‘[01m[K<anonymous>.kmlbase::Color32::color_abgr_[m[K’ may be used uninitialized in this function [[01;35m[K-Wmaybe-uninitialized[m[K]
   59 |     color_abgr_ = ([01;35m[Kcolor_abgr_[m[K & 0xffffff00) | value;
      |                    [01;35m[K^~~~~~~~~~~[m[K
[ 62%] [32mBuilding CXX object src/kml/dom/CMakeFiles/kmldom.dir/xml_serializer.cc.o[0m
[ 63%] [32mBuilding CXX object src/kml/dom/CMakeFiles/kmldom.dir/xsd.cc.o[0m
[ 63%] [32m[1mLinking CXX shared library ../../../lib/libkmldom.so[0m
[ 63%] Built target kmldom
[35m[1mScanning dependencies of target kmlengine[0m
[ 68%] [32mBuilding CXX object src/kml/engine/CMakeFiles/kmlengine.dir/feature_balloon.cc.o[0m
[ 68%] [32mBuilding CXX object src/kml/engine/CMakeFiles/kmlengine.dir/entity_mapper.cc.o[0m
[ 68%] [32mBuilding CXX object src/kml/engine/CMakeFiles/kmlengine.dir/feature_visitor.cc.o[0m
[ 68%] [32mBuilding CXX object src/kml/engine/CMakeFiles/kmlengine.dir/clone.cc.o[0m
[ 68%] [32mBuilding CXX object src/kml/engine/CMakeFiles/kmlengine.dir/find.cc.o[0m
[ 70%] [32mBuilding CXX object src/kml/engine/CMakeFiles/kmlengine.dir/find_xml_namespaces.cc.o[0m
[ 70%] [32mBuilding CXX object src/kml/engine/CMakeFiles/kmlengine.dir/get_link_parents.cc.o[0m
[ 71%] [32mBuilding CXX object src/kml/engine/CMakeFiles/kmlengine.dir/get_links.cc.o[0m
[ 72%] [32mBuilding CXX object src/kml/engine/CMakeFiles/kmlengine.dir/id_mapper.cc.o[0m
[ 68%] [32mBuilding CXX object src/kml/engine/CMakeFiles/kmlengine.dir/feature_view.cc.o[0m
[ 73%] [32mBuilding CXX object src/kml/engine/CMakeFiles/kmlengine.dir/href.cc.o[0m
[ 73%] [32mBuilding CXX object src/kml/engine/CMakeFiles/kmlengine.dir/kml_cache.cc.o[0m
[ 74%] [32mBuilding CXX object src/kml/engine/CMakeFiles/kmlengine.dir/kml_file.cc.o[0m
[ 75%] [32mBuilding CXX object src/kml/engine/CMakeFiles/kmlengine.dir/kml_stream.cc.o[0m
[ 76%] [32mBuilding CXX object src/kml/engine/CMakeFiles/kmlengine.dir/kml_uri.cc.o[0m
[ 77%] [32mBuilding CXX object src/kml/engine/CMakeFiles/kmlengine.dir/kmz_cache.cc.o[0m
[ 77%] [32mBuilding CXX object src/kml/engine/CMakeFiles/kmlengine.dir/kmz_file.cc.o[0m
[ 78%] [32mBuilding CXX object src/kml/engine/CMakeFiles/kmlengine.dir/link_util.cc.o[0m
[ 79%] [32mBuilding CXX object src/kml/engine/CMakeFiles/kmlengine.dir/location_util.cc.o[0m
[ 80%] [32mBuilding CXX object src/kml/engine/CMakeFiles/kmlengine.dir/merge.cc.o[0m
[ 82%] [32mBuilding CXX object src/kml/engine/CMakeFiles/kmlengine.dir/parse_old_schema.cc.o[0m
[ 82%] [32mBuilding CXX object src/kml/engine/CMakeFiles/kmlengine.dir/style_inliner.cc.o[0m
[ 82%] [32mBuilding CXX object src/kml/engine/CMakeFiles/kmlengine.dir/style_merger.cc.o[0m
[ 83%] [32mBuilding CXX object src/kml/engine/CMakeFiles/kmlengine.dir/style_resolver.cc.o[0m
[ 84%] [32mBuilding CXX object src/kml/engine/CMakeFiles/kmlengine.dir/style_splitter.cc.o[0m
[ 85%] [32mBuilding CXX object src/kml/engine/CMakeFiles/kmlengine.dir/update.cc.o[0m
[ 86%] [32mBuilding CXX object src/kml/engine/CMakeFiles/kmlengine.dir/update_processor.cc.o[0m
[ 87%] [32m[1mLinking CXX shared library ../../../lib/libkmlengine.so[0m
[ 87%] Built target kmlengine
[35m[1mScanning dependencies of target kmlconvenience[0m
[ 88%] [32mBuilding CXX object src/kml/convenience/CMakeFiles/kmlconvenience.dir/atom_util.cc.o[0m
[ 89%] [32mBuilding CXX object src/kml/convenience/CMakeFiles/kmlconvenience.dir/convenience.cc.o[0m
[ 90%] [32mBuilding CXX object src/kml/convenience/CMakeFiles/kmlconvenience.dir/csv_parser.cc.o[0m
[ 90%] [32mBuilding CXX object src/kml/convenience/CMakeFiles/kmlconvenience.dir/csv_file.cc.o[0m
[ 91%] [32mBuilding CXX object src/kml/convenience/CMakeFiles/kmlconvenience.dir/feature_list.cc.o[0m
[ 92%] [32mBuilding CXX object src/kml/convenience/CMakeFiles/kmlconvenience.dir/google_doc_list.cc.o[0m
[ 93%] [32mBuilding CXX object src/kml/convenience/CMakeFiles/kmlconvenience.dir/google_maps_data.cc.o[0m
[ 94%] [32mBuilding CXX object src/kml/convenience/CMakeFiles/kmlconvenience.dir/google_picasa_web.cc.o[0m
[ 94%] [32mBuilding CXX object src/kml/convenience/CMakeFiles/kmlconvenience.dir/google_spreadsheets.cc.o[0m
[ 95%] [32mBuilding CXX object src/kml/convenience/CMakeFiles/kmlconvenience.dir/kmz_check_links.cc.o[0m
[ 96%] [32mBuilding CXX object src/kml/convenience/CMakeFiles/kmlconvenience.dir/http_client.cc.o[0m
[ 97%] [32m[1mLinking CXX shared library ../../../lib/libkmlconvenience.so[0m
[ 97%] Built target kmlconvenience
[35m[1mScanning dependencies of target kmlregionator[0m
[ 99%] [32mBuilding CXX object src/kml/regionator/CMakeFiles/kmlregionator.dir/regionator.cc.o[0m
[ 99%] [32mBuilding CXX object src/kml/regionator/CMakeFiles/kmlregionator.dir/regionator_util.cc.o[0m
[ 99%] [32mBuilding CXX object src/kml/regionator/CMakeFiles/kmlregionator.dir/feature_list_region_handler.cc.o[0m
[100%] [32m[1mLinking CXX shared library ../../../lib/libkmlregionator.so[0m
[100%] Built target kmlregionator
-- Install configuration: "Release"
-- Up-to-date: /home/mete/catkin_ws2/install/LibKML/lib/pkgconfig/libkml.pc
-- Up-to-date: /home/mete/catkin_ws2/install/LibKML/lib/cmake/libkml/LibKMLConfig.cmake
-- Up-to-date: /home/mete/catkin_ws2/install/LibKML/lib/cmake/libkml/LibKMLConfigVersion.cmake
-- Up-to-date: /home/mete/catkin_ws2/install/LibKML/lib/cmake/libkml/LibKMLTargets.cmake
-- Installing: /home/mete/catkin_ws2/install/LibKML/lib/cmake/libkml/LibKMLTargets-release.cmake
-- Installing: /home/mete/catkin_ws2/install/LibKML/include/kml/dom.h
-- Installing: /home/mete/catkin_ws2/install/LibKML/include/kml/engine.h
-- Installing: /home/mete/catkin_ws2/install/LibKML/include/kml/base/attributes.h
-- Installing: /home/mete/catkin_ws2/install/LibKML/include/kml/base/csv_splitter.h
-- Installing: /home/mete/catkin_ws2/install/LibKML/include/kml/base/date_time.h
-- Installing: /home/mete/catkin_ws2/install/LibKML/include/kml/base/color32.h
-- Installing: /home/mete/catkin_ws2/install/LibKML/include/kml/base/expat_handler.h
-- Installing: /home/mete/catkin_ws2/install/LibKML/include/kml/base/expat_handler_ns.h
-- Installing: /home/mete/catkin_ws2/install/LibKML/include/kml/base/expat_parser.h
-- Installing: /home/mete/catkin_ws2/install/LibKML/include/kml/base/file.h
-- Installing: /home/mete/catkin_ws2/install/LibKML/include/kml/base/math_util.h
-- Installing: /home/mete/catkin_ws2/install/LibKML/include/kml/base/memory_file.h
-- Installing: /home/mete/catkin_ws2/install/LibKML/include/kml/base/mimetypes.h
-- Installing: /home/mete/catkin_ws2/install/LibKML/include/kml/base/net_cache.h
-- Installing: /home/mete/catkin_ws2/install/LibKML/include/kml/base/referent.h
-- Installing: /home/mete/catkin_ws2/install/LibKML/include/kml/base/string_util.h
-- Installing: /home/mete/catkin_ws2/install/LibKML/include/kml/base/tempfile.h
-- Installing: /home/mete/catkin_ws2/install/LibKML/include/kml/base/time_util.h
-- Installing: /home/mete/catkin_ws2/install/LibKML/include/kml/base/util.h
-- Installing: /home/mete/catkin_ws2/install/LibKML/include/kml/base/vec3.h
-- Installing: /home/mete/catkin_ws2/install/LibKML/include/kml/base/version.h
-- Installing: /home/mete/catkin_ws2/install/LibKML/include/kml/base/xml_element.h
-- Installing: /home/mete/catkin_ws2/install/LibKML/include/kml/base/xml_file.h
-- Installing: /home/mete/catkin_ws2/install/LibKML/include/kml/base/xml_namespaces.h
-- Installing: /home/mete/catkin_ws2/install/LibKML/include/kml/base/xmlns.h
-- Installing: /home/mete/catkin_ws2/install/LibKML/include/kml/base/zip_file.h
-- Installing: /home/mete/catkin_ws2/install/LibKML/lib/libkmlbase.so.1.3.1
-- Up-to-date: /home/mete/catkin_ws2/install/LibKML/lib/libkmlbase.so.1
-- Set runtime path of "/home/mete/catkin_ws2/install/LibKML/lib/libkmlbase.so.1.3.1" to ""
-- Up-to-date: /home/mete/catkin_ws2/install/LibKML/lib/libkmlbase.so
-- Installing: /home/mete/catkin_ws2/install/LibKML/include/kml/dom/abstractlatlonbox.h
-- Installing: /home/mete/catkin_ws2/install/LibKML/include/kml/dom/abstractview.h
-- Installing: /home/mete/catkin_ws2/install/LibKML/include/kml/dom/atom.h
-- Installing: /home/mete/catkin_ws2/install/LibKML/include/kml/dom/balloonstyle.h
-- Installing: /home/mete/catkin_ws2/install/LibKML/include/kml/dom/colorstyle.h
-- Installing: /home/mete/catkin_ws2/install/LibKML/include/kml/dom/container.h
-- Installing: /home/mete/catkin_ws2/install/LibKML/include/kml/dom/document.h
-- Installing: /home/mete/catkin_ws2/install/LibKML/include/kml/dom/element.h
-- Installing: /home/mete/catkin_ws2/install/LibKML/include/kml/dom/extendeddata.h
-- Installing: /home/mete/catkin_ws2/install/LibKML/include/kml/dom/feature.h
-- Installing: /home/mete/catkin_ws2/install/LibKML/include/kml/dom/folder.h
-- Installing: /home/mete/catkin_ws2/install/LibKML/include/kml/dom/geometry.h
-- Installing: /home/mete/catkin_ws2/install/LibKML/include/kml/dom/hotspot.h
-- Installing: /home/mete/catkin_ws2/install/LibKML/include/kml/dom/iconstyle.h
-- Installing: /home/mete/catkin_ws2/install/LibKML/include/kml/dom/kml.h
-- Installing: /home/mete/catkin_ws2/install/LibKML/include/kml/dom/kml22.h
-- Installing: /home/mete/catkin_ws2/install/LibKML/include/kml/dom/kml22.cc
-- Installing: /home/mete/catkin_ws2/install/LibKML/include/kml/dom/kml_cast.h
-- Installing: /home/mete/catkin_ws2/install/LibKML/include/kml/dom/kml_factory.h
-- Installing: /home/mete/catkin_ws2/install/LibKML/include/kml/dom/kml_funcs.h
-- Installing: /home/mete/catkin_ws2/install/LibKML/include/kml/dom/kml_ptr.h
-- Installing: /home/mete/catkin_ws2/install/LibKML/include/kml/dom/kmldom.h
-- Installing: /home/mete/catkin_ws2/install/LibKML/include/kml/dom/labelstyle.h
-- Installing: /home/mete/catkin_ws2/install/LibKML/include/kml/dom/linestyle.h
-- Installing: /home/mete/catkin_ws2/install/LibKML/include/kml/dom/link.h
-- Installing: /home/mete/catkin_ws2/install/LibKML/include/kml/dom/liststyle.h
-- Installing: /home/mete/catkin_ws2/install/LibKML/include/kml/dom/model.h
-- Installing: /home/mete/catkin_ws2/install/LibKML/include/kml/dom/networklink.h
-- Installing: /home/mete/catkin_ws2/install/LibKML/include/kml/dom/networklinkcontrol.h
-- Installing: /home/mete/catkin_ws2/install/LibKML/include/kml/dom/object.h
-- Installing: /home/mete/catkin_ws2/install/LibKML/include/kml/dom/overlay.h
-- Installing: /home/mete/catkin_ws2/install/LibKML/include/kml/dom/parser.h
-- Installing: /home/mete/catkin_ws2/install/LibKML/include/kml/dom/parser_observer.h
-- Installing: /home/mete/catkin_ws2/install/LibKML/include/kml/dom/placemark.h
-- Installing: /home/mete/catkin_ws2/install/LibKML/include/kml/dom/polystyle.h
-- Installing: /home/mete/catkin_ws2/install/LibKML/include/kml/dom/region.h
-- Installing: /home/mete/catkin_ws2/install/LibKML/include/kml/dom/schema.h
-- Installing: /home/mete/catkin_ws2/install/LibKML/include/kml/dom/snippet.h
-- Installing: /home/mete/catkin_ws2/install/LibKML/include/kml/dom/style.h
-- Installing: /home/mete/catkin_ws2/install/LibKML/include/kml/dom/stylemap.h
-- Installing: /home/mete/catkin_ws2/install/LibKML/include/kml/dom/styleselector.h
-- Installing: /home/mete/catkin_ws2/install/LibKML/include/kml/dom/substyle.h
-- Installing: /home/mete/catkin_ws2/install/LibKML/include/kml/dom/timeprimitive.h
-- Installing: /home/mete/catkin_ws2/install/LibKML/include/kml/dom/gx_timeprimitive.h
-- Installing: /home/mete/catkin_ws2/install/LibKML/include/kml/dom/gx_tour.h
-- Installing: /home/mete/catkin_ws2/install/LibKML/include/kml/dom/vec2.h
-- Installing: /home/mete/catkin_ws2/install/LibKML/include/kml/dom/xal.h
-- Installing: /home/mete/catkin_ws2/install/LibKML/include/kml/dom/xsd.h
-- Installing: /home/mete/catkin_ws2/install/LibKML/include/kml/dom/visitor.h
-- Installing: /home/mete/catkin_ws2/install/LibKML/include/kml/dom/visitor_driver.h
-- Installing: /home/mete/catkin_ws2/install/LibKML/lib/libkmldom.so.1.3.1
-- Up-to-date: /home/mete/catkin_ws2/install/LibKML/lib/libkmldom.so.1
-- Up-to-date: /home/mete/catkin_ws2/install/LibKML/lib/libkmldom.so
-- Installing: /home/mete/catkin_ws2/install/LibKML/include/kml/xsd/xsd_complex_type.h
-- Installing: /home/mete/catkin_ws2/install/LibKML/include/kml/xsd/xsd_element.h
-- Installing: /home/mete/catkin_ws2/install/LibKML/include/kml/xsd/xsd_file.h
-- Installing: /home/mete/catkin_ws2/install/LibKML/include/kml/xsd/xsd_handler.h
-- Installing: /home/mete/catkin_ws2/install/LibKML/include/kml/xsd/xsd_primitive_type.h
-- Installing: /home/mete/catkin_ws2/install/LibKML/include/kml/xsd/xsd_schema.h
-- Installing: /home/mete/catkin_ws2/install/LibKML/include/kml/xsd/xsd_simple_type.h
-- Installing: /home/mete/catkin_ws2/install/LibKML/include/kml/xsd/xsd_type.h
-- Installing: /home/mete/catkin_ws2/install/LibKML/include/kml/xsd/xsd_util.h
-- Installing: /home/mete/catkin_ws2/install/LibKML/include/kml/xsd/xst_parser.h
-- Installing: /home/mete/catkin_ws2/install/LibKML/lib/libkmlxsd.so.1.3.1
-- Up-to-date: /home/mete/catkin_ws2/install/LibKML/lib/libkmlxsd.so.1
-- Up-to-date: /home/mete/catkin_ws2/install/LibKML/lib/libkmlxsd.so
-- Installing: /home/mete/catkin_ws2/install/LibKML/include/kml/engine/bbox.h
-- Installing: /home/mete/catkin_ws2/install/LibKML/include/kml/engine/clone.h
-- Installing: /home/mete/catkin_ws2/install/LibKML/include/kml/engine/engine_types.h
-- Installing: /home/mete/catkin_ws2/install/LibKML/include/kml/engine/entity_mapper.h
-- Installing: /home/mete/catkin_ws2/install/LibKML/include/kml/engine/feature_balloon.h
-- Installing: /home/mete/catkin_ws2/install/LibKML/include/kml/engine/feature_view.h
-- Installing: /home/mete/catkin_ws2/install/LibKML/include/kml/engine/feature_visitor.h
-- Installing: /home/mete/catkin_ws2/install/LibKML/include/kml/engine/find.h
-- Installing: /home/mete/catkin_ws2/install/LibKML/include/kml/engine/find_xml_namespaces.h
-- Installing: /home/mete/catkin_ws2/install/LibKML/include/kml/engine/get_link_parents.h
-- Installing: /home/mete/catkin_ws2/install/LibKML/include/kml/engine/get_links.h
-- Installing: /home/mete/catkin_ws2/install/LibKML/include/kml/engine/href.h
-- Installing: /home/mete/catkin_ws2/install/LibKML/include/kml/engine/id_mapper.h
-- Installing: /home/mete/catkin_ws2/install/LibKML/include/kml/engine/kml_cache.h
-- Installing: /home/mete/catkin_ws2/install/LibKML/include/kml/engine/kml_file.h
-- Installing: /home/mete/catkin_ws2/install/LibKML/include/kml/engine/kml_stream.h
-- Installing: /home/mete/catkin_ws2/install/LibKML/include/kml/engine/kml_uri.h
-- Installing: /home/mete/catkin_ws2/install/LibKML/include/kml/engine/kmz_cache.h
-- Installing: /home/mete/catkin_ws2/install/LibKML/include/kml/engine/kmz_file.h
-- Installing: /home/mete/catkin_ws2/install/LibKML/include/kml/engine/link_util.h
-- Installing: /home/mete/catkin_ws2/install/LibKML/include/kml/engine/location_util.h
-- Installing: /home/mete/catkin_ws2/install/LibKML/include/kml/engine/merge.h
-- Installing: /home/mete/catkin_ws2/install/LibKML/include/kml/engine/object_id_parser_observer.h
-- Installing: /home/mete/catkin_ws2/install/LibKML/include/kml/engine/old_schema_parser_observer.h
-- Installing: /home/mete/catkin_ws2/install/LibKML/include/kml/engine/parse_old_schema.h
-- Installing: /home/mete/catkin_ws2/install/LibKML/include/kml/engine/schema_parser_observer.h
-- Installing: /home/mete/catkin_ws2/install/LibKML/include/kml/engine/shared_style_parser_observer.h
-- Installing: /home/mete/catkin_ws2/install/LibKML/include/kml/engine/style_inliner.h
-- Installing: /home/mete/catkin_ws2/install/LibKML/include/kml/engine/style_merger.h
-- Installing: /home/mete/catkin_ws2/install/LibKML/include/kml/engine/style_resolver.h
-- Installing: /home/mete/catkin_ws2/install/LibKML/include/kml/engine/style_splitter.h
-- Installing: /home/mete/catkin_ws2/install/LibKML/include/kml/engine/update.h
-- Installing: /home/mete/catkin_ws2/install/LibKML/lib/libkmlengine.so.1.3.1
-- Up-to-date: /home/mete/catkin_ws2/install/LibKML/lib/libkmlengine.so.1
-- Up-to-date: /home/mete/catkin_ws2/install/LibKML/lib/libkmlengine.so
-- Installing: /home/mete/catkin_ws2/install/LibKML/include/kml/convenience/atom_util.h
-- Installing: /home/mete/catkin_ws2/install/LibKML/include/kml/convenience/convenience.h
-- Installing: /home/mete/catkin_ws2/install/LibKML/include/kml/convenience/csv_file.h
-- Installing: /home/mete/catkin_ws2/install/LibKML/include/kml/convenience/csv_parser.h
-- Installing: /home/mete/catkin_ws2/install/LibKML/include/kml/convenience/element_counter.h
-- Installing: /home/mete/catkin_ws2/install/LibKML/include/kml/convenience/feature_list.h
-- Installing: /home/mete/catkin_ws2/install/LibKML/include/kml/convenience/google_doc_list.h
-- Installing: /home/mete/catkin_ws2/install/LibKML/include/kml/convenience/google_maps_data.h
-- Installing: /home/mete/catkin_ws2/install/LibKML/include/kml/convenience/google_picasa_web.h
-- Installing: /home/mete/catkin_ws2/install/LibKML/include/kml/convenience/google_spreadsheets.h
-- Installing: /home/mete/catkin_ws2/install/LibKML/include/kml/convenience/gpx_trk_pt_handler.h
-- Installing: /home/mete/catkin_ws2/install/LibKML/include/kml/convenience/http_client.h
-- Installing: /home/mete/catkin_ws2/install/LibKML/include/kml/convenience/kml_feature_list_saver.h
-- Installing: /home/mete/catkin_ws2/install/LibKML/include/kml/convenience/kmz_check_links.h
-- Installing: /home/mete/catkin_ws2/install/LibKML/lib/libkmlconvenience.so.1.3.1
-- Up-to-date: /home/mete/catkin_ws2/install/LibKML/lib/libkmlconvenience.so.1
-- Up-to-date: /home/mete/catkin_ws2/install/LibKML/lib/libkmlconvenience.so
-- Installing: /home/mete/catkin_ws2/install/LibKML/include/kml/regionator/feature_list_region_handler.h
-- Installing: /home/mete/catkin_ws2/install/LibKML/include/kml/regionator/feature_list_regionator.h
-- Installing: /home/mete/catkin_ws2/install/LibKML/include/kml/regionator/region_handler.h
-- Installing: /home/mete/catkin_ws2/install/LibKML/include/kml/regionator/regionator.h
-- Installing: /home/mete/catkin_ws2/install/LibKML/include/kml/regionator/regionator_qid.h
-- Installing: /home/mete/catkin_ws2/install/LibKML/include/kml/regionator/regionator_util.h
-- Installing: /home/mete/catkin_ws2/install/LibKML/lib/libkmlregionator.so.1.3.1
-- Up-to-date: /home/mete/catkin_ws2/install/LibKML/lib/libkmlregionator.so.1
-- Up-to-date: /home/mete/catkin_ws2/install/LibKML/lib/libkmlregionator.so
