[0.022s] Invoking command in '/home/mete/catkin_ws2/build/parser': CMAKE_PREFIX_PATH=${CMAKE_PREFIX_PATH}:/opt/ros/foxy /usr/bin/cmake --build /home/mete/catkin_ws2/build/parser -- -j12 -l12
[0.056s] [35m[1mScanning dependencies of target local_cartesian[0m
[0.068s] [ 50%] Built target parser_geo
[0.094s] [ 75%] [32mBuilding CXX object CMakeFiles/local_cartesian.dir/src/local_cartesian.cpp.o[0m
[1.570s] [01m[K/home/mete/catkin_ws2/src/parser/src/local_cartesian.cpp:[m[K In constructor ‘[01m[KMinimalPublisher::MinimalPublisher()[m[K’:
[1.570s] [01m[K/home/mete/catkin_ws2/src/parser/src/local_cartesian.cpp:103:30:[m[K [01;31m[Kerror: [m[K‘[01m[Kkmlengine::kml_file2[m[K’ has not been declared
[1.570s]   103 |       kml_file2 = kmlengine::[01;31m[Kkml_file2[m[K::CreateFromParse(file_data, &errors);
[1.570s]       |                              [01;31m[K^~~~~~~~~[m[K
[1.570s] [01m[K/home/mete/catkin_ws2/src/parser/src/local_cartesian.cpp:104:11:[m[K [01;31m[Kerror: [m[Kno match for ‘[01m[Koperator![m[K’ (operand type is ‘[01m[Kconst string[m[K’ {aka ‘[01m[Kconst std::__cxx11::basic_string<char>[m[K’})
[1.571s]   104 |       if ([01;31m[K!kml_file2[m[K)
[1.571s]       |           [01;31m[K^~~~~~~~~~[m[K
[1.571s] [01m[K/home/mete/catkin_ws2/src/parser/src/local_cartesian.cpp:104:11:[m[K [01;36m[Knote: [m[Kcandidate: ‘[01m[Koperator!(bool)[m[K’ <built-in>
[1.571s] [01m[K/home/mete/catkin_ws2/src/parser/src/local_cartesian.cpp:104:11:[m[K [01;36m[Knote: [m[K  no known conversion for argument 1 from ‘[01m[Kconst string[m[K’ {aka ‘[01m[Kconst std::__cxx11::basic_string<char>[m[K’} to ‘[01m[Kbool[m[K’
[1.571s] In file included from [01m[K/opt/ros/foxy/include/libstatistics_collector/moving_average_statistics/moving_average.hpp:30[m[K,
[1.571s]                  from [01m[K/opt/ros/foxy/include/libstatistics_collector/collector/collector.hpp:22[m[K,
[1.571s]                  from [01m[K/opt/ros/foxy/include/libstatistics_collector/topic_statistics_collector/topic_statistics_collector.hpp:24[m[K,
[1.571s]                  from [01m[K/opt/ros/foxy/include/libstatistics_collector/topic_statistics_collector/received_message_age.hpp:26[m[K,
[1.571s]                  from [01m[K/opt/ros/foxy/include/rclcpp/topic_statistics/subscription_topic_statistics.hpp:26[m[K,
[1.571s]                  from [01m[K/opt/ros/foxy/include/rclcpp/subscription.hpp:50[m[K,
[1.571s]                  from [01m[K/opt/ros/foxy/include/rclcpp/any_executable.hpp:25[m[K,
[1.571s]                  from [01m[K/opt/ros/foxy/include/rclcpp/memory_strategy.hpp:24[m[K,
[1.571s]                  from [01m[K/opt/ros/foxy/include/rclcpp/memory_strategies.hpp:18[m[K,
[1.571s]                  from [01m[K/opt/ros/foxy/include/rclcpp/executor_options.hpp:20[m[K,
[1.572s]                  from [01m[K/opt/ros/foxy/include/rclcpp/executor.hpp:33[m[K,
[1.572s]                  from [01m[K/opt/ros/foxy/include/rclcpp/executors/multi_threaded_executor.hpp:26[m[K,
[1.572s]                  from [01m[K/opt/ros/foxy/include/rclcpp/executors.hpp:21[m[K,
[1.572s]                  from [01m[K/opt/ros/foxy/include/rclcpp/rclcpp.hpp:146[m[K,
[1.572s]                  from [01m[K/home/mete/catkin_ws2/src/parser/src/local_cartesian.cpp:17[m[K:
[1.572s] [01m[K/opt/ros/foxy/include/rcpputils/thread_safety_annotations.hpp:48:27:[m[K [01;36m[Knote: [m[Kcandidate: ‘[01m[Kconst std::mutex& operator!(const std::mutex&)[m[K’
[1.572s]    48 | inline const std::mutex & [01;36m[Koperator[m[K!(const std::mutex & a)
[1.572s]       |                           [01;36m[K^~~~~~~~[m[K
[1.572s] [01m[K/opt/ros/foxy/include/rcpputils/thread_safety_annotations.hpp:48:56:[m[K [01;36m[Knote: [m[K  no known conversion for argument 1 from ‘[01m[Kconst string[m[K’ {aka ‘[01m[Kconst std::__cxx11::basic_string<char>[m[K’} to ‘[01m[Kconst std::mutex&[m[K’
[1.572s]    48 | inline const std::mutex & operator!([01;36m[Kconst std::mutex & a[m[K)
[1.572s]       |                                     [01;36m[K~~~~~~~~~~~~~~~~~~~^[m[K
[1.572s] [01m[K/home/mete/catkin_ws2/src/parser/src/local_cartesian.cpp:109:27:[m[K [01;31m[Kerror: [m[Kcannot convert ‘[01m[Kconst string[m[K’ {aka ‘[01m[Kconst std::__cxx11::basic_string<char>[m[K’} to ‘[01m[Kconst KmlFilePtr&[m[K’ {aka ‘[01m[Kconst boost::intrusive_ptr<kmlengine::KmlFile>&[m[K’}
[1.572s]   109 |       line_string_extract([01;31m[Kkml_file2[m[K, &line_string_vector);
[1.572s]       |                           [01;31m[K^~~~~~~~~[m[K
[1.572s]       |                           [01;31m[K|[m[K
[1.572s]       |                           [01;31m[Kconst string {aka const std::__cxx11::basic_string<char>}[m[K
[1.572s] [01m[K/home/mete/catkin_ws2/src/parser/src/local_cartesian.cpp:72:59:[m[K [01;36m[Knote: [m[K  initializing argument 1 of ‘[01m[Kvoid MinimalPublisher::line_string_extract(const KmlFilePtr&, LineStringVector*)[m[K’
[1.572s]    72 |     void line_string_extract([01;36m[Kconst kmlengine::KmlFilePtr &kml_file[m[K, LineStringVector *line_string_vector)
[1.572s]       |                              [01;36m[K~~~~~~~~~~~~~~~~~~~~~~~~~~~~~^~~~~~~~[m[K
[1.572s] [01m[K/home/mete/catkin_ws2/src/parser/src/local_cartesian.cpp:115:11:[m[K [01;35m[Kwarning: [m[Kunused variable ‘[01m[Karray_count[m[K’ [[01;35m[K-Wunused-variable[m[K]
[1.572s]   115 |       int [01;35m[Karray_count[m[K = 0;
[1.573s]       |           [01;35m[K^~~~~~~~~~~[m[K
[2.332s] make[2]: *** [CMakeFiles/local_cartesian.dir/build.make:63: CMakeFiles/local_cartesian.dir/src/local_cartesian.cpp.o] Error 1
[2.333s] make[1]: *** [CMakeFiles/Makefile2:80: CMakeFiles/local_cartesian.dir/all] Error 2
[2.333s] make: *** [Makefile:141: all] Error 2
[2.335s] Invoked command in '/home/mete/catkin_ws2/build/parser' returned '2': CMAKE_PREFIX_PATH=${CMAKE_PREFIX_PATH}:/opt/ros/foxy /usr/bin/cmake --build /home/mete/catkin_ws2/build/parser -- -j12 -l12
