[0.017s] Invoking command in '/home/mete/catkin_ws2/build/parser': CMAKE_PREFIX_PATH=${CMAKE_PREFIX_PATH}:/opt/ros/foxy /usr/bin/cmake --build /home/mete/catkin_ws2/build/parser -- -j12 -l12
[0.056s] [ 50%] Built target local_cartesian
[0.056s] [100%] Built target parser_geo
[0.070s] Invoked command in '/home/mete/catkin_ws2/build/parser' returned '0': CMAKE_PREFIX_PATH=${CMAKE_PREFIX_PATH}:/opt/ros/foxy /usr/bin/cmake --build /home/mete/catkin_ws2/build/parser -- -j12 -l12
[0.106s] Invoking command in '/home/mete/catkin_ws2/build/parser': CMAKE_PREFIX_PATH=${CMAKE_PREFIX_PATH}:/opt/ros/foxy /usr/bin/cmake --install /home/mete/catkin_ws2/build/parser
[0.113s] -- Install configuration: ""
[0.113s] -- Up-to-date: /home/mete/catkin_ws2/install/parser/lib/parser/parser_geo
[0.113s] -- Up-to-date: /home/mete/catkin_ws2/install/parser/lib/parser/local_cartesian
[0.114s] -- Up-to-date: /home/mete/catkin_ws2/install/parser/share/ament_index/resource_index/package_run_dependencies/parser
[0.114s] -- Up-to-date: /home/mete/catkin_ws2/install/parser/share/ament_index/resource_index/parent_prefix_path/parser
[0.114s] -- Up-to-date: /home/mete/catkin_ws2/install/parser/share/parser/environment/ament_prefix_path.sh
[0.114s] -- Up-to-date: /home/mete/catkin_ws2/install/parser/share/parser/environment/ament_prefix_path.dsv
[0.114s] -- Up-to-date: /home/mete/catkin_ws2/install/parser/share/parser/environment/path.sh
[0.114s] -- Up-to-date: /home/mete/catkin_ws2/install/parser/share/parser/environment/path.dsv
[0.114s] -- Up-to-date: /home/mete/catkin_ws2/install/parser/share/parser/local_setup.bash
[0.114s] -- Up-to-date: /home/mete/catkin_ws2/install/parser/share/parser/local_setup.sh
[0.114s] -- Up-to-date: /home/mete/catkin_ws2/install/parser/share/parser/local_setup.zsh
[0.114s] -- Up-to-date: /home/mete/catkin_ws2/install/parser/share/parser/local_setup.dsv
[0.114s] -- Installing: /home/mete/catkin_ws2/install/parser/share/parser/package.dsv
[0.114s] -- Up-to-date: /home/mete/catkin_ws2/install/parser/share/ament_index/resource_index/packages/parser
[0.115s] -- Up-to-date: /home/mete/catkin_ws2/install/parser/share/parser/cmake/parserConfig.cmake
[0.115s] -- Up-to-date: /home/mete/catkin_ws2/install/parser/share/parser/cmake/parserConfig-version.cmake
[0.115s] -- Up-to-date: /home/mete/catkin_ws2/install/parser/share/parser/package.xml
[0.116s] Invoked command in '/home/mete/catkin_ws2/build/parser' returned '0': CMAKE_PREFIX_PATH=${CMAKE_PREFIX_PATH}:/opt/ros/foxy /usr/bin/cmake --install /home/mete/catkin_ws2/build/parser
