[0.022s] Invoking command in '/home/mete/catkin_ws2/build/parser': CMAKE_PREFIX_PATH=${CMAKE_PREFIX_PATH}:/opt/ros/foxy /usr/bin/cmake --build /home/mete/catkin_ws2/build/parser -- -j12 -l12
[0.058s] [35m[1mScanning dependencies of target local_cartesian[0m
[0.070s] [ 50%] Built target parser_geo
[0.092s] [ 75%] [32mBuilding CXX object CMakeFiles/local_cartesian.dir/src/local_cartesian.cpp.o[0m
[1.512s] [01m[K/home/mete/catkin_ws2/src/parser/src/local_cartesian.cpp:[m[K In function ‘[01m[Kint main(int, char**)[m[K’:
[1.512s] [01m[K/home/mete/catkin_ws2/src/parser/src/local_cartesian.cpp:72:14:[m[K [01;35m[Kwarning: [m[Kunused parameter ‘[01m[Kargc[m[K’ [[01;35m[K-Wunused-parameter[m[K]
[1.513s]    72 | int main([01;35m[Kint argc[m[K, char * argv[]) {
[1.513s]       |          [01;35m[K~~~~^~~~[m[K
[1.513s] [01m[K/home/mete/catkin_ws2/src/parser/src/local_cartesian.cpp:72:27:[m[K [01;35m[Kwarning: [m[Kunused parameter ‘[01m[Kargv[m[K’ [[01;35m[K-Wunused-parameter[m[K]
[1.513s]    72 | int main(int argc, [01;35m[Kchar * argv[][m[K) {
[1.513s]       |                    [01;35m[K~~~~~~~^~~~~~[m[K
[2.859s] [100%] [32m[1mLinking CXX executable local_cartesian[0m
[2.983s] [100%] Built target local_cartesian
[2.992s] Invoked command in '/home/mete/catkin_ws2/build/parser' returned '0': CMAKE_PREFIX_PATH=${CMAKE_PREFIX_PATH}:/opt/ros/foxy /usr/bin/cmake --build /home/mete/catkin_ws2/build/parser -- -j12 -l12
[3.011s] Invoking command in '/home/mete/catkin_ws2/build/parser': CMAKE_PREFIX_PATH=${CMAKE_PREFIX_PATH}:/opt/ros/foxy /usr/bin/cmake --install /home/mete/catkin_ws2/build/parser
[3.018s] -- Install configuration: ""
[3.018s] -- Up-to-date: /home/mete/catkin_ws2/install/parser/lib/parser/parser_geo
[3.018s] -- Installing: /home/mete/catkin_ws2/install/parser/lib/parser/local_cartesian
[3.019s] -- Set runtime path of "/home/mete/catkin_ws2/install/parser/lib/parser/local_cartesian" to "/home/mete/catkin_ws2/install/GeographicLib/lib:/opt/ros/foxy/lib"
[3.019s] -- Up-to-date: /home/mete/catkin_ws2/install/parser/share/ament_index/resource_index/package_run_dependencies/parser
[3.020s] -- Up-to-date: /home/mete/catkin_ws2/install/parser/share/ament_index/resource_index/parent_prefix_path/parser
[3.020s] -- Up-to-date: /home/mete/catkin_ws2/install/parser/share/parser/environment/ament_prefix_path.sh
[3.020s] -- Up-to-date: /home/mete/catkin_ws2/install/parser/share/parser/environment/ament_prefix_path.dsv
[3.020s] -- Up-to-date: /home/mete/catkin_ws2/install/parser/share/parser/environment/path.sh
[3.020s] -- Up-to-date: /home/mete/catkin_ws2/install/parser/share/parser/environment/path.dsv
[3.020s] -- Up-to-date: /home/mete/catkin_ws2/install/parser/share/parser/local_setup.bash
[3.020s] -- Up-to-date: /home/mete/catkin_ws2/install/parser/share/parser/local_setup.sh
[3.020s] -- Up-to-date: /home/mete/catkin_ws2/install/parser/share/parser/local_setup.zsh
[3.020s] -- Up-to-date: /home/mete/catkin_ws2/install/parser/share/parser/local_setup.dsv
[3.020s] -- Installing: /home/mete/catkin_ws2/install/parser/share/parser/package.dsv
[3.020s] -- Up-to-date: /home/mete/catkin_ws2/install/parser/share/ament_index/resource_index/packages/parser
[3.020s] -- Up-to-date: /home/mete/catkin_ws2/install/parser/share/parser/cmake/parserConfig.cmake
[3.020s] -- Up-to-date: /home/mete/catkin_ws2/install/parser/share/parser/cmake/parserConfig-version.cmake
[3.020s] -- Up-to-date: /home/mete/catkin_ws2/install/parser/share/parser/package.xml
[3.024s] Invoked command in '/home/mete/catkin_ws2/build/parser' returned '0': CMAKE_PREFIX_PATH=${CMAKE_PREFIX_PATH}:/opt/ros/foxy /usr/bin/cmake --install /home/mete/catkin_ws2/build/parser
