[0.021s] Invoking command in '/home/mete/catkin_ws2/build/parser': CMAKE_PREFIX_PATH=${CMAKE_PREFIX_PATH}:/opt/ros/foxy /usr/bin/cmake --build /home/mete/catkin_ws2/build/parser -- -j12 -l12
[0.066s] [100%] Built target local_cartesian
[0.067s] [100%] Built target parser_geo
[0.082s] Invoked command in '/home/mete/catkin_ws2/build/parser' returned '0': CMAKE_PREFIX_PATH=${CMAKE_PREFIX_PATH}:/opt/ros/foxy /usr/bin/cmake --build /home/mete/catkin_ws2/build/parser -- -j12 -l12
[0.122s] Invoking command in '/home/mete/catkin_ws2/build/parser': CMAKE_PREFIX_PATH=${CMAKE_PREFIX_PATH}:/opt/ros/foxy /usr/bin/cmake --install /home/mete/catkin_ws2/build/parser
[0.129s] -- Install configuration: ""
[0.129s] -- Up-to-date: /home/mete/catkin_ws2/install/parser/lib/parser/parser_geo
[0.129s] -- Up-to-date: /home/mete/catkin_ws2/install/parser/lib/parser/local_cartesian
[0.130s] -- Up-to-date: /home/mete/catkin_ws2/install/parser/share/ament_index/resource_index/package_run_dependencies/parser
[0.130s] -- Up-to-date: /home/mete/catkin_ws2/install/parser/share/ament_index/resource_index/parent_prefix_path/parser
[0.130s] -- Up-to-date: /home/mete/catkin_ws2/install/parser/share/parser/environment/ament_prefix_path.sh
[0.130s] -- Up-to-date: /home/mete/catkin_ws2/install/parser/share/parser/environment/ament_prefix_path.dsv
[0.131s] -- Up-to-date: /home/mete/catkin_ws2/install/parser/share/parser/environment/path.sh
[0.131s] -- Up-to-date: /home/mete/catkin_ws2/install/parser/share/parser/environment/path.dsv
[0.132s] -- Up-to-date: /home/mete/catkin_ws2/install/parser/share/parser/local_setup.bash
[0.133s] -- Up-to-date: /home/mete/catkin_ws2/install/parser/share/parser/local_setup.sh
[0.133s] -- Up-to-date: /home/mete/catkin_ws2/install/parser/share/parser/local_setup.zsh
[0.134s] -- Up-to-date: /home/mete/catkin_ws2/install/parser/share/parser/local_setup.dsv
[0.134s] -- Installing: /home/mete/catkin_ws2/install/parser/share/parser/package.dsv
[0.135s] -- Up-to-date: /home/mete/catkin_ws2/install/parser/share/ament_index/resource_index/packages/parser
[0.136s] -- Up-to-date: /home/mete/catkin_ws2/install/parser/share/parser/cmake/parserConfig.cmake
[0.137s] -- Up-to-date: /home/mete/catkin_ws2/install/parser/share/parser/cmake/parserConfig-version.cmake
[0.137s] -- Up-to-date: /home/mete/catkin_ws2/install/parser/share/parser/package.xml
[0.137s] Invoked command in '/home/mete/catkin_ws2/build/parser' returned '0': CMAKE_PREFIX_PATH=${CMAKE_PREFIX_PATH}:/opt/ros/foxy /usr/bin/cmake --install /home/mete/catkin_ws2/build/parser
