[0.010s] Invoking command in '/home/mete/catkin_ws2/build/localization': CMAKE_PREFIX_PATH=/home/mete/catkin_ws2/install/GeographicLib:/home/mete/catkin_ws2/install/localization:/home/mete/catkin_ws/install/perception_pcl:/home/mete/catkin_ws/install/pcl_ros:/home/mete/catkin_ws/install/pcl:/home/mete/catkin_ws/install/pcl_conversions:/home/mete/catkin_ws/install/localization:/opt/ros/foxy LD_LIBRARY_PATH=/home/mete/catkin_ws2/install/GeographicLib/lib:${LD_LIBRARY_PATH} PATH=/home/mete/catkin_ws2/install/GeographicLib/bin:${PATH} /usr/bin/cmake --build /home/mete/catkin_ws2/build/localization -- -j12 -l12
[0.030s] -- Reading /home/mete/catkin_ws2/install/GeographicLib/lib/cmake/GeographicLib/geographiclib-config.cmake
[0.030s] -- GeographicLib configuration, version 2.1
[0.031s] --   ${GeographicLib_LIBRARIES} set to shared library
[0.032s] -- Found ament_cmake: 0.9.9 (/opt/ros/foxy/share/ament_cmake/cmake)
[0.048s] -- Using PYTHON_EXECUTABLE: /usr/bin/python3
[0.186s] -- Found ament_lint_auto: 0.9.6 (/opt/ros/foxy/share/ament_lint_auto/cmake)
[0.232s] -- Added test 'copyright' to check source files copyright and LICENSE
[0.233s] -- Added test 'cppcheck' to perform static code analysis on C / C++ code
[0.233s] -- Configured cppcheck include dirs: 
[0.233s] -- Configured cppcheck exclude dirs and/or files: 
[0.234s] -- Added test 'cpplint' to check C / C++ code against the Google style
[0.234s] -- Configured cpplint exclude dirs and/or files: 
[0.234s] -- Added test 'lint_cmake' to check CMake code style
[0.235s] -- Added test 'uncrustify' to check C / C++ code style
[0.235s] -- Configured uncrustify additional arguments: 
[0.236s] -- Added test 'xmllint' to check XML markup files
[0.237s] -- Configuring done
[0.237s] CMake Error at CMakeLists.txt:29 (add_executable):
[0.237s]   Cannot find source file:
[0.237s] 
[0.237s]     example-Geodesic-small.cpp
[0.238s] 
[0.238s]   Tried extensions .c .C .c++ .cc .cpp .cxx .cu .m .M .mm .h .hh .h++ .hm
[0.238s]   .hpp .hxx .in .txx
[0.238s] 
[0.238s] 
[0.238s] CMake Error at CMakeLists.txt:29 (add_executable):
[0.238s]   No SOURCES given to target: localization
[0.238s] 
[0.238s] 
[0.238s] CMake Generate step failed.  Build files cannot be regenerated correctly.
[0.239s] make: *** [Makefile:222: cmake_check_build_system] Error 1
[0.241s] Invoked command in '/home/mete/catkin_ws2/build/localization' returned '2': CMAKE_PREFIX_PATH=/home/mete/catkin_ws2/install/GeographicLib:/home/mete/catkin_ws2/install/localization:/home/mete/catkin_ws/install/perception_pcl:/home/mete/catkin_ws/install/pcl_ros:/home/mete/catkin_ws/install/pcl:/home/mete/catkin_ws/install/pcl_conversions:/home/mete/catkin_ws/install/localization:/opt/ros/foxy LD_LIBRARY_PATH=/home/mete/catkin_ws2/install/GeographicLib/lib:${LD_LIBRARY_PATH} PATH=/home/mete/catkin_ws2/install/GeographicLib/bin:${PATH} /usr/bin/cmake --build /home/mete/catkin_ws2/build/localization -- -j12 -l12
