[0.024s] Invoking command in '/home/mete/catkin_ws2/build/GeographicLib': /usr/bin/cmake --build /home/mete/catkin_ws2/build/GeographicLib -- -j12 -l12
[0.065s] [  4%] Built target scripts
[0.068s] [ 60%] Built target GeographicLib_SHARED
[0.093s] [ 74%] Built target GeodesicProj
[0.093s] [ 74%] Built target MagneticField
[0.094s] [ 74%] Built target RhumbSolve
[0.094s] [ 74%] Built target GeoConvert
[0.094s] [ 74%] Built target CartConvert
[0.094s] [ 77%] Built target ConicProj
[0.094s] [ 80%] Built target TransverseMercatorProj
[0.095s] [ 82%] Built target GeoidEval
[0.096s] [ 85%] Built target Gravity
[0.099s] [ 88%] Built target GeodSolve
[0.102s] [ 91%] Built target Planimeter
[0.103s] [ 94%] Built target polygontest
[0.112s] [ 97%] Built target signtest
[0.112s] [100%] Built target geodtest
[0.120s] [100%] Built target tools
[0.132s] Invoked command in '/home/mete/catkin_ws2/build/GeographicLib' returned '0': /usr/bin/cmake --build /home/mete/catkin_ws2/build/GeographicLib -- -j12 -l12
[0.166s] Invoking command in '/home/mete/catkin_ws2/build/GeographicLib': /usr/bin/cmake --install /home/mete/catkin_ws2/build/GeographicLib
[0.172s] -- Install configuration: "Release"
[0.173s] -- Up-to-date: /home/mete/catkin_ws2/install/GeographicLib/lib/libGeographicLib.so.23.0.0
[0.173s] -- Up-to-date: /home/mete/catkin_ws2/install/GeographicLib/lib/libGeographicLib.so.23
[0.173s] -- Up-to-date: /home/mete/catkin_ws2/install/GeographicLib/lib/libGeographicLib.so
[0.173s] -- Up-to-date: /home/mete/catkin_ws2/install/GeographicLib/include/GeographicLib/Accumulator.hpp
[0.174s] -- Up-to-date: /home/mete/catkin_ws2/install/GeographicLib/include/GeographicLib/AlbersEqualArea.hpp
[0.174s] -- Up-to-date: /home/mete/catkin_ws2/install/GeographicLib/include/GeographicLib/AzimuthalEquidistant.hpp
[0.174s] -- Up-to-date: /home/mete/catkin_ws2/install/GeographicLib/include/GeographicLib/CassiniSoldner.hpp
[0.174s] -- Up-to-date: /home/mete/catkin_ws2/install/GeographicLib/include/GeographicLib/CircularEngine.hpp
[0.174s] -- Up-to-date: /home/mete/catkin_ws2/install/GeographicLib/include/GeographicLib/Constants.hpp
[0.174s] -- Up-to-date: /home/mete/catkin_ws2/install/GeographicLib/include/GeographicLib/DMS.hpp
[0.174s] -- Up-to-date: /home/mete/catkin_ws2/install/GeographicLib/include/GeographicLib/DST.hpp
[0.174s] -- Up-to-date: /home/mete/catkin_ws2/install/GeographicLib/include/GeographicLib/Ellipsoid.hpp
[0.174s] -- Up-to-date: /home/mete/catkin_ws2/install/GeographicLib/include/GeographicLib/EllipticFunction.hpp
[0.174s] -- Up-to-date: /home/mete/catkin_ws2/install/GeographicLib/include/GeographicLib/GARS.hpp
[0.174s] -- Up-to-date: /home/mete/catkin_ws2/install/GeographicLib/include/GeographicLib/GeoCoords.hpp
[0.174s] -- Up-to-date: /home/mete/catkin_ws2/install/GeographicLib/include/GeographicLib/Geocentric.hpp
[0.174s] -- Up-to-date: /home/mete/catkin_ws2/install/GeographicLib/include/GeographicLib/Geodesic.hpp
[0.175s] -- Up-to-date: /home/mete/catkin_ws2/install/GeographicLib/include/GeographicLib/GeodesicExact.hpp
[0.175s] -- Up-to-date: /home/mete/catkin_ws2/install/GeographicLib/include/GeographicLib/GeodesicLine.hpp
[0.175s] -- Up-to-date: /home/mete/catkin_ws2/install/GeographicLib/include/GeographicLib/GeodesicLineExact.hpp
[0.175s] -- Up-to-date: /home/mete/catkin_ws2/install/GeographicLib/include/GeographicLib/Geohash.hpp
[0.175s] -- Up-to-date: /home/mete/catkin_ws2/install/GeographicLib/include/GeographicLib/Geoid.hpp
[0.175s] -- Up-to-date: /home/mete/catkin_ws2/install/GeographicLib/include/GeographicLib/Georef.hpp
[0.175s] -- Up-to-date: /home/mete/catkin_ws2/install/GeographicLib/include/GeographicLib/Gnomonic.hpp
[0.175s] -- Up-to-date: /home/mete/catkin_ws2/install/GeographicLib/include/GeographicLib/GravityCircle.hpp
[0.175s] -- Up-to-date: /home/mete/catkin_ws2/install/GeographicLib/include/GeographicLib/GravityModel.hpp
[0.175s] -- Up-to-date: /home/mete/catkin_ws2/install/GeographicLib/include/GeographicLib/LambertConformalConic.hpp
[0.175s] -- Up-to-date: /home/mete/catkin_ws2/install/GeographicLib/include/GeographicLib/LocalCartesian.hpp
[0.175s] -- Up-to-date: /home/mete/catkin_ws2/install/GeographicLib/include/GeographicLib/MGRS.hpp
[0.175s] -- Up-to-date: /home/mete/catkin_ws2/install/GeographicLib/include/GeographicLib/MagneticCircle.hpp
[0.175s] -- Up-to-date: /home/mete/catkin_ws2/install/GeographicLib/include/GeographicLib/MagneticModel.hpp
[0.175s] -- Up-to-date: /home/mete/catkin_ws2/install/GeographicLib/include/GeographicLib/Math.hpp
[0.175s] -- Up-to-date: /home/mete/catkin_ws2/install/GeographicLib/include/GeographicLib/NearestNeighbor.hpp
[0.175s] -- Up-to-date: /home/mete/catkin_ws2/install/GeographicLib/include/GeographicLib/NormalGravity.hpp
[0.176s] -- Up-to-date: /home/mete/catkin_ws2/install/GeographicLib/include/GeographicLib/OSGB.hpp
[0.176s] -- Up-to-date: /home/mete/catkin_ws2/install/GeographicLib/include/GeographicLib/PolarStereographic.hpp
[0.176s] -- Up-to-date: /home/mete/catkin_ws2/install/GeographicLib/include/GeographicLib/PolygonArea.hpp
[0.176s] -- Up-to-date: /home/mete/catkin_ws2/install/GeographicLib/include/GeographicLib/Rhumb.hpp
[0.176s] -- Up-to-date: /home/mete/catkin_ws2/install/GeographicLib/include/GeographicLib/SphericalEngine.hpp
[0.176s] -- Up-to-date: /home/mete/catkin_ws2/install/GeographicLib/include/GeographicLib/SphericalHarmonic.hpp
[0.176s] -- Up-to-date: /home/mete/catkin_ws2/install/GeographicLib/include/GeographicLib/SphericalHarmonic1.hpp
[0.176s] -- Up-to-date: /home/mete/catkin_ws2/install/GeographicLib/include/GeographicLib/SphericalHarmonic2.hpp
[0.176s] -- Up-to-date: /home/mete/catkin_ws2/install/GeographicLib/include/GeographicLib/TransverseMercator.hpp
[0.176s] -- Up-to-date: /home/mete/catkin_ws2/install/GeographicLib/include/GeographicLib/TransverseMercatorExact.hpp
[0.176s] -- Up-to-date: /home/mete/catkin_ws2/install/GeographicLib/include/GeographicLib/UTMUPS.hpp
[0.176s] -- Up-to-date: /home/mete/catkin_ws2/install/GeographicLib/include/GeographicLib/Utility.hpp
[0.176s] -- Up-to-date: /home/mete/catkin_ws2/install/GeographicLib/include/GeographicLib/Config.h
[0.176s] -- Up-to-date: /home/mete/catkin_ws2/install/GeographicLib/bin/CartConvert
[0.176s] -- Up-to-date: /home/mete/catkin_ws2/install/GeographicLib/bin/ConicProj
[0.176s] -- Up-to-date: /home/mete/catkin_ws2/install/GeographicLib/bin/GeodesicProj
[0.176s] -- Up-to-date: /home/mete/catkin_ws2/install/GeographicLib/bin/GeoConvert
[0.177s] -- Up-to-date: /home/mete/catkin_ws2/install/GeographicLib/bin/GeodSolve
[0.177s] -- Up-to-date: /home/mete/catkin_ws2/install/GeographicLib/bin/GeoidEval
[0.177s] -- Up-to-date: /home/mete/catkin_ws2/install/GeographicLib/bin/Gravity
[0.177s] -- Up-to-date: /home/mete/catkin_ws2/install/GeographicLib/bin/MagneticField
[0.177s] -- Up-to-date: /home/mete/catkin_ws2/install/GeographicLib/bin/Planimeter
[0.177s] -- Up-to-date: /home/mete/catkin_ws2/install/GeographicLib/bin/RhumbSolve
[0.177s] -- Up-to-date: /home/mete/catkin_ws2/install/GeographicLib/bin/TransverseMercatorProj
[0.177s] -- Up-to-date: /home/mete/catkin_ws2/install/GeographicLib/sbin/geographiclib-get-geoids
[0.177s] -- Up-to-date: /home/mete/catkin_ws2/install/GeographicLib/sbin/geographiclib-get-gravity
[0.177s] -- Up-to-date: /home/mete/catkin_ws2/install/GeographicLib/sbin/geographiclib-get-magnetic
[0.178s] -- Up-to-date: /home/mete/catkin_ws2/install/GeographicLib/share/man/man1/CartConvert.1
[0.178s] -- Up-to-date: /home/mete/catkin_ws2/install/GeographicLib/share/man/man1/ConicProj.1
[0.178s] -- Up-to-date: /home/mete/catkin_ws2/install/GeographicLib/share/man/man1/GeodesicProj.1
[0.178s] -- Up-to-date: /home/mete/catkin_ws2/install/GeographicLib/share/man/man1/GeoConvert.1
[0.178s] -- Up-to-date: /home/mete/catkin_ws2/install/GeographicLib/share/man/man1/GeodSolve.1
[0.178s] -- Up-to-date: /home/mete/catkin_ws2/install/GeographicLib/share/man/man1/GeoidEval.1
[0.178s] -- Up-to-date: /home/mete/catkin_ws2/install/GeographicLib/share/man/man1/Gravity.1
[0.178s] -- Up-to-date: /home/mete/catkin_ws2/install/GeographicLib/share/man/man1/MagneticField.1
[0.178s] -- Up-to-date: /home/mete/catkin_ws2/install/GeographicLib/share/man/man1/Planimeter.1
[0.178s] -- Up-to-date: /home/mete/catkin_ws2/install/GeographicLib/share/man/man1/RhumbSolve.1
[0.179s] -- Up-to-date: /home/mete/catkin_ws2/install/GeographicLib/share/man/man1/TransverseMercatorProj.1
[0.179s] -- Up-to-date: /home/mete/catkin_ws2/install/GeographicLib/share/man/man8/geographiclib-get-geoids.8
[0.179s] -- Up-to-date: /home/mete/catkin_ws2/install/GeographicLib/share/man/man8/geographiclib-get-gravity.8
[0.179s] -- Up-to-date: /home/mete/catkin_ws2/install/GeographicLib/share/man/man8/geographiclib-get-magnetic.8
[0.179s] -- Up-to-date: /home/mete/catkin_ws2/install/GeographicLib/share/doc/GeographicLib/html
[0.179s] -- Up-to-date: /home/mete/catkin_ws2/install/GeographicLib/share/doc/GeographicLib/html/index.html
[0.179s] -- Up-to-date: /home/mete/catkin_ws2/install/GeographicLib/share/doc/GeographicLib/html/LICENSE.txt
[0.179s] -- Up-to-date: /home/mete/catkin_ws2/install/GeographicLib/share/doc/GeographicLib/html/utilities.html
[0.179s] -- Up-to-date: /home/mete/catkin_ws2/install/GeographicLib/share/doc/GeographicLib-dev/CMakeLists.txt
[0.180s] -- Up-to-date: /home/mete/catkin_ws2/install/GeographicLib/share/doc/GeographicLib-dev/example-Accumulator.cpp
[0.180s] -- Up-to-date: /home/mete/catkin_ws2/install/GeographicLib/share/doc/GeographicLib-dev/example-AlbersEqualArea.cpp
[0.180s] -- Up-to-date: /home/mete/catkin_ws2/install/GeographicLib/share/doc/GeographicLib-dev/example-AzimuthalEquidistant.cpp
[0.180s] -- Up-to-date: /home/mete/catkin_ws2/install/GeographicLib/share/doc/GeographicLib-dev/example-CassiniSoldner.cpp
[0.180s] -- Up-to-date: /home/mete/catkin_ws2/install/GeographicLib/share/doc/GeographicLib-dev/example-CircularEngine.cpp
[0.180s] -- Up-to-date: /home/mete/catkin_ws2/install/GeographicLib/share/doc/GeographicLib-dev/example-Constants.cpp
[0.180s] -- Up-to-date: /home/mete/catkin_ws2/install/GeographicLib/share/doc/GeographicLib-dev/example-DMS.cpp
[0.180s] -- Up-to-date: /home/mete/catkin_ws2/install/GeographicLib/share/doc/GeographicLib-dev/example-DST.cpp
[0.180s] -- Up-to-date: /home/mete/catkin_ws2/install/GeographicLib/share/doc/GeographicLib-dev/example-Ellipsoid.cpp
[0.180s] -- Up-to-date: /home/mete/catkin_ws2/install/GeographicLib/share/doc/GeographicLib-dev/example-EllipticFunction.cpp
[0.180s] -- Up-to-date: /home/mete/catkin_ws2/install/GeographicLib/share/doc/GeographicLib-dev/example-GARS.cpp
[0.180s] -- Up-to-date: /home/mete/catkin_ws2/install/GeographicLib/share/doc/GeographicLib-dev/example-GeoCoords.cpp
[0.180s] -- Up-to-date: /home/mete/catkin_ws2/install/GeographicLib/share/doc/GeographicLib-dev/example-Geocentric.cpp
[0.180s] -- Up-to-date: /home/mete/catkin_ws2/install/GeographicLib/share/doc/GeographicLib-dev/example-Geodesic.cpp
[0.180s] -- Up-to-date: /home/mete/catkin_ws2/install/GeographicLib/share/doc/GeographicLib-dev/example-Geodesic-small.cpp
[0.180s] -- Up-to-date: /home/mete/catkin_ws2/install/GeographicLib/share/doc/GeographicLib-dev/example-GeodesicExact.cpp
[0.180s] -- Up-to-date: /home/mete/catkin_ws2/install/GeographicLib/share/doc/GeographicLib-dev/example-GeodesicLine.cpp
[0.180s] -- Up-to-date: /home/mete/catkin_ws2/install/GeographicLib/share/doc/GeographicLib-dev/example-GeodesicLineExact.cpp
[0.181s] -- Up-to-date: /home/mete/catkin_ws2/install/GeographicLib/share/doc/GeographicLib-dev/example-GeographicErr.cpp
[0.181s] -- Up-to-date: /home/mete/catkin_ws2/install/GeographicLib/share/doc/GeographicLib-dev/example-Geohash.cpp
[0.181s] -- Up-to-date: /home/mete/catkin_ws2/install/GeographicLib/share/doc/GeographicLib-dev/example-Geoid.cpp
[0.181s] -- Up-to-date: /home/mete/catkin_ws2/install/GeographicLib/share/doc/GeographicLib-dev/example-Georef.cpp
[0.181s] -- Up-to-date: /home/mete/catkin_ws2/install/GeographicLib/share/doc/GeographicLib-dev/example-Gnomonic.cpp
[0.181s] -- Up-to-date: /home/mete/catkin_ws2/install/GeographicLib/share/doc/GeographicLib-dev/example-GravityCircle.cpp
[0.182s] -- Up-to-date: /home/mete/catkin_ws2/install/GeographicLib/share/doc/GeographicLib-dev/example-GravityModel.cpp
[0.182s] -- Up-to-date: /home/mete/catkin_ws2/install/GeographicLib/share/doc/GeographicLib-dev/example-LambertConformalConic.cpp
[0.183s] -- Up-to-date: /home/mete/catkin_ws2/install/GeographicLib/share/doc/GeographicLib-dev/example-LocalCartesian.cpp
[0.183s] -- Up-to-date: /home/mete/catkin_ws2/install/GeographicLib/share/doc/GeographicLib-dev/example-MGRS.cpp
[0.183s] -- Up-to-date: /home/mete/catkin_ws2/install/GeographicLib/share/doc/GeographicLib-dev/example-MagneticCircle.cpp
[0.183s] -- Up-to-date: /home/mete/catkin_ws2/install/GeographicLib/share/doc/GeographicLib-dev/example-MagneticModel.cpp
[0.183s] -- Up-to-date: /home/mete/catkin_ws2/install/GeographicLib/share/doc/GeographicLib-dev/example-Math.cpp
[0.184s] -- Up-to-date: /home/mete/catkin_ws2/install/GeographicLib/share/doc/GeographicLib-dev/example-NearestNeighbor.cpp
[0.184s] -- Up-to-date: /home/mete/catkin_ws2/install/GeographicLib/share/doc/GeographicLib-dev/example-NormalGravity.cpp
[0.184s] -- Up-to-date: /home/mete/catkin_ws2/install/GeographicLib/share/doc/GeographicLib-dev/example-OSGB.cpp
[0.184s] -- Up-to-date: /home/mete/catkin_ws2/install/GeographicLib/share/doc/GeographicLib-dev/example-PolarStereographic.cpp
[0.185s] -- Up-to-date: /home/mete/catkin_ws2/install/GeographicLib/share/doc/GeographicLib-dev/example-PolygonArea.cpp
[0.185s] -- Up-to-date: /home/mete/catkin_ws2/install/GeographicLib/share/doc/GeographicLib-dev/example-Rhumb.cpp
[0.185s] -- Up-to-date: /home/mete/catkin_ws2/install/GeographicLib/share/doc/GeographicLib-dev/example-RhumbLine.cpp
[0.185s] -- Up-to-date: /home/mete/catkin_ws2/install/GeographicLib/share/doc/GeographicLib-dev/example-SphericalEngine.cpp
[0.185s] -- Up-to-date: /home/mete/catkin_ws2/install/GeographicLib/share/doc/GeographicLib-dev/example-SphericalHarmonic.cpp
[0.185s] -- Up-to-date: /home/mete/catkin_ws2/install/GeographicLib/share/doc/GeographicLib-dev/example-SphericalHarmonic1.cpp
[0.185s] -- Up-to-date: /home/mete/catkin_ws2/install/GeographicLib/share/doc/GeographicLib-dev/example-SphericalHarmonic2.cpp
[0.186s] -- Up-to-date: /home/mete/catkin_ws2/install/GeographicLib/share/doc/GeographicLib-dev/example-TransverseMercator.cpp
[0.186s] -- Up-to-date: /home/mete/catkin_ws2/install/GeographicLib/share/doc/GeographicLib-dev/example-TransverseMercatorExact.cpp
[0.186s] -- Up-to-date: /home/mete/catkin_ws2/install/GeographicLib/share/doc/GeographicLib-dev/example-UTMUPS.cpp
[0.186s] -- Up-to-date: /home/mete/catkin_ws2/install/GeographicLib/share/doc/GeographicLib-dev/example-Utility.cpp
[0.187s] -- Up-to-date: /home/mete/catkin_ws2/install/GeographicLib/share/doc/GeographicLib-dev/GeoidToGTX.cpp
[0.187s] -- Up-to-date: /home/mete/catkin_ws2/install/GeographicLib/share/doc/GeographicLib-dev/make-egmcof.cpp
[0.187s] -- Up-to-date: /home/mete/catkin_ws2/install/GeographicLib/share/doc/GeographicLib-dev/JacobiConformal.cpp
[0.187s] -- Up-to-date: /home/mete/catkin_ws2/install/GeographicLib/share/doc/GeographicLib-dev/JacobiConformal.hpp
[0.187s] -- Up-to-date: /home/mete/catkin_ws2/install/GeographicLib/lib/cmake/GeographicLib/geographiclib-config.cmake
[0.188s] -- Up-to-date: /home/mete/catkin_ws2/install/GeographicLib/lib/cmake/GeographicLib/geographiclib-config-version.cmake
[0.188s] -- Up-to-date: /home/mete/catkin_ws2/install/GeographicLib/lib/cmake/GeographicLib/geographiclib-targets.cmake
[0.188s] -- Up-to-date: /home/mete/catkin_ws2/install/GeographicLib/lib/cmake/GeographicLib/geographiclib-targets-release.cmake
[0.189s] -- Up-to-date: /home/mete/catkin_ws2/install/GeographicLib/lib/pkgconfig/geographiclib.pc
[0.189s] Invoked command in '/home/mete/catkin_ws2/build/GeographicLib' returned '0': /usr/bin/cmake --install /home/mete/catkin_ws2/build/GeographicLib
