[0.021s] Invoking command in '/home/mete/catkin_ws2/build/parser': CMAKE_PREFIX_PATH=${CMAKE_PREFIX_PATH}:/opt/ros/foxy /usr/bin/cmake --build /home/mete/catkin_ws2/build/parser -- -j12 -l12
[0.043s] -- Reading /home/mete/catkin_ws2/install/GeographicLib/lib/cmake/GeographicLib/geographiclib-config.cmake
[0.043s] -- GeographicLib configuration, version 2.1
[0.044s] --   ${GeographicLib_LIBRARIES} set to shared library
[0.044s] -- Found rclcpp: 2.4.1 (/opt/ros/foxy/share/rclcpp/cmake)
[0.067s] -- Using PYTHON_EXECUTABLE: /usr/bin/python3
[0.266s] -- Using all available rosidl_typesupport_c: rosidl_typesupport_fastrtps_c;rosidl_typesupport_introspection_c
[0.269s] -- Found rosidl_adapter: 1.2.1 (/opt/ros/foxy/share/rosidl_adapter/cmake)
[0.366s] -- Using all available rosidl_typesupport_cpp: rosidl_typesupport_fastrtps_cpp;rosidl_typesupport_introspection_cpp
[0.406s] -- Found rmw_implementation_cmake: 1.0.3 (/opt/ros/foxy/share/rmw_implementation_cmake/cmake)
[0.408s] -- Using RMW implementation 'rmw_fastrtps_cpp' as default
[0.522s] -- Found nav_msgs: 2.0.5 (/opt/ros/foxy/share/nav_msgs/cmake)
[0.615s] -- Found ament_lint_auto: 0.9.6 (/opt/ros/foxy/share/ament_lint_auto/cmake)
[0.662s] -- Added test 'copyright' to check source files copyright and LICENSE
[0.663s] -- Added test 'cppcheck' to perform static code analysis on C / C++ code
[0.663s] -- Configured cppcheck include dirs: 
[0.663s] -- Configured cppcheck exclude dirs and/or files: 
[0.664s] -- Added test 'cpplint' to check C / C++ code against the Google style
[0.664s] -- Configured cpplint exclude dirs and/or files: 
[0.664s] -- Added test 'lint_cmake' to check CMake code style
[0.665s] -- Added test 'uncrustify' to check C / C++ code style
[0.665s] -- Configured uncrustify additional arguments: 
[0.666s] -- Added test 'xmllint' to check XML markup files
[0.667s] -- Configuring done
[0.675s] -- Generating done
[0.676s] -- Build files have been written to: /home/mete/catkin_ws2/build/parser
[0.695s] [35m[1mScanning dependencies of target local_cartesian[0m
[0.702s] [ 50%] Built target parser_geo
[0.716s] [ 75%] [32mBuilding CXX object CMakeFiles/local_cartesian.dir/src/local_cartesian.cpp.o[0m
[0.801s] [01m[K/home/mete/catkin_ws2/src/parser/src/local_cartesian.cpp:18:10:[m[K [01;31m[Kfatal error: [m[Kgeometry_msgs/msg/path.hpp: No such file or directory
[0.801s]    18 | #include [01;31m[K<geometry_msgs/msg/path.hpp>[m[K
[0.801s]       |          [01;31m[K^~~~~~~~~~~~~~~~~~~~~~~~~~~~[m[K
[0.801s] compilation terminated.
[0.805s] make[2]: *** [CMakeFiles/local_cartesian.dir/build.make:63: CMakeFiles/local_cartesian.dir/src/local_cartesian.cpp.o] Error 1
[0.805s] make[1]: *** [CMakeFiles/Makefile2:80: CMakeFiles/local_cartesian.dir/all] Error 2
[0.805s] make: *** [Makefile:141: all] Error 2
[0.807s] Invoked command in '/home/mete/catkin_ws2/build/parser' returned '2': CMAKE_PREFIX_PATH=${CMAKE_PREFIX_PATH}:/opt/ros/foxy /usr/bin/cmake --build /home/mete/catkin_ws2/build/parser -- -j12 -l12
