[0.010s] Invoking command in '/home/mete/catkin_ws2/build/localization': CMAKE_PREFIX_PATH=/home/mete/catkin_ws2/install/GeographicLib:/home/mete/catkin_ws2/install/localization:/home/mete/catkin_ws/install/perception_pcl:/home/mete/catkin_ws/install/pcl_ros:/home/mete/catkin_ws/install/pcl:/home/mete/catkin_ws/install/pcl_conversions:/home/mete/catkin_ws/install/localization:/opt/ros/foxy LD_LIBRARY_PATH=/home/mete/catkin_ws2/install/GeographicLib/lib:${LD_LIBRARY_PATH} PATH=/home/mete/catkin_ws2/install/GeographicLib/bin:${PATH} /usr/bin/cmake --build /home/mete/catkin_ws2/build/localization -- -j12 -l12
[0.030s] -- Reading /home/mete/catkin_ws2/install/GeographicLib/lib/cmake/GeographicLib/geographiclib-config.cmake
[0.030s] -- GeographicLib configuration, version 2.1
[0.031s] --   ${GeographicLib_LIBRARIES} set to shared library
[0.031s] -- Found ament_cmake: 0.9.9 (/opt/ros/foxy/share/ament_cmake/cmake)
[0.048s] -- Using PYTHON_EXECUTABLE: /usr/bin/python3
[0.189s] -- Found ament_lint_auto: 0.9.6 (/opt/ros/foxy/share/ament_lint_auto/cmake)
[0.236s] -- Added test 'copyright' to check source files copyright and LICENSE
[0.237s] -- Added test 'cppcheck' to perform static code analysis on C / C++ code
[0.237s] -- Configured cppcheck include dirs: 
[0.237s] -- Configured cppcheck exclude dirs and/or files: 
[0.237s] -- Added test 'cpplint' to check C / C++ code against the Google style
[0.237s] -- Configured cpplint exclude dirs and/or files: 
[0.238s] -- Added test 'lint_cmake' to check CMake code style
[0.238s] -- Added test 'uncrustify' to check C / C++ code style
[0.238s] -- Configured uncrustify additional arguments: 
[0.239s] -- Added test 'xmllint' to check XML markup files
[0.240s] -- Configuring done
[0.242s] -- Generating done
[0.243s] -- Build files have been written to: /home/mete/catkin_ws2/build/localization
[0.258s] [35m[1mScanning dependencies of target localization[0m
[0.266s] [ 50%] [32mBuilding CXX object CMakeFiles/localization.dir/src/example-Geodesic-small.cpp.o[0m
[0.491s] [100%] [32m[1mLinking CXX executable localization[0m
[0.545s] [100%] Built target localization
[0.553s] Invoked command in '/home/mete/catkin_ws2/build/localization' returned '0': CMAKE_PREFIX_PATH=/home/mete/catkin_ws2/install/GeographicLib:/home/mete/catkin_ws2/install/localization:/home/mete/catkin_ws/install/perception_pcl:/home/mete/catkin_ws/install/pcl_ros:/home/mete/catkin_ws/install/pcl:/home/mete/catkin_ws/install/pcl_conversions:/home/mete/catkin_ws/install/localization:/opt/ros/foxy LD_LIBRARY_PATH=/home/mete/catkin_ws2/install/GeographicLib/lib:${LD_LIBRARY_PATH} PATH=/home/mete/catkin_ws2/install/GeographicLib/bin:${PATH} /usr/bin/cmake --build /home/mete/catkin_ws2/build/localization -- -j12 -l12
[0.573s] Invoking command in '/home/mete/catkin_ws2/build/localization': CMAKE_PREFIX_PATH=/home/mete/catkin_ws2/install/GeographicLib:/home/mete/catkin_ws2/install/localization:/home/mete/catkin_ws/install/perception_pcl:/home/mete/catkin_ws/install/pcl_ros:/home/mete/catkin_ws/install/pcl:/home/mete/catkin_ws/install/pcl_conversions:/home/mete/catkin_ws/install/localization:/opt/ros/foxy LD_LIBRARY_PATH=/home/mete/catkin_ws2/install/GeographicLib/lib:${LD_LIBRARY_PATH} PATH=/home/mete/catkin_ws2/install/GeographicLib/bin:${PATH} /usr/bin/cmake --install /home/mete/catkin_ws2/build/localization
[0.580s] -- Install configuration: ""
[0.580s] -- Installing: /home/mete/catkin_ws2/install/localization/share/ament_index/resource_index/package_run_dependencies/localization
[0.580s] -- Installing: /home/mete/catkin_ws2/install/localization/share/ament_index/resource_index/parent_prefix_path/localization
[0.580s] -- Up-to-date: /home/mete/catkin_ws2/install/localization/share/localization/environment/ament_prefix_path.sh
[0.580s] -- Installing: /home/mete/catkin_ws2/install/localization/share/localization/environment/ament_prefix_path.dsv
[0.580s] -- Up-to-date: /home/mete/catkin_ws2/install/localization/share/localization/environment/path.sh
[0.580s] -- Installing: /home/mete/catkin_ws2/install/localization/share/localization/environment/path.dsv
[0.580s] -- Up-to-date: /home/mete/catkin_ws2/install/localization/share/localization/local_setup.bash
[0.580s] -- Up-to-date: /home/mete/catkin_ws2/install/localization/share/localization/local_setup.sh
[0.581s] -- Up-to-date: /home/mete/catkin_ws2/install/localization/share/localization/local_setup.zsh
[0.581s] -- Installing: /home/mete/catkin_ws2/install/localization/share/localization/local_setup.dsv
[0.581s] -- Installing: /home/mete/catkin_ws2/install/localization/share/localization/package.dsv
[0.581s] -- Up-to-date: /home/mete/catkin_ws2/install/localization/share/ament_index/resource_index/packages/localization
[0.581s] -- Up-to-date: /home/mete/catkin_ws2/install/localization/share/localization/cmake/localizationConfig.cmake
[0.581s] -- Up-to-date: /home/mete/catkin_ws2/install/localization/share/localization/cmake/localizationConfig-version.cmake
[0.581s] -- Installing: /home/mete/catkin_ws2/install/localization/share/localization/package.xml
[0.582s] Invoked command in '/home/mete/catkin_ws2/build/localization' returned '0': CMAKE_PREFIX_PATH=/home/mete/catkin_ws2/install/GeographicLib:/home/mete/catkin_ws2/install/localization:/home/mete/catkin_ws/install/perception_pcl:/home/mete/catkin_ws/install/pcl_ros:/home/mete/catkin_ws/install/pcl:/home/mete/catkin_ws/install/pcl_conversions:/home/mete/catkin_ws/install/localization:/opt/ros/foxy LD_LIBRARY_PATH=/home/mete/catkin_ws2/install/GeographicLib/lib:${LD_LIBRARY_PATH} PATH=/home/mete/catkin_ws2/install/GeographicLib/bin:${PATH} /usr/bin/cmake --install /home/mete/catkin_ws2/build/localization
