This file contains any messages produced by compilers while
running configure, to aid debugging if configure makes a mistake.

It was created by libkml configure 1.3.0, which was
generated by GNU Autoconf 2.69.  Invocation command line was

  $ ./configure 

## --------- ##
## Platform. ##
## --------- ##

hostname = mete
uname -m = x86_64
uname -r = 5.13.0-52-generic
uname -s = Linux
uname -v = #59~20.04.1-Ubuntu SMP Thu Jun 16 21:21:28 UTC 2022

/usr/bin/uname -p = x86_64
/bin/uname -X     = unknown

/bin/arch              = x86_64
/usr/bin/arch -k       = unknown
/usr/convex/getsysinfo = unknown
/usr/bin/hostinfo      = unknown
/bin/machine           = unknown
/usr/bin/oslevel       = unknown
/bin/universe          = unknown

PATH: /home/mete/catkin_ws2/install/GeographicLib/bin
PATH: /opt/ros/foxy/bin
PATH: /usr/local/sbin
PATH: /usr/local/bin
PATH: /usr/sbin
PATH: /usr/bin
PATH: /sbin
PATH: /bin
PATH: /usr/games
PATH: /usr/local/games
PATH: /snap/bin


## ----------- ##
## Core tests. ##
## ----------- ##

configure:2504: checking for a BSD-compatible install
configure:2572: result: /usr/bin/install -c
configure:2583: checking whether build environment is sane
configure:2638: result: yes
configure:2787: checking for a thread-safe mkdir -p
configure:2826: result: /usr/bin/mkdir -p
configure:2833: checking for gawk
configure:2863: result: no
configure:2833: checking for mawk
configure:2849: found /usr/bin/mawk
configure:2860: result: mawk
configure:2871: checking whether make sets $(MAKE)
configure:2893: result: yes
configure:2922: checking whether make supports nested variables
configure:2939: result: yes
configure:3069: checking whether make supports the include directive
configure:3084: make -f confmf.GNU && cat confinc.out
this is the am__doit target
configure:3087: $? = 0
configure:3106: result: yes (GNU style)
configure:3176: checking for gcc
configure:3192: found /usr/bin/gcc
configure:3203: result: gcc
configure:3432: checking for C compiler version
configure:3441: gcc --version >&5
gcc (Ubuntu 9.4.0-1ubuntu1~20.04.1) 9.4.0
Copyright (C) 2019 Free Software Foundation, Inc.
This is free software; see the source for copying conditions.  There is NO
warranty; not even for MERCHANTABILITY or FITNESS FOR A PARTICULAR PURPOSE.

configure:3452: $? = 0
configure:3441: gcc -v >&5
Using built-in specs.
COLLECT_GCC=gcc
COLLECT_LTO_WRAPPER=/usr/lib/gcc/x86_64-linux-gnu/9/lto-wrapper
OFFLOAD_TARGET_NAMES=nvptx-none:hsa
OFFLOAD_TARGET_DEFAULT=1
Target: x86_64-linux-gnu
Configured with: ../src/configure -v --with-pkgversion='Ubuntu 9.4.0-1ubuntu1~20.04.1' --with-bugurl=file:///usr/share/doc/gcc-9/README.Bugs --enable-languages=c,ada,c++,go,brig,d,fortran,objc,obj-c++,gm2 --prefix=/usr --with-gcc-major-version-only --program-suffix=-9 --program-prefix=x86_64-linux-gnu- --enable-shared --enable-linker-build-id --libexecdir=/usr/lib --without-included-gettext --enable-threads=posix --libdir=/usr/lib --enable-nls --enable-clocale=gnu --enable-libstdcxx-debug --enable-libstdcxx-time=yes --with-default-libstdcxx-abi=new --enable-gnu-unique-object --disable-vtable-verify --enable-plugin --enable-default-pie --with-system-zlib --with-target-system-zlib=auto --enable-objc-gc=auto --enable-multiarch --disable-werror --with-arch-32=i686 --with-abi=m64 --with-multilib-list=m32,m64,mx32 --enable-multilib --with-tune=generic --enable-offload-targets=nvptx-none=/build/gcc-9-Av3uEd/gcc-9-9.4.0/debian/tmp-nvptx/usr,hsa --without-cuda-driver --enable-checking=release --build=x86_64-linux-gnu --host=x86_64-linux-gnu --target=x86_64-linux-gnu
Thread model: posix
gcc version 9.4.0 (Ubuntu 9.4.0-1ubuntu1~20.04.1) 
configure:3452: $? = 0
configure:3441: gcc -V >&5
gcc: error: unrecognized command line option '-V'
gcc: fatal error: no input files
compilation terminated.
configure:3452: $? = 1
configure:3441: gcc -qversion >&5
gcc: error: unrecognized command line option '-qversion'; did you mean '--version'?
gcc: fatal error: no input files
compilation terminated.
configure:3452: $? = 1
configure:3472: checking whether the C compiler works
configure:3494: gcc    conftest.c  >&5
configure:3498: $? = 0
configure:3546: result: yes
configure:3549: checking for C compiler default output file name
configure:3551: result: a.out
configure:3557: checking for suffix of executables
configure:3564: gcc -o conftest    conftest.c  >&5
configure:3568: $? = 0
configure:3590: result: 
configure:3612: checking whether we are cross compiling
configure:3620: gcc -o conftest    conftest.c  >&5
configure:3624: $? = 0
configure:3631: ./conftest
configure:3635: $? = 0
configure:3623: result: no
configure:3628: checking for suffix of object files
configure:3650: gcc -c   conftest.c >&5
configure:3654: $? = 0
configure:3675: result: o
configure:3679: checking whether we are using the GNU C compiler
configure:3698: gcc -c   conftest.c >&5
configure:3698: $? = 0
configure:3707: result: yes
configure:3716: checking whether gcc accepts -g
configure:3736: gcc -c -g  conftest.c >&5
configure:3736: $? = 0
configure:3777: result: yes
configure:3794: checking for gcc option to accept ISO C89
configure:3857: gcc  -c -g -O2  conftest.c >&5
configure:3857: $? = 0
configure:3870: result: none needed
configure:3895: checking whether gcc understands -c and -o together
configure:3917: gcc -c conftest.c -o conftest2.o
configure:3920: $? = 0
configure:3917: gcc -c conftest.c -o conftest2.o
configure:3920: $? = 0
configure:3932: result: yes
configure:3951: checking dependency style of gcc
configure:4062: result: gcc3
configure:4127: checking for ar
configure:4143: found /usr/bin/ar
configure:4154: result: ar
configure:4180: checking the archiver (ar) interface
configure:4196: gcc -c -g -O2  conftest.c >&5
configure:4196: $? = 0
configure:4198: ar cru libconftest.a conftest.o >&5
ar: `u' modifier ignored since `D' is the default (see `U')
configure:4201: $? = 0
configure:4200: result: ar
configure:4226: checking how to run the C preprocessor
configure:4257: gcc -E  conftest.c
configure:4257: $? = 0
configure:4271: gcc -E  conftest.c
conftest.c:11:10: fatal error: ac_nonexistent.h: No such file or directory
   11 | #include <ac_nonexistent.h>
      |          ^~~~~~~~~~~~~~~~~~
compilation terminated.
configure:4271: $? = 1
configure: failed program was:
| /* confdefs.h */
| #define PACKAGE_NAME "libkml"
| #define PACKAGE_TARNAME "libkml"
| #define PACKAGE_VERSION "1.3.0"
| #define PACKAGE_STRING "libkml 1.3.0"
| #define PACKAGE_BUGREPORT "http://code.google.com/p/libkml/issues"
| #define PACKAGE_URL ""
| #define PACKAGE "libkml"
| #define VERSION "1.3.0"
| /* end confdefs.h.  */
| #include <ac_nonexistent.h>
configure:4296: result: gcc -E
configure:4316: gcc -E  conftest.c
configure:4316: $? = 0
configure:4330: gcc -E  conftest.c
conftest.c:11:10: fatal error: ac_nonexistent.h: No such file or directory
   11 | #include <ac_nonexistent.h>
      |          ^~~~~~~~~~~~~~~~~~
compilation terminated.
configure:4330: $? = 1
configure: failed program was:
| /* confdefs.h */
| #define PACKAGE_NAME "libkml"
| #define PACKAGE_TARNAME "libkml"
| #define PACKAGE_VERSION "1.3.0"
| #define PACKAGE_STRING "libkml 1.3.0"
| #define PACKAGE_BUGREPORT "http://code.google.com/p/libkml/issues"
| #define PACKAGE_URL ""
| #define PACKAGE "libkml"
| #define VERSION "1.3.0"
| /* end confdefs.h.  */
| #include <ac_nonexistent.h>
configure:4416: checking for g++
configure:4432: found /usr/bin/g++
configure:4443: result: g++
configure:4470: checking for C++ compiler version
configure:4479: g++ --version >&5
g++ (Ubuntu 9.4.0-1ubuntu1~20.04.1) 9.4.0
Copyright (C) 2019 Free Software Foundation, Inc.
This is free software; see the source for copying conditions.  There is NO
warranty; not even for MERCHANTABILITY or FITNESS FOR A PARTICULAR PURPOSE.

configure:4490: $? = 0
configure:4479: g++ -v >&5
Using built-in specs.
COLLECT_GCC=g++
COLLECT_LTO_WRAPPER=/usr/lib/gcc/x86_64-linux-gnu/9/lto-wrapper
OFFLOAD_TARGET_NAMES=nvptx-none:hsa
OFFLOAD_TARGET_DEFAULT=1
Target: x86_64-linux-gnu
Configured with: ../src/configure -v --with-pkgversion='Ubuntu 9.4.0-1ubuntu1~20.04.1' --with-bugurl=file:///usr/share/doc/gcc-9/README.Bugs --enable-languages=c,ada,c++,go,brig,d,fortran,objc,obj-c++,gm2 --prefix=/usr --with-gcc-major-version-only --program-suffix=-9 --program-prefix=x86_64-linux-gnu- --enable-shared --enable-linker-build-id --libexecdir=/usr/lib --without-included-gettext --enable-threads=posix --libdir=/usr/lib --enable-nls --enable-clocale=gnu --enable-libstdcxx-debug --enable-libstdcxx-time=yes --with-default-libstdcxx-abi=new --enable-gnu-unique-object --disable-vtable-verify --enable-plugin --enable-default-pie --with-system-zlib --with-target-system-zlib=auto --enable-objc-gc=auto --enable-multiarch --disable-werror --with-arch-32=i686 --with-abi=m64 --with-multilib-list=m32,m64,mx32 --enable-multilib --with-tune=generic --enable-offload-targets=nvptx-none=/build/gcc-9-Av3uEd/gcc-9-9.4.0/debian/tmp-nvptx/usr,hsa --without-cuda-driver --enable-checking=release --build=x86_64-linux-gnu --host=x86_64-linux-gnu --target=x86_64-linux-gnu
Thread model: posix
gcc version 9.4.0 (Ubuntu 9.4.0-1ubuntu1~20.04.1) 
configure:4490: $? = 0
configure:4479: g++ -V >&5
g++: error: unrecognized command line option '-V'
g++: fatal error: no input files
compilation terminated.
configure:4490: $? = 1
configure:4479: g++ -qversion >&5
g++: error: unrecognized command line option '-qversion'; did you mean '--version'?
g++: fatal error: no input files
compilation terminated.
configure:4490: $? = 1
configure:4494: checking whether we are using the GNU C++ compiler
configure:4513: g++ -c   conftest.cpp >&5
configure:4513: $? = 0
configure:4522: result: yes
configure:4531: checking whether g++ accepts -g
configure:4551: g++ -c -g  conftest.cpp >&5
configure:4551: $? = 0
configure:4592: result: yes
configure:4617: checking dependency style of g++
configure:4728: result: gcc3
configure:4773: checking build system type
configure:4787: result: x86_64-pc-linux-gnu
configure:4807: checking host system type
configure:4820: result: x86_64-pc-linux-gnu
configure:4861: checking how to print strings
configure:4888: result: printf
configure:4909: checking for a sed that does not truncate output
configure:4973: result: /usr/bin/sed
configure:4991: checking for grep that handles long lines and -e
configure:5049: result: /usr/bin/grep
configure:5054: checking for egrep
configure:5116: result: /usr/bin/grep -E
configure:5121: checking for fgrep
configure:5183: result: /usr/bin/grep -F
configure:5218: checking for ld used by gcc
configure:5285: result: /usr/bin/ld
configure:5292: checking if the linker (/usr/bin/ld) is GNU ld
configure:5307: result: yes
configure:5319: checking for BSD- or MS-compatible name lister (nm)
configure:5373: result: /usr/bin/nm -B
configure:5503: checking the name lister (/usr/bin/nm -B) interface
configure:5510: gcc -c -g -O2  conftest.c >&5
configure:5513: /usr/bin/nm -B "conftest.o"
configure:5516: output
0000000000000000 B some_variable
configure:5517: result: BSD nm
configure:5520: checking whether ln -s works
configure:5524: result: yes
configure:5532: checking the maximum length of command line arguments
configure:5663: result: 1572864
configure:5711: checking how to convert x86_64-pc-linux-gnu file names to x86_64-pc-linux-gnu format
configure:5751: result: func_convert_file_noop
configure:5758: checking how to convert x86_64-pc-linux-gnu file names to toolchain format
configure:5778: result: func_convert_file_noop
configure:5785: checking for /usr/bin/ld option to reload object files
configure:5792: result: -r
configure:5866: checking for objdump
configure:5882: found /usr/bin/objdump
configure:5893: result: objdump
configure:5925: checking how to recognize dependent libraries
configure:6125: result: pass_all
configure:6210: checking for dlltool
configure:6240: result: no
configure:6270: checking how to associate runtime and link libraries
configure:6297: result: printf %s\n
configure:6421: checking for archiver @FILE support
configure:6438: gcc -c -g -O2  conftest.c >&5
configure:6438: $? = 0
configure:6441: ar cr libconftest.a @conftest.lst >&5
configure:6444: $? = 0
configure:6449: ar cr libconftest.a @conftest.lst >&5
ar: conftest.o: No such file or directory
configure:6452: $? = 1
configure:6451: result: @
configure:6509: checking for strip
configure:6525: found /usr/bin/strip
configure:6536: result: strip
configure:6608: checking for ranlib
configure:6624: found /usr/bin/ranlib
configure:6635: result: ranlib
configure:6737: checking command to parse /usr/bin/nm -B output from gcc object
configure:6890: gcc -c -g -O2  conftest.c >&5
configure:6893: $? = 0
configure:6897: /usr/bin/nm -B conftest.o | sed -n -e 's/^.*[	 ]\([ABCDGIRSTW][ABCDGIRSTW]*\)[	 ][	 ]*\([_A-Za-z][_A-Za-z0-9]*\)$/\1 \2 \2/p' | sed '/ __gnu_lto/d' > conftest.nm
configure:6963: gcc -o conftest -g -O2   conftest.c conftstm.o >&5
configure:6966: $? = 0
configure:7004: result: ok
configure:7051: checking for sysroot
configure:7081: result: no
configure:7088: checking for a working dd
configure:7126: result: /usr/bin/dd
configure:7130: checking how to truncate binary pipes
configure:7145: result: /usr/bin/dd bs=4096 count=1
configure:7281: gcc -c -g -O2  conftest.c >&5
configure:7284: $? = 0
configure:7474: checking for mt
configure:7490: found /usr/bin/mt
configure:7501: result: mt
configure:7524: checking if mt is a manifest tool
configure:7530: mt '-?'
configure:7538: result: no
configure:8211: checking for ANSI C header files
configure:8231: gcc -c -g -O2  conftest.c >&5
configure:8231: $? = 0
configure:8304: gcc -o conftest -g -O2   conftest.c  >&5
configure:8304: $? = 0
configure:8304: ./conftest
configure:8304: $? = 0
configure:8315: result: yes
configure:8328: checking for sys/types.h
configure:8328: gcc -c -g -O2  conftest.c >&5
configure:8328: $? = 0
configure:8328: result: yes
configure:8328: checking for sys/stat.h
configure:8328: gcc -c -g -O2  conftest.c >&5
configure:8328: $? = 0
configure:8328: result: yes
configure:8328: checking for stdlib.h
configure:8328: gcc -c -g -O2  conftest.c >&5
configure:8328: $? = 0
configure:8328: result: yes
configure:8328: checking for string.h
configure:8328: gcc -c -g -O2  conftest.c >&5
configure:8328: $? = 0
configure:8328: result: yes
configure:8328: checking for memory.h
configure:8328: gcc -c -g -O2  conftest.c >&5
configure:8328: $? = 0
configure:8328: result: yes
configure:8328: checking for strings.h
configure:8328: gcc -c -g -O2  conftest.c >&5
configure:8328: $? = 0
configure:8328: result: yes
configure:8328: checking for inttypes.h
configure:8328: gcc -c -g -O2  conftest.c >&5
configure:8328: $? = 0
configure:8328: result: yes
configure:8328: checking for stdint.h
configure:8328: gcc -c -g -O2  conftest.c >&5
configure:8328: $? = 0
configure:8328: result: yes
configure:8328: checking for unistd.h
configure:8328: gcc -c -g -O2  conftest.c >&5
configure:8328: $? = 0
configure:8328: result: yes
configure:8342: checking for dlfcn.h
configure:8342: gcc -c -g -O2  conftest.c >&5
configure:8342: $? = 0
configure:8342: result: yes
configure:8609: checking for objdir
configure:8624: result: .libs
configure:8888: checking if gcc supports -fno-rtti -fno-exceptions
configure:8906: gcc -c -g -O2  -fno-rtti -fno-exceptions conftest.c >&5
cc1: warning: command line option '-fno-rtti' is valid for C++/D/ObjC++ but not for C
configure:8910: $? = 0
configure:8923: result: no
configure:9287: checking for gcc option to produce PIC
configure:9294: result: -fPIC -DPIC
configure:9302: checking if gcc PIC flag -fPIC -DPIC works
configure:9320: gcc -c -g -O2  -fPIC -DPIC -DPIC conftest.c >&5
configure:9324: $? = 0
configure:9337: result: yes
configure:9366: checking if gcc static flag -static works
configure:9394: result: yes
configure:9409: checking if gcc supports -c -o file.o
configure:9430: gcc -c -g -O2  -o out/conftest2.o conftest.c >&5
configure:9434: $? = 0
configure:9456: result: yes
configure:9464: checking if gcc supports -c -o file.o
configure:9511: result: yes
configure:9544: checking whether the gcc linker (/usr/bin/ld -m elf_x86_64) supports shared libraries
configure:10807: result: yes
configure:10844: checking whether -lc should be explicitly linked in
configure:10852: gcc -c -g -O2  conftest.c >&5
configure:10855: $? = 0
configure:10870: gcc -shared  -fPIC -DPIC conftest.o  -v -Wl,-soname -Wl,conftest -o conftest 2\>\&1 \| /usr/bin/grep  -lc  \>/dev/null 2\>\&1
configure:10873: $? = 0
configure:10887: result: no
configure:11047: checking dynamic linker characteristics
configure:11628: gcc -o conftest -g -O2   -Wl,-rpath -Wl,/foo conftest.c  >&5
configure:11628: $? = 0
configure:11877: result: GNU/Linux ld.so
configure:11999: checking how to hardcode library paths into programs
configure:12024: result: immediate
configure:12572: checking whether stripping libraries is possible
configure:12577: result: yes
configure:12612: checking if libtool supports shared libraries
configure:12614: result: yes
configure:12617: checking whether to build shared libraries
configure:12642: result: yes
configure:12645: checking whether to build static libraries
configure:12649: result: yes
configure:9448: checking how to run the C++ preprocessor
configure:9475: g++ -E  conftest.cpp
configure:9475: $? = 0
configure:9489: g++ -E  conftest.cpp
conftest.cpp:23:10: fatal error: ac_nonexistent.h: No such file or directory
   23 | #include <ac_nonexistent.h>
      |          ^~~~~~~~~~~~~~~~~~
compilation terminated.
configure:9489: $? = 1
configure: failed program was:
| /* confdefs.h */
| #define PACKAGE_NAME "libkml"
| #define PACKAGE_TARNAME "libkml"
| #define PACKAGE_VERSION "1.3.0"
| #define PACKAGE_STRING "libkml 1.3.0"
| #define PACKAGE_BUGREPORT "http://code.google.com/p/libkml/issues"
| #define PACKAGE_URL ""
| #define PACKAGE "libkml"
| #define VERSION "1.3.0"
| #define STDC_HEADERS 1
| #define HAVE_SYS_TYPES_H 1
| #define HAVE_SYS_STAT_H 1
| #define HAVE_STDLIB_H 1
| #define HAVE_STRING_H 1
| #define HAVE_MEMORY_H 1
| #define HAVE_STRINGS_H 1
| #define HAVE_INTTYPES_H 1
| #define HAVE_STDINT_H 1
| #define HAVE_UNISTD_H 1
| #define HAVE_DLFCN_H 1
| #define LT_OBJDIR ".libs/"
| /* end confdefs.h.  */
| #include <ac_nonexistent.h>
configure:9514: result: g++ -E
configure:9534: g++ -E  conftest.cpp
configure:9534: $? = 0
configure:9548: g++ -E  conftest.cpp
conftest.cpp:23:10: fatal error: ac_nonexistent.h: No such file or directory
   23 | #include <ac_nonexistent.h>
      |          ^~~~~~~~~~~~~~~~~~
compilation terminated.
configure:9548: $? = 1
configure: failed program was:
| /* confdefs.h */
| #define PACKAGE_NAME "libkml"
| #define PACKAGE_TARNAME "libkml"
| #define PACKAGE_VERSION "1.3.0"
| #define PACKAGE_STRING "libkml 1.3.0"
| #define PACKAGE_BUGREPORT "http://code.google.com/p/libkml/issues"
| #define PACKAGE_URL ""
| #define PACKAGE "libkml"
| #define VERSION "1.3.0"
| #define STDC_HEADERS 1
| #define HAVE_SYS_TYPES_H 1
| #define HAVE_SYS_STAT_H 1
| #define HAVE_STDLIB_H 1
| #define HAVE_STRING_H 1
| #define HAVE_MEMORY_H 1
| #define HAVE_STRINGS_H 1
| #define HAVE_INTTYPES_H 1
| #define HAVE_STDINT_H 1
| #define HAVE_UNISTD_H 1
| #define HAVE_DLFCN_H 1
| #define LT_OBJDIR ".libs/"
| /* end confdefs.h.  */
| #include <ac_nonexistent.h>
configure:9710: checking for ld used by g++
configure:9777: result: /usr/bin/ld -m elf_x86_64
configure:9784: checking if the linker (/usr/bin/ld -m elf_x86_64) is GNU ld
configure:9799: result: yes
configure:9854: checking whether the g++ linker (/usr/bin/ld -m elf_x86_64) supports shared libraries
configure:10927: result: yes
configure:10963: g++ -c -g -O2  conftest.cpp >&5
configure:10966: $? = 0
configure:11447: checking for g++ option to produce PIC
configure:11454: result: -fPIC -DPIC
configure:11462: checking if g++ PIC flag -fPIC -DPIC works
configure:11480: g++ -c -g -O2  -fPIC -DPIC -DPIC conftest.cpp >&5
configure:11484: $? = 0
configure:11497: result: yes
configure:11520: checking if g++ static flag -static works
configure:11548: result: yes
configure:11560: checking if g++ supports -c -o file.o
configure:11581: g++ -c -g -O2  -o out/conftest2.o conftest.cpp >&5
configure:11585: $? = 0
configure:11607: result: yes
configure:11612: checking if g++ supports -c -o file.o
configure:11659: result: yes
configure:11689: checking whether the g++ linker (/usr/bin/ld -m elf_x86_64) supports shared libraries
configure:11732: result: yes
configure:11873: checking dynamic linker characteristics
configure:12630: result: GNU/Linux ld.so
configure:12695: checking how to hardcode library paths into programs
configure:12720: result: immediate
configure:11613: checking for an ANSI C-conforming const
configure:11679: gcc -c -g -O2  conftest.c >&5
configure:11679: $? = 0
configure:11686: result: yes
configure:11694: checking for inline
configure:11710: gcc -c -g -O2  conftest.c >&5
configure:11710: $? = 0
configure:11718: result: inline
configure:11738: checking for stdlib.h
configure:11738: result: yes
configure:11748: checking for GNU libc compatible malloc
configure:11772: gcc -o conftest -g -O2   conftest.c  >&5
configure:11772: $? = 0
configure:11772: ./conftest
configure:11772: $? = 0
configure:11782: result: yes
configure:11803: checking for working strtod
configure:11844: gcc -o conftest -g -O2   conftest.c  >&5
configure:11844: $? = 0
configure:11844: ./conftest
configure:11844: $? = 0
configure:11854: result: yes
configure:11916: checking for stdbool.h that conforms to C99
configure:11983: gcc -c -g -O2  conftest.c >&5
configure:11983: $? = 0
configure:11990: result: yes
configure:11992: checking for _Bool
configure:11992: gcc -c -g -O2  conftest.c >&5
configure:11992: $? = 0
configure:11992: gcc -c -g -O2  conftest.c >&5
conftest.c: In function 'main':
conftest.c:61:20: error: expected expression before ')' token
   61 | if (sizeof ((_Bool)))
      |                    ^
configure:11992: $? = 1
configure: failed program was:
| /* confdefs.h */
| #define PACKAGE_NAME "libkml"
| #define PACKAGE_TARNAME "libkml"
| #define PACKAGE_VERSION "1.3.0"
| #define PACKAGE_STRING "libkml 1.3.0"
| #define PACKAGE_BUGREPORT "http://code.google.com/p/libkml/issues"
| #define PACKAGE_URL ""
| #define PACKAGE "libkml"
| #define VERSION "1.3.0"
| #define STDC_HEADERS 1
| #define HAVE_SYS_TYPES_H 1
| #define HAVE_SYS_STAT_H 1
| #define HAVE_STDLIB_H 1
| #define HAVE_STRING_H 1
| #define HAVE_MEMORY_H 1
| #define HAVE_STRINGS_H 1
| #define HAVE_INTTYPES_H 1
| #define HAVE_STDINT_H 1
| #define HAVE_UNISTD_H 1
| #define HAVE_DLFCN_H 1
| #define LT_OBJDIR ".libs/"
| #define HAVE_STDLIB_H 1
| #define HAVE_MALLOC 1
| /* end confdefs.h.  */
| #include <stdio.h>
| #ifdef HAVE_SYS_TYPES_H
| # include <sys/types.h>
| #endif
| #ifdef HAVE_SYS_STAT_H
| # include <sys/stat.h>
| #endif
| #ifdef STDC_HEADERS
| # include <stdlib.h>
| # include <stddef.h>
| #else
| # ifdef HAVE_STDLIB_H
| #  include <stdlib.h>
| # endif
| #endif
| #ifdef HAVE_STRING_H
| # if !defined STDC_HEADERS && defined HAVE_MEMORY_H
| #  include <memory.h>
| # endif
| # include <string.h>
| #endif
| #ifdef HAVE_STRINGS_H
| # include <strings.h>
| #endif
| #ifdef HAVE_INTTYPES_H
| # include <inttypes.h>
| #endif
| #ifdef HAVE_STDINT_H
| # include <stdint.h>
| #endif
| #ifdef HAVE_UNISTD_H
| # include <unistd.h>
| #endif
| int
| main ()
| {
| if (sizeof ((_Bool)))
| 	    return 0;
|   ;
|   return 0;
| }
configure:11992: result: yes
configure:12009: checking for size_t
configure:12009: gcc -c -g -O2  conftest.c >&5
configure:12009: $? = 0
configure:12009: gcc -c -g -O2  conftest.c >&5
conftest.c: In function 'main':
conftest.c:63:21: error: expected expression before ')' token
   63 | if (sizeof ((size_t)))
      |                     ^
configure:12009: $? = 1
configure: failed program was:
| /* confdefs.h */
| #define PACKAGE_NAME "libkml"
| #define PACKAGE_TARNAME "libkml"
| #define PACKAGE_VERSION "1.3.0"
| #define PACKAGE_STRING "libkml 1.3.0"
| #define PACKAGE_BUGREPORT "http://code.google.com/p/libkml/issues"
| #define PACKAGE_URL ""
| #define PACKAGE "libkml"
| #define VERSION "1.3.0"
| #define STDC_HEADERS 1
| #define HAVE_SYS_TYPES_H 1
| #define HAVE_SYS_STAT_H 1
| #define HAVE_STDLIB_H 1
| #define HAVE_STRING_H 1
| #define HAVE_MEMORY_H 1
| #define HAVE_STRINGS_H 1
| #define HAVE_INTTYPES_H 1
| #define HAVE_STDINT_H 1
| #define HAVE_UNISTD_H 1
| #define HAVE_DLFCN_H 1
| #define LT_OBJDIR ".libs/"
| #define HAVE_STDLIB_H 1
| #define HAVE_MALLOC 1
| #define HAVE__BOOL 1
| #define HAVE_STDBOOL_H 1
| /* end confdefs.h.  */
| #include <stdio.h>
| #ifdef HAVE_SYS_TYPES_H
| # include <sys/types.h>
| #endif
| #ifdef HAVE_SYS_STAT_H
| # include <sys/stat.h>
| #endif
| #ifdef STDC_HEADERS
| # include <stdlib.h>
| # include <stddef.h>
| #else
| # ifdef HAVE_STDLIB_H
| #  include <stdlib.h>
| # endif
| #endif
| #ifdef HAVE_STRING_H
| # if !defined STDC_HEADERS && defined HAVE_MEMORY_H
| #  include <memory.h>
| # endif
| # include <string.h>
| #endif
| #ifdef HAVE_STRINGS_H
| # include <strings.h>
| #endif
| #ifdef HAVE_INTTYPES_H
| # include <inttypes.h>
| #endif
| #ifdef HAVE_STDINT_H
| # include <stdint.h>
| #endif
| #ifdef HAVE_UNISTD_H
| # include <unistd.h>
| #endif
| int
| main ()
| {
| if (sizeof ((size_t)))
| 	    return 0;
|   ;
|   return 0;
| }
configure:12009: result: yes
configure:12092: checking expat.h usability
configure:12092: gcc -c -g -O2  conftest.c >&5
configure:12092: $? = 0
configure:12092: result: yes
configure:12092: checking expat.h presence
configure:12092: gcc -E  conftest.c
configure:12092: $? = 0
configure:12092: result: yes
configure:12092: checking for expat.h
configure:12092: result: yes
configure:12108: checking for XML_ParserCreate in -lexpat
configure:12133: gcc -o conftest -g -O2   conftest.c -lexpat   >&5
configure:12133: $? = 0
configure:12142: result: yes
configure:12159: checking float.h usability
configure:12159: gcc -c -g -O2  conftest.c >&5
configure:12159: $? = 0
configure:12159: result: yes
configure:12159: checking float.h presence
configure:12159: gcc -E  conftest.c
configure:12159: $? = 0
configure:12159: result: yes
configure:12159: checking for float.h
configure:12159: result: yes
configure:12159: checking limits.h usability
configure:12159: gcc -c -g -O2  conftest.c >&5
configure:12159: $? = 0
configure:12159: result: yes
configure:12159: checking limits.h presence
configure:12159: gcc -E  conftest.c
configure:12159: $? = 0
configure:12159: result: yes
configure:12159: checking for limits.h
configure:12159: result: yes
configure:12159: checking for stdlib.h
configure:12159: result: yes
configure:12159: checking for string.h
configure:12159: result: yes
configure:12172: checking for floor
configure:12172: gcc -o conftest -g -O2   conftest.c -lexpat  >&5
conftest.c:56:6: warning: conflicting types for built-in function 'floor'; expected 'double(double)' [-Wbuiltin-declaration-mismatch]
   56 | char floor ();
      |      ^~~~~
conftest.c:44:1: note: 'floor' is declared in header '<math.h>'
   43 | # include <limits.h>
   44 | #else
/usr/bin/ld: /tmp/ccTT1sy4.o: in function `main':
/home/mete/Documents/GitHub/Localization_assignment_2/src/libkml/conftest.c:67: undefined reference to `floor'
collect2: error: ld returned 1 exit status
configure:12172: $? = 1
configure: failed program was:
| /* confdefs.h */
| #define PACKAGE_NAME "libkml"
| #define PACKAGE_TARNAME "libkml"
| #define PACKAGE_VERSION "1.3.0"
| #define PACKAGE_STRING "libkml 1.3.0"
| #define PACKAGE_BUGREPORT "http://code.google.com/p/libkml/issues"
| #define PACKAGE_URL ""
| #define PACKAGE "libkml"
| #define VERSION "1.3.0"
| #define STDC_HEADERS 1
| #define HAVE_SYS_TYPES_H 1
| #define HAVE_SYS_STAT_H 1
| #define HAVE_STDLIB_H 1
| #define HAVE_STRING_H 1
| #define HAVE_MEMORY_H 1
| #define HAVE_STRINGS_H 1
| #define HAVE_INTTYPES_H 1
| #define HAVE_STDINT_H 1
| #define HAVE_UNISTD_H 1
| #define HAVE_DLFCN_H 1
| #define LT_OBJDIR ".libs/"
| #define HAVE_STDLIB_H 1
| #define HAVE_MALLOC 1
| #define HAVE__BOOL 1
| #define HAVE_STDBOOL_H 1
| #define HAVE_EXPAT_H 1
| #define HAVE_LIBEXPAT 1
| #define HAVE_FLOAT_H 1
| #define HAVE_LIMITS_H 1
| #define HAVE_STDLIB_H 1
| #define HAVE_STRING_H 1
| /* end confdefs.h.  */
| /* Define floor to an innocuous variant, in case <limits.h> declares floor.
|    For example, HP-UX 11i <limits.h> declares gettimeofday.  */
| #define floor innocuous_floor
| 
| /* System header to define __stub macros and hopefully few prototypes,
|     which can conflict with char floor (); below.
|     Prefer <limits.h> to <assert.h> if __STDC__ is defined, since
|     <limits.h> exists even on freestanding compilers.  */
| 
| #ifdef __STDC__
| # include <limits.h>
| #else
| # include <assert.h>
| #endif
| 
| #undef floor
| 
| /* Override any GCC internal prototype to avoid an error.
|    Use char because int might match the return type of a GCC
|    builtin and then its argument prototype would still apply.  */
| #ifdef __cplusplus
| extern "C"
| #endif
| char floor ();
| /* The GNU C library defines this for functions which it implements
|     to always fail with ENOSYS.  Some functions are actually named
|     something starting with __ and the normal name is an alias.  */
| #if defined __stub_floor || defined __stub___floor
| choke me
| #endif
| 
| int
| main ()
| {
| return floor ();
|   ;
|   return 0;
| }
configure:12172: result: no
configure:12172: checking for memset
configure:12172: gcc -o conftest -g -O2   conftest.c -lexpat  >&5
conftest.c:56:6: warning: conflicting types for built-in function 'memset'; expected 'void *(void *, int,  long unsigned int)' [-Wbuiltin-declaration-mismatch]
   56 | char memset ();
      |      ^~~~~~
conftest.c:44:1: note: 'memset' is declared in header '<string.h>'
   43 | # include <limits.h>
   44 | #else
configure:12172: $? = 0
configure:12172: result: yes
configure:12172: checking for strstr
configure:12172: gcc -o conftest -g -O2   conftest.c -lexpat  >&5
conftest.c:57:6: warning: conflicting types for built-in function 'strstr'; expected 'char *(const char *, const char *)' [-Wbuiltin-declaration-mismatch]
   57 | char strstr ();
      |      ^~~~~~
conftest.c:45:1: note: 'strstr' is declared in header '<string.h>'
   44 | # include <limits.h>
   45 | #else
configure:12172: $? = 0
configure:12172: result: yes
configure:12190: checking for swig
configure:12220: result: no
configure:12563: checking for curl-config
configure:12581: found /usr/bin/curl-config
configure:12594: result: /usr/bin/curl-config
configure:12610: checking for curl >= 7.12.3
configure:12614: result: yes
configure:12618: checking CURL_CFLAGS
configure:12621: result: 
configure:12624: checking CURL_LIBS
configure:12627: result: -lcurl
configure:12659: checking for pthread_create in -lpthread
configure:12684: gcc -o conftest -g -O2   conftest.c -lpthread  -lexpat  >&5
configure:12684: $? = 0
configure:12693: result: yes
configure:12812: checking that generated files are newer than configure
configure:12818: result: done
configure:12865: creating ./config.status

## ---------------------- ##
## Running config.status. ##
## ---------------------- ##

This file was extended by libkml config.status 1.3.0, which was
generated by GNU Autoconf 2.69.  Invocation command line was

  CONFIG_FILES    = 
  CONFIG_HEADERS  = 
  CONFIG_LINKS    = 
  CONFIG_COMMANDS = 
  $ ./config.status 

on mete

config.status:1235: creating Makefile
config.status:1235: creating examples/Makefile
config.status:1235: creating examples/domviewer/Makefile
config.status:1235: creating examples/engine/Makefile
config.status:1235: creating examples/gpx/Makefile
config.status:1235: creating examples/gx/Makefile
config.status:1235: creating examples/hellonet/Makefile
config.status:1235: creating examples/helloworld/Makefile
config.status:1235: creating examples/java/Makefile
config.status:1235: creating examples/kml/Makefile
config.status:1235: creating examples/python/Makefile
config.status:1235: creating examples/regionator/Makefile
config.status:1235: creating examples/wxregionator/Makefile
config.status:1235: creating examples/wxviewer/Makefile
config.status:1235: creating examples/xsd/Makefile
config.status:1235: creating msvc/Makefile
config.status:1235: creating msvc/examples/Makefile
config.status:1235: creating msvc/tests/Makefile
config.status:1235: creating src/Makefile
config.status:1235: creating src/kml/Makefile
config.status:1235: creating src/kml/convenience/Makefile
config.status:1235: creating src/kml/dom/Makefile
config.status:1235: creating src/kml/engine/Makefile
config.status:1235: creating src/kml/regionator/Makefile
config.status:1235: creating src/kml/base/Makefile
config.status:1235: creating src/kml/xsd/Makefile
config.status:1235: creating src/swig/Makefile
config.status:1235: creating src/swig/java/Makefile
config.status:1235: creating src/swig/python/Makefile
config.status:1235: creating testdata/Makefile
config.status:1235: creating testdata/atom/Makefile
config.status:1235: creating testdata/balloon/Makefile
config.status:1235: creating testdata/csv/Makefile
config.status:1235: creating testdata/deprecated/Makefile
config.status:1235: creating testdata/gdata/Makefile
config.status:1235: creating testdata/gmaps/Makefile
config.status:1235: creating testdata/gpx/Makefile
config.status:1235: creating testdata/gx/Makefile
config.status:1235: creating testdata/kml/Makefile
config.status:1235: creating testdata/kmz/Makefile
config.status:1235: creating testdata/kmz/files/Makefile
config.status:1235: creating testdata/kmz/kmzfiles/Makefile
config.status:1235: creating testdata/kmz/rumsey/Makefile
config.status:1235: creating testdata/kmz/rumsey/kml/Makefile
config.status:1235: creating testdata/kmz/rumsey/imagery/Makefile
config.status:1235: creating testdata/links/Makefile
config.status:1235: creating testdata/style/Makefile
config.status:1235: creating testdata/style/weather/Makefile
config.status:1235: creating testdata/update/Makefile
config.status:1235: creating testdata/xal/Makefile
config.status:1235: creating testdata/xsd/Makefile
config.status:1235: creating third_party/Makefile
config.status:1235: creating xcode/Makefile
config.status:1235: creating xcode/LibKML/Makefile
config.status:1235: creating config.h
config.status:1464: executing depfiles commands
config.status:1541: cd examples/engine       && sed -e '/# am--include-marker/d' Makefile         | make -f - am--depfiles
config.status:1546: $? = 0
config.status:1541: cd examples/gpx       && sed -e '/# am--include-marker/d' Makefile         | make -f - am--depfiles
config.status:1546: $? = 0
config.status:1541: cd examples/gx       && sed -e '/# am--include-marker/d' Makefile         | make -f - am--depfiles
config.status:1546: $? = 0
config.status:1541: cd examples/hellonet       && sed -e '/# am--include-marker/d' Makefile         | make -f - am--depfiles
config.status:1546: $? = 0
config.status:1541: cd examples/helloworld       && sed -e '/# am--include-marker/d' Makefile         | make -f - am--depfiles
config.status:1546: $? = 0
config.status:1541: cd examples/regionator       && sed -e '/# am--include-marker/d' Makefile         | make -f - am--depfiles
config.status:1546: $? = 0
config.status:1541: cd examples/xsd       && sed -e '/# am--include-marker/d' Makefile         | make -f - am--depfiles
config.status:1546: $? = 0
config.status:1541: cd src/kml/convenience       && sed -e '/# am--include-marker/d' Makefile         | make -f - am--depfiles
config.status:1546: $? = 0
config.status:1541: cd src/kml/dom       && sed -e '/# am--include-marker/d' Makefile         | make -f - am--depfiles
config.status:1546: $? = 0
config.status:1541: cd src/kml/engine       && sed -e '/# am--include-marker/d' Makefile         | make -f - am--depfiles
config.status:1546: $? = 0
config.status:1541: cd src/kml/regionator       && sed -e '/# am--include-marker/d' Makefile         | make -f - am--depfiles
config.status:1546: $? = 0
config.status:1541: cd src/kml/base       && sed -e '/# am--include-marker/d' Makefile         | make -f - am--depfiles
config.status:1546: $? = 0
config.status:1541: cd src/kml/xsd       && sed -e '/# am--include-marker/d' Makefile         | make -f - am--depfiles
config.status:1546: $? = 0
config.status:1541: cd src/swig       && sed -e '/# am--include-marker/d' Makefile         | make -f - am--depfiles
config.status:1546: $? = 0
config.status:1541: cd third_party       && sed -e '/# am--include-marker/d' Makefile         | make -f - am--depfiles
config.status:1546: $? = 0
config.status:1464: executing libtool commands

## ---------------- ##
## Cache variables. ##
## ---------------- ##

ac_cv_build=x86_64-pc-linux-gnu
ac_cv_c_compiler_gnu=yes
ac_cv_c_const=yes
ac_cv_c_inline=inline
ac_cv_cxx_compiler_gnu=yes
ac_cv_env_CCC_set=
ac_cv_env_CCC_value=
ac_cv_env_CC_set=
ac_cv_env_CC_value=
ac_cv_env_CFLAGS_set=
ac_cv_env_CFLAGS_value=
ac_cv_env_CPPFLAGS_set=
ac_cv_env_CPPFLAGS_value=
ac_cv_env_CPP_set=
ac_cv_env_CPP_value=
ac_cv_env_CXXCPP_set=
ac_cv_env_CXXCPP_value=
ac_cv_env_CXXFLAGS_set=
ac_cv_env_CXXFLAGS_value=
ac_cv_env_CXX_set=
ac_cv_env_CXX_value=
ac_cv_env_LDFLAGS_set=
ac_cv_env_LDFLAGS_value=
ac_cv_env_LIBS_set=
ac_cv_env_LIBS_value=
ac_cv_env_LT_SYS_LIBRARY_PATH_set=
ac_cv_env_LT_SYS_LIBRARY_PATH_value=
ac_cv_env_build_alias_set=
ac_cv_env_build_alias_value=
ac_cv_env_host_alias_set=
ac_cv_env_host_alias_value=
ac_cv_env_target_alias_set=
ac_cv_env_target_alias_value=
ac_cv_func_floor=no
ac_cv_func_malloc_0_nonnull=yes
ac_cv_func_memset=yes
ac_cv_func_strstr=yes
ac_cv_func_strtod=yes
ac_cv_header_dlfcn_h=yes
ac_cv_header_expat_h=yes
ac_cv_header_float_h=yes
ac_cv_header_inttypes_h=yes
ac_cv_header_limits_h=yes
ac_cv_header_memory_h=yes
ac_cv_header_stdbool_h=yes
ac_cv_header_stdc=yes
ac_cv_header_stdint_h=yes
ac_cv_header_stdlib_h=yes
ac_cv_header_string_h=yes
ac_cv_header_strings_h=yes
ac_cv_header_sys_stat_h=yes
ac_cv_header_sys_types_h=yes
ac_cv_header_unistd_h=yes
ac_cv_host=x86_64-pc-linux-gnu
ac_cv_lib_expat_XML_ParserCreate=yes
ac_cv_lib_pthread_pthread_create=yes
ac_cv_objext=o
ac_cv_path_CURL_CONFIG=/usr/bin/curl-config
ac_cv_path_EGREP='/usr/bin/grep -E'
ac_cv_path_FGREP='/usr/bin/grep -F'
ac_cv_path_GREP=/usr/bin/grep
ac_cv_path_SED=/usr/bin/sed
ac_cv_path_install='/usr/bin/install -c'
ac_cv_path_lt_DD=/usr/bin/dd
ac_cv_path_mkdir=/usr/bin/mkdir
ac_cv_prog_AWK=mawk
ac_cv_prog_CPP='gcc -E'
ac_cv_prog_CXXCPP='g++ -E'
ac_cv_prog_ac_ct_AR=ar
ac_cv_prog_ac_ct_CC=gcc
ac_cv_prog_ac_ct_CXX=g++
ac_cv_prog_ac_ct_MANIFEST_TOOL=mt
ac_cv_prog_ac_ct_OBJDUMP=objdump
ac_cv_prog_ac_ct_RANLIB=ranlib
ac_cv_prog_ac_ct_STRIP=strip
ac_cv_prog_cc_c89=
ac_cv_prog_cc_g=yes
ac_cv_prog_cxx_g=yes
ac_cv_prog_make_make_set=yes
ac_cv_type__Bool=yes
ac_cv_type_size_t=yes
am_cv_CC_dependencies_compiler_type=gcc3
am_cv_CXX_dependencies_compiler_type=gcc3
am_cv_ar_interface=ar
am_cv_make_support_nested_variables=yes
am_cv_prog_cc_c_o=yes
lt_cv_ar_at_file=@
lt_cv_archive_cmds_need_lc=no
lt_cv_deplibs_check_method=pass_all
lt_cv_file_magic_cmd='$MAGIC_CMD'
lt_cv_file_magic_test_file=
lt_cv_ld_reload_flag=-r
lt_cv_nm_interface='BSD nm'
lt_cv_objdir=.libs
lt_cv_path_LD=/usr/bin/ld
lt_cv_path_LDCXX='/usr/bin/ld -m elf_x86_64'
lt_cv_path_NM='/usr/bin/nm -B'
lt_cv_path_mainfest_tool=no
lt_cv_prog_compiler_c_o=yes
lt_cv_prog_compiler_c_o_CXX=yes
lt_cv_prog_compiler_pic='-fPIC -DPIC'
lt_cv_prog_compiler_pic_CXX='-fPIC -DPIC'
lt_cv_prog_compiler_pic_works=yes
lt_cv_prog_compiler_pic_works_CXX=yes
lt_cv_prog_compiler_rtti_exceptions=no
lt_cv_prog_compiler_static_works=yes
lt_cv_prog_compiler_static_works_CXX=yes
lt_cv_prog_gnu_ld=yes
lt_cv_prog_gnu_ldcxx=yes
lt_cv_sharedlib_from_linklib_cmd='printf %s\n'
lt_cv_shlibpath_overrides_runpath=yes
lt_cv_sys_global_symbol_pipe='sed -n -e '\''s/^.*[	 ]\([ABCDGIRSTW][ABCDGIRSTW]*\)[	 ][	 ]*\([_A-Za-z][_A-Za-z0-9]*\)$/\1 \2 \2/p'\'' | sed '\''/ __gnu_lto/d'\'''
lt_cv_sys_global_symbol_to_c_name_address='sed -n -e '\''s/^: \(.*\) .*$/  {"\1", (void *) 0},/p'\'' -e '\''s/^[ABCDGIRSTW][ABCDGIRSTW]* .* \(.*\)$/  {"\1", (void *) \&\1},/p'\'''
lt_cv_sys_global_symbol_to_c_name_address_lib_prefix='sed -n -e '\''s/^: \(.*\) .*$/  {"\1", (void *) 0},/p'\'' -e '\''s/^[ABCDGIRSTW][ABCDGIRSTW]* .* \(lib.*\)$/  {"\1", (void *) \&\1},/p'\'' -e '\''s/^[ABCDGIRSTW][ABCDGIRSTW]* .* \(.*\)$/  {"lib\1", (void *) \&\1},/p'\'''
lt_cv_sys_global_symbol_to_cdecl='sed -n -e '\''s/^T .* \(.*\)$/extern int \1();/p'\'' -e '\''s/^[ABCDGIRSTW][ABCDGIRSTW]* .* \(.*\)$/extern char \1;/p'\'''
lt_cv_sys_global_symbol_to_import=
lt_cv_sys_max_cmd_len=1572864
lt_cv_to_host_file_cmd=func_convert_file_noop
lt_cv_to_tool_file_cmd=func_convert_file_noop
lt_cv_truncate_bin='/usr/bin/dd bs=4096 count=1'

## ----------------- ##
## Output variables. ##
## ----------------- ##

ACLOCAL='${SHELL} /home/mete/Documents/GitHub/Localization_assignment_2/src/libkml/config/missing aclocal-1.16'
AMDEPBACKSLASH='\'
AMDEP_FALSE='#'
AMDEP_TRUE=''
AMTAR='$${TAR-tar}'
AM_BACKSLASH='\'
AM_DEFAULT_V='$(AM_DEFAULT_VERBOSITY)'
AM_DEFAULT_VERBOSITY='1'
AM_V='$(V)'
AR='ar'
AUTOCONF='${SHELL} /home/mete/Documents/GitHub/Localization_assignment_2/src/libkml/config/missing autoconf'
AUTOHEADER='${SHELL} /home/mete/Documents/GitHub/Localization_assignment_2/src/libkml/config/missing autoheader'
AUTOMAKE='${SHELL} /home/mete/Documents/GitHub/Localization_assignment_2/src/libkml/config/missing automake-1.16'
AWK='mawk'
CC='gcc'
CCDEPMODE='depmode=gcc3'
CFLAGS='-g -O2'
CPP='gcc -E'
CPPFLAGS=''
CURL_CFLAGS=''
CURL_CONFIG='/usr/bin/curl-config'
CURL_LIBS='-lcurl'
CXX='g++'
CXXCPP='g++ -E'
CXXDEPMODE='depmode=gcc3'
CXXFLAGS='-g -O2'
CYGPATH_W='echo'
DEFS='-DHAVE_CONFIG_H'
DEPDIR='.deps'
DLLTOOL='false'
DSYMUTIL=''
DUMPBIN=''
ECHO_C=''
ECHO_N='-n'
ECHO_T=''
EGREP='/usr/bin/grep -E'
EXEEXT=''
FGREP='/usr/bin/grep -F'
GCC_FALSE='#'
GCC_TRUE=''
GREP='/usr/bin/grep'
HAVE_CURL_FALSE='#'
HAVE_CURL_TRUE=''
INSTALL_DATA='${INSTALL} -m 644'
INSTALL_PROGRAM='${INSTALL}'
INSTALL_SCRIPT='${INSTALL}'
INSTALL_STRIP_PROGRAM='$(install_sh) -c -s'
JAR=''
JAVA=''
JAVAC=''
JAVA_INCLUDE_DIR=''
JAVA_LIB_DIR=''
LD='/usr/bin/ld -m elf_x86_64'
LDFLAGS=''
LIBOBJS=''
LIBS='-lpthread -lexpat '
LIBTOOL='$(SHELL) $(top_builddir)/libtool'
LIPO=''
LN_S='ln -s'
LTLIBOBJS=''
LT_SYS_LIBRARY_PATH=''
MAKEINFO='${SHELL} /home/mete/Documents/GitHub/Localization_assignment_2/src/libkml/config/missing makeinfo'
MANIFEST_TOOL=':'
MKDIR_P='/usr/bin/mkdir -p'
NM='/usr/bin/nm -B'
NMEDIT=''
OBJDUMP='objdump'
OBJEXT='o'
OTOOL64=''
OTOOL=''
PACKAGE='libkml'
PACKAGE_BUGREPORT='http://code.google.com/p/libkml/issues'
PACKAGE_NAME='libkml'
PACKAGE_STRING='libkml 1.3.0'
PACKAGE_TARNAME='libkml'
PACKAGE_URL=''
PACKAGE_VERSION='1.3.0'
PATH_SEPARATOR=':'
PLATFORM='linux'
POW_LIB=''
PYTHON=''
PYTHON_INCLUDE_DIR=''
PYTHON_LIB_DIR=''
PYTHON_SITE_PACKAGES_DIR=''
RANLIB='ranlib'
SED='/usr/bin/sed'
SET_MAKE=''
SHELL='/bin/bash'
SHLIBSUFFIX='so'
STRIP='strip'
SWIG=''
VERSION='1.3.0'
WITH_JAVA_FALSE=''
WITH_JAVA_TRUE='#'
WITH_PYTHON_FALSE=''
WITH_PYTHON_TRUE='#'
WITH_SWIG_FALSE=''
WITH_SWIG_TRUE='#'
ac_ct_AR='ar'
ac_ct_CC='gcc'
ac_ct_CXX='g++'
ac_ct_DUMPBIN=''
am__EXEEXT_FALSE=''
am__EXEEXT_TRUE='#'
am__fastdepCC_FALSE='#'
am__fastdepCC_TRUE=''
am__fastdepCXX_FALSE='#'
am__fastdepCXX_TRUE=''
am__include='include'
am__isrc=''
am__leading_dot='.'
am__nodep='_no'
am__quote=''
am__tar='$${TAR-tar} chof - "$$tardir"'
am__untar='$${TAR-tar} xf -'
bindir='${exec_prefix}/bin'
build='x86_64-pc-linux-gnu'
build_alias=''
build_cpu='x86_64'
build_os='linux-gnu'
build_vendor='pc'
datadir='${datarootdir}'
datarootdir='${prefix}/share'
docdir='${datarootdir}/doc/${PACKAGE_TARNAME}'
dvidir='${docdir}'
exec_prefix='${prefix}'
host='x86_64-pc-linux-gnu'
host_alias=''
host_cpu='x86_64'
host_os='linux-gnu'
host_vendor='pc'
htmldir='${docdir}'
includedir='${prefix}/include'
infodir='${datarootdir}/info'
install_sh='${SHELL} /home/mete/Documents/GitHub/Localization_assignment_2/src/libkml/config/install-sh'
libdir='${exec_prefix}/lib'
libexecdir='${exec_prefix}/libexec'
localedir='${datarootdir}/locale'
localstatedir='${prefix}/var'
mandir='${datarootdir}/man'
mkdir_p='$(MKDIR_P)'
oldincludedir='/usr/include'
pdfdir='${docdir}'
prefix='/usr/local'
program_transform_name='s,x,x,'
psdir='${docdir}'
runstatedir='${localstatedir}/run'
sbindir='${exec_prefix}/sbin'
sharedstatedir='${prefix}/com'
sysconfdir='${prefix}/etc'
target_alias=''

## ----------- ##
## confdefs.h. ##
## ----------- ##

/* confdefs.h */
#define PACKAGE_NAME "libkml"
#define PACKAGE_TARNAME "libkml"
#define PACKAGE_VERSION "1.3.0"
#define PACKAGE_STRING "libkml 1.3.0"
#define PACKAGE_BUGREPORT "http://code.google.com/p/libkml/issues"
#define PACKAGE_URL ""
#define PACKAGE "libkml"
#define VERSION "1.3.0"
#define STDC_HEADERS 1
#define HAVE_SYS_TYPES_H 1
#define HAVE_SYS_STAT_H 1
#define HAVE_STDLIB_H 1
#define HAVE_STRING_H 1
#define HAVE_MEMORY_H 1
#define HAVE_STRINGS_H 1
#define HAVE_INTTYPES_H 1
#define HAVE_STDINT_H 1
#define HAVE_UNISTD_H 1
#define HAVE_DLFCN_H 1
#define LT_OBJDIR ".libs/"
#define HAVE_STDLIB_H 1
#define HAVE_MALLOC 1
#define HAVE__BOOL 1
#define HAVE_STDBOOL_H 1
#define HAVE_EXPAT_H 1
#define HAVE_LIBEXPAT 1
#define HAVE_FLOAT_H 1
#define HAVE_LIMITS_H 1
#define HAVE_STDLIB_H 1
#define HAVE_STRING_H 1
#define HAVE_MEMSET 1
#define HAVE_STRSTR 1
#define HAVE_LIBPTHREAD 1

configure: exit 0
