[0.020s] Invoking command in '/home/mete/catkin_ws2/build/parser': CMAKE_PREFIX_PATH=${CMAKE_PREFIX_PATH}:/opt/ros/foxy /usr/bin/cmake /home/mete/catkin_ws2/src/parser -DCMAKE_INSTALL_PREFIX=/home/mete/catkin_ws2/install/parser
[0.033s] -- Reading /home/mete/catkin_ws2/install/GeographicLib/lib/cmake/GeographicLib/geographiclib-config.cmake
[0.033s] -- GeographicLib configuration, version 2.1
[0.034s] --   ${GeographicLib_LIBRARIES} set to shared library
[0.034s] -- Found ament_cmake: 0.9.9 (/opt/ros/foxy/share/ament_cmake/cmake)
[0.055s] -- Using PYTHON_EXECUTABLE: /usr/bin/python3
[0.232s] -- Found ament_lint_auto: 0.9.6 (/opt/ros/foxy/share/ament_lint_auto/cmake)
[0.282s] -- Added test 'copyright' to check source files copyright and LICENSE
[0.283s] -- Added test 'cppcheck' to perform static code analysis on C / C++ code
[0.283s] -- Configured cppcheck include dirs: 
[0.283s] -- Configured cppcheck exclude dirs and/or files: 
[0.284s] -- Added test 'cpplint' to check C / C++ code against the Google style
[0.284s] -- Configured cpplint exclude dirs and/or files: 
[0.284s] -- Added test 'lint_cmake' to check CMake code style
[0.285s] -- Added test 'uncrustify' to check C / C++ code style
[0.285s] -- Configured uncrustify additional arguments: 
[0.285s] -- Added test 'xmllint' to check XML markup files
[0.286s] -- Configuring done
[0.289s] -- Generating done
[0.289s] -- Build files have been written to: /home/mete/catkin_ws2/build/parser
[0.292s] Invoked command in '/home/mete/catkin_ws2/build/parser' returned '0': CMAKE_PREFIX_PATH=${CMAKE_PREFIX_PATH}:/opt/ros/foxy /usr/bin/cmake /home/mete/catkin_ws2/src/parser -DCMAKE_INSTALL_PREFIX=/home/mete/catkin_ws2/install/parser
[0.294s] Invoking command in '/home/mete/catkin_ws2/build/parser': CMAKE_PREFIX_PATH=${CMAKE_PREFIX_PATH}:/opt/ros/foxy /usr/bin/cmake --build /home/mete/catkin_ws2/build/parser -- -j12 -l12
[0.323s] [35m[1mScanning dependencies of target parser[0m
[0.331s] [ 50%] [32mBuilding CXX object CMakeFiles/parser.dir/src/example-Geodesic-small.cpp.o[0m
[0.560s] [100%] [32m[1mLinking CXX executable parser[0m
[0.612s] [100%] Built target parser
[0.622s] Invoked command in '/home/mete/catkin_ws2/build/parser' returned '0': CMAKE_PREFIX_PATH=${CMAKE_PREFIX_PATH}:/opt/ros/foxy /usr/bin/cmake --build /home/mete/catkin_ws2/build/parser -- -j12 -l12
[0.639s] Invoking command in '/home/mete/catkin_ws2/build/parser': CMAKE_PREFIX_PATH=${CMAKE_PREFIX_PATH}:/opt/ros/foxy /usr/bin/cmake --install /home/mete/catkin_ws2/build/parser
[0.645s] -- Install configuration: ""
[0.645s] -- Installing: /home/mete/catkin_ws2/install/parser/share/ament_index/resource_index/package_run_dependencies/parser
[0.646s] -- Installing: /home/mete/catkin_ws2/install/parser/share/ament_index/resource_index/parent_prefix_path/parser
[0.646s] -- Installing: /home/mete/catkin_ws2/install/parser/share/parser/environment/ament_prefix_path.sh
[0.646s] -- Installing: /home/mete/catkin_ws2/install/parser/share/parser/environment/ament_prefix_path.dsv
[0.646s] -- Installing: /home/mete/catkin_ws2/install/parser/share/parser/environment/path.sh
[0.646s] -- Installing: /home/mete/catkin_ws2/install/parser/share/parser/environment/path.dsv
[0.646s] -- Installing: /home/mete/catkin_ws2/install/parser/share/parser/local_setup.bash
[0.646s] -- Installing: /home/mete/catkin_ws2/install/parser/share/parser/local_setup.sh
[0.646s] -- Installing: /home/mete/catkin_ws2/install/parser/share/parser/local_setup.zsh
[0.646s] -- Installing: /home/mete/catkin_ws2/install/parser/share/parser/local_setup.dsv
[0.646s] -- Installing: /home/mete/catkin_ws2/install/parser/share/parser/package.dsv
[0.646s] -- Installing: /home/mete/catkin_ws2/install/parser/share/ament_index/resource_index/packages/parser
[0.647s] -- Installing: /home/mete/catkin_ws2/install/parser/share/parser/cmake/parserConfig.cmake
[0.647s] -- Installing: /home/mete/catkin_ws2/install/parser/share/parser/cmake/parserConfig-version.cmake
[0.647s] -- Installing: /home/mete/catkin_ws2/install/parser/share/parser/package.xml
[0.650s] Invoked command in '/home/mete/catkin_ws2/build/parser' returned '0': CMAKE_PREFIX_PATH=${CMAKE_PREFIX_PATH}:/opt/ros/foxy /usr/bin/cmake --install /home/mete/catkin_ws2/build/parser
