[0.024s] Invoking command in '/home/mete/catkin_ws2/build/parser': CMAKE_PREFIX_PATH=${CMAKE_PREFIX_PATH}:/opt/ros/foxy /usr/bin/cmake --build /home/mete/catkin_ws2/build/parser -- -j12 -l12
[0.060s] [35m[1mScanning dependencies of target local_cartesian[0m
[0.071s] [ 50%] Built target parser_geo
[0.098s] [ 75%] [32mBuilding CXX object CMakeFiles/local_cartesian.dir/src/local_cartesian.cpp.o[0m
[3.016s] [100%] [32m[1mLinking CXX executable local_cartesian[0m
[3.136s] /usr/bin/ld: CMakeFiles/local_cartesian.dir/src/local_cartesian.cpp.o: in function `boost::intrusive_ptr<kmldom::Coordinates>::~intrusive_ptr()':
[3.136s] local_cartesian.cpp:(.text._ZN5boost13intrusive_ptrIN6kmldom11CoordinatesEED2Ev[_ZN5boost13intrusive_ptrIN6kmldom11CoordinatesEED5Ev]+0x27): undefined reference to `kmlbase::intrusive_ptr_release(kmlbase::Referent*)'
[3.137s] /usr/bin/ld: CMakeFiles/local_cartesian.dir/src/local_cartesian.cpp.o: in function `boost::intrusive_ptr<kmldom::Feature>::~intrusive_ptr()':
[3.137s] local_cartesian.cpp:(.text._ZN5boost13intrusive_ptrIN6kmldom7FeatureEED2Ev[_ZN5boost13intrusive_ptrIN6kmldom7FeatureEED5Ev]+0x27): undefined reference to `kmlbase::intrusive_ptr_release(kmlbase::Referent*)'
[3.137s] /usr/bin/ld: CMakeFiles/local_cartesian.dir/src/local_cartesian.cpp.o: in function `boost::intrusive_ptr<kmldom::Geometry>::~intrusive_ptr()':
[3.137s] local_cartesian.cpp:(.text._ZN5boost13intrusive_ptrIN6kmldom8GeometryEED2Ev[_ZN5boost13intrusive_ptrIN6kmldom8GeometryEED5Ev]+0x27): undefined reference to `kmlbase::intrusive_ptr_release(kmlbase::Referent*)'
[3.137s] /usr/bin/ld: CMakeFiles/local_cartesian.dir/src/local_cartesian.cpp.o: in function `boost::intrusive_ptr<kmlengine::KmlFile>::~intrusive_ptr()':
[3.137s] local_cartesian.cpp:(.text._ZN5boost13intrusive_ptrIN9kmlengine7KmlFileEED2Ev[_ZN5boost13intrusive_ptrIN9kmlengine7KmlFileEED5Ev]+0x27): undefined reference to `kmlbase::intrusive_ptr_release(kmlbase::Referent*)'
[3.137s] /usr/bin/ld: CMakeFiles/local_cartesian.dir/src/local_cartesian.cpp.o: in function `boost::intrusive_ptr<kmldom::Container>::~intrusive_ptr()':
[3.137s] local_cartesian.cpp:(.text._ZN5boost13intrusive_ptrIN6kmldom9ContainerEED2Ev[_ZN5boost13intrusive_ptrIN6kmldom9ContainerEED5Ev]+0x27): undefined reference to `kmlbase::intrusive_ptr_release(kmlbase::Referent*)'
[3.137s] /usr/bin/ld: CMakeFiles/local_cartesian.dir/src/local_cartesian.cpp.o:local_cartesian.cpp:(.text._ZN5boost13intrusive_ptrIN6kmldom9PlacemarkEED2Ev[_ZN5boost13intrusive_ptrIN6kmldom9PlacemarkEED5Ev]+0x27): more undefined references to `kmlbase::intrusive_ptr_release(kmlbase::Referent*)' follow
[3.137s] collect2: error: ld returned 1 exit status
[3.138s] make[2]: *** [CMakeFiles/local_cartesian.dir/build.make:142: local_cartesian] Error 1
[3.138s] make[1]: *** [CMakeFiles/Makefile2:80: CMakeFiles/local_cartesian.dir/all] Error 2
[3.138s] make: *** [Makefile:141: all] Error 2
[3.141s] Invoked command in '/home/mete/catkin_ws2/build/parser' returned '2': CMAKE_PREFIX_PATH=${CMAKE_PREFIX_PATH}:/opt/ros/foxy /usr/bin/cmake --build /home/mete/catkin_ws2/build/parser -- -j12 -l12
