[0.021s] Invoking command in '/home/mete/catkin_ws2/build/parser': CMAKE_PREFIX_PATH=${CMAKE_PREFIX_PATH}:/opt/ros/foxy /usr/bin/cmake --build /home/mete/catkin_ws2/build/parser -- -j12 -l12
[0.056s] [35m[1mScanning dependencies of target local_cartesian[0m
[0.067s] [ 50%] Built target parser_geo
[0.095s] [ 75%] [32mBuilding CXX object CMakeFiles/local_cartesian.dir/src/local_cartesian.cpp.o[0m
[1.600s] [01m[K/home/mete/catkin_ws2/src/parser/src/local_cartesian.cpp:[m[K In member function ‘[01m[Kvoid MinimalPublisher::timer_callback()[m[K’:
[1.600s] [01m[K/home/mete/catkin_ws2/src/parser/src/local_cartesian.cpp:57:26:[m[K [01;31m[Kerror: [m[K‘[01m[Kusing _poses_type = class std::vector<geometry_msgs::msg::PoseStamped_<std::allocator<void> >, std::allocator<geometry_msgs::msg::PoseStamped_<std::allocator<void> > > >[m[K’ {aka ‘[01m[Kclass std::vector<geometry_msgs::msg::PoseStamped_<std::allocator<void> >, std::allocator<geometry_msgs::msg::PoseStamped_<std::allocator<void> > > >[m[K’} has no member named ‘[01m[Kposition[m[K’
[1.600s]    57 |       path_message.poses.[01;31m[Kposition[m[K.x = x_array[counter];
[1.600s]       |                          [01;31m[K^~~~~~~~[m[K
[1.600s] [01m[K/home/mete/catkin_ws2/src/parser/src/local_cartesian.cpp:58:26:[m[K [01;31m[Kerror: [m[K‘[01m[Kusing _poses_type = class std::vector<geometry_msgs::msg::PoseStamped_<std::allocator<void> >, std::allocator<geometry_msgs::msg::PoseStamped_<std::allocator<void> > > >[m[K’ {aka ‘[01m[Kclass std::vector<geometry_msgs::msg::PoseStamped_<std::allocator<void> >, std::allocator<geometry_msgs::msg::PoseStamped_<std::allocator<void> > > >[m[K’} has no member named ‘[01m[Kposition[m[K’
[1.600s]    58 |       path_message.poses.[01;31m[Kposition[m[K.y = y_array[counter];
[1.600s]       |                          [01;31m[K^~~~~~~~[m[K
[1.600s] [01m[K/home/mete/catkin_ws2/src/parser/src/local_cartesian.cpp:59:26:[m[K [01;31m[Kerror: [m[K‘[01m[Kusing _poses_type = class std::vector<geometry_msgs::msg::PoseStamped_<std::allocator<void> >, std::allocator<geometry_msgs::msg::PoseStamped_<std::allocator<void> > > >[m[K’ {aka ‘[01m[Kclass std::vector<geometry_msgs::msg::PoseStamped_<std::allocator<void> >, std::allocator<geometry_msgs::msg::PoseStamped_<std::allocator<void> > > >[m[K’} has no member named ‘[01m[Kposition[m[K’
[1.600s]    59 |       path_message.poses.[01;31m[Kposition[m[K.z = z_array[counter];
[1.600s]       |                          [01;31m[K^~~~~~~~[m[K
[1.600s] [01m[K/home/mete/catkin_ws2/src/parser/src/local_cartesian.cpp:61:26:[m[K [01;31m[Kerror: [m[K‘[01m[Kusing _poses_type = class std::vector<geometry_msgs::msg::PoseStamped_<std::allocator<void> >, std::allocator<geometry_msgs::msg::PoseStamped_<std::allocator<void> > > >[m[K’ {aka ‘[01m[Kclass std::vector<geometry_msgs::msg::PoseStamped_<std::allocator<void> >, std::allocator<geometry_msgs::msg::PoseStamped_<std::allocator<void> > > >[m[K’} has no member named ‘[01m[Korientation[m[K’
[1.600s]    61 |       path_message.poses.[01;31m[Korientation[m[K.x = 0;
[1.601s]       |                          [01;31m[K^~~~~~~~~~~[m[K
[1.601s] [01m[K/home/mete/catkin_ws2/src/parser/src/local_cartesian.cpp:62:23:[m[K [01;31m[Kerror: [m[K‘[01m[Kusing _poses_type = class std::vector<geometry_msgs::msg::PoseStamped_<std::allocator<void> >, std::allocator<geometry_msgs::msg::PoseStamped_<std::allocator<void> > > >[m[K’ {aka ‘[01m[Kclass std::vector<geometry_msgs::msg::PoseStamped_<std::allocator<void> >, std::allocator<geometry_msgs::msg::PoseStamped_<std::allocator<void> > > >[m[K’} has no member named ‘[01m[Korientation[m[K’
[1.601s]    62 |    path_message.poses.[01;31m[Korientation[m[K.y = 0;
[1.601s]       |                       [01;31m[K^~~~~~~~~~~[m[K
[1.601s] [01m[K/home/mete/catkin_ws2/src/parser/src/local_cartesian.cpp:63:23:[m[K [01;31m[Kerror: [m[K‘[01m[Kusing _poses_type = class std::vector<geometry_msgs::msg::PoseStamped_<std::allocator<void> >, std::allocator<geometry_msgs::msg::PoseStamped_<std::allocator<void> > > >[m[K’ {aka ‘[01m[Kclass std::vector<geometry_msgs::msg::PoseStamped_<std::allocator<void> >, std::allocator<geometry_msgs::msg::PoseStamped_<std::allocator<void> > > >[m[K’} has no member named ‘[01m[Korientation[m[K’
[1.601s]    63 |    path_message.poses.[01;31m[Korientation[m[K.z = 0;
[1.601s]       |                       [01;31m[K^~~~~~~~~~~[m[K
[1.601s] [01m[K/home/mete/catkin_ws2/src/parser/src/local_cartesian.cpp:64:23:[m[K [01;31m[Kerror: [m[K‘[01m[Kusing _poses_type = class std::vector<geometry_msgs::msg::PoseStamped_<std::allocator<void> >, std::allocator<geometry_msgs::msg::PoseStamped_<std::allocator<void> > > >[m[K’ {aka ‘[01m[Kclass std::vector<geometry_msgs::msg::PoseStamped_<std::allocator<void> >, std::allocator<geometry_msgs::msg::PoseStamped_<std::allocator<void> > > >[m[K’} has no member named ‘[01m[Korientation[m[K’
[1.601s]    64 |    path_message.poses.[01;31m[Korientation[m[K.w = 1;
[1.601s]       |                       [01;31m[K^~~~~~~~~~~[m[K
[2.350s] make[2]: *** [CMakeFiles/local_cartesian.dir/build.make:63: CMakeFiles/local_cartesian.dir/src/local_cartesian.cpp.o] Error 1
[2.350s] make[1]: *** [CMakeFiles/Makefile2:80: CMakeFiles/local_cartesian.dir/all] Error 2
[2.350s] make: *** [Makefile:141: all] Error 2
[2.352s] Invoked command in '/home/mete/catkin_ws2/build/parser' returned '2': CMAKE_PREFIX_PATH=${CMAKE_PREFIX_PATH}:/opt/ros/foxy /usr/bin/cmake --build /home/mete/catkin_ws2/build/parser -- -j12 -l12
