[0.023s] Invoking command in '/home/mete/catkin_ws2/build/parser': CMAKE_PREFIX_PATH=${CMAKE_PREFIX_PATH}:/opt/ros/foxy /usr/bin/cmake --build /home/mete/catkin_ws2/build/parser -- -j12 -l12
[0.057s] [35m[1mScanning dependencies of target local_cartesian[0m
[0.068s] [ 50%] Built target parser_geo
[0.097s] [ 75%] [32mBuilding CXX object CMakeFiles/local_cartesian.dir/src/local_cartesian.cpp.o[0m
[2.234s] [100%] [32m[1mLinking CXX executable local_cartesian[0m
[2.299s] [100%] Built target local_cartesian
[2.307s] Invoked command in '/home/mete/catkin_ws2/build/parser' returned '0': CMAKE_PREFIX_PATH=${CMAKE_PREFIX_PATH}:/opt/ros/foxy /usr/bin/cmake --build /home/mete/catkin_ws2/build/parser -- -j12 -l12
[2.328s] Invoking command in '/home/mete/catkin_ws2/build/parser': CMAKE_PREFIX_PATH=${CMAKE_PREFIX_PATH}:/opt/ros/foxy /usr/bin/cmake --install /home/mete/catkin_ws2/build/parser
[2.335s] -- Install configuration: ""
[2.335s] -- Up-to-date: /home/mete/catkin_ws2/install/parser/lib/parser/parser_geo
[2.335s] -- Installing: /home/mete/catkin_ws2/install/parser/lib/parser/local_cartesian
[2.335s] -- Set runtime path of "/home/mete/catkin_ws2/install/parser/lib/parser/local_cartesian" to "/home/mete/catkin_ws2/install/GeographicLib/lib:/opt/ros/foxy/lib"
[2.335s] -- Up-to-date: /home/mete/catkin_ws2/install/parser/share/ament_index/resource_index/package_run_dependencies/parser
[2.336s] -- Up-to-date: /home/mete/catkin_ws2/install/parser/share/ament_index/resource_index/parent_prefix_path/parser
[2.336s] -- Up-to-date: /home/mete/catkin_ws2/install/parser/share/parser/environment/ament_prefix_path.sh
[2.336s] -- Up-to-date: /home/mete/catkin_ws2/install/parser/share/parser/environment/ament_prefix_path.dsv
[2.336s] -- Up-to-date: /home/mete/catkin_ws2/install/parser/share/parser/environment/path.sh
[2.336s] -- Up-to-date: /home/mete/catkin_ws2/install/parser/share/parser/environment/path.dsv
[2.336s] -- Up-to-date: /home/mete/catkin_ws2/install/parser/share/parser/local_setup.bash
[2.336s] -- Up-to-date: /home/mete/catkin_ws2/install/parser/share/parser/local_setup.sh
[2.336s] -- Up-to-date: /home/mete/catkin_ws2/install/parser/share/parser/local_setup.zsh
[2.336s] -- Up-to-date: /home/mete/catkin_ws2/install/parser/share/parser/local_setup.dsv
[2.336s] -- Installing: /home/mete/catkin_ws2/install/parser/share/parser/package.dsv
[2.336s] -- Up-to-date: /home/mete/catkin_ws2/install/parser/share/ament_index/resource_index/packages/parser
[2.336s] -- Up-to-date: /home/mete/catkin_ws2/install/parser/share/parser/cmake/parserConfig.cmake
[2.336s] -- Up-to-date: /home/mete/catkin_ws2/install/parser/share/parser/cmake/parserConfig-version.cmake
[2.336s] -- Up-to-date: /home/mete/catkin_ws2/install/parser/share/parser/package.xml
[2.339s] Invoked command in '/home/mete/catkin_ws2/build/parser' returned '0': CMAKE_PREFIX_PATH=${CMAKE_PREFIX_PATH}:/opt/ros/foxy /usr/bin/cmake --install /home/mete/catkin_ws2/build/parser
