[0.020s] Invoking command in '/home/mete/catkin_ws2/build/parser': CMAKE_PREFIX_PATH=${CMAKE_PREFIX_PATH}:/opt/ros/foxy /usr/bin/cmake /home/mete/catkin_ws2/src/parser -DCMAKE_INSTALL_PREFIX=/home/mete/catkin_ws2/install/parser
[0.032s] -- Reading /home/mete/catkin_ws2/install/GeographicLib/lib/cmake/GeographicLib/geographiclib-config.cmake
[0.032s] -- GeographicLib configuration, version 2.1
[0.033s] --   ${GeographicLib_LIBRARIES} set to shared library
[0.035s] -- Found ament_cmake: 0.9.9 (/opt/ros/foxy/share/ament_cmake/cmake)
[0.056s] -- Found PythonInterp: /usr/bin/python3 (found suitable version "3.8.10", minimum required is "3") 
[0.056s] -- Using PYTHON_EXECUTABLE: /usr/bin/python3
[0.233s] -- Found ament_lint_auto: 0.9.6 (/opt/ros/foxy/share/ament_lint_auto/cmake)
[0.275s] CMake Error at /opt/ros/foxy/share/ament_cmake_core/cmake/core/ament_package_xml.cmake:53 (message):
[0.275s]   ament_package_xml() package name 'parser' in '/package.xml' does not match
[0.275s]   current PROJECT_NAME 'localization'.  You must call project() with the same
[0.275s]   package name before.
[0.275s] Call Stack (most recent call first):
[0.275s]   /opt/ros/foxy/share/ament_lint_auto/cmake/ament_lint_auto_find_test_dependencies.cmake:31 (ament_package_xml)
[0.275s]   CMakeLists.txt:60 (ament_lint_auto_find_test_dependencies)
[0.276s] 
[0.276s] 
[0.276s] -- Configuring incomplete, errors occurred!
[0.276s] See also "/home/mete/catkin_ws2/build/parser/CMakeFiles/CMakeOutput.log".
[0.278s] Invoked command in '/home/mete/catkin_ws2/build/parser' returned '1': CMAKE_PREFIX_PATH=${CMAKE_PREFIX_PATH}:/opt/ros/foxy /usr/bin/cmake /home/mete/catkin_ws2/src/parser -DCMAKE_INSTALL_PREFIX=/home/mete/catkin_ws2/install/parser
