[0.024s] Invoking command in '/home/mete/catkin_ws2/build/LibKML': /usr/bin/cmake --build /home/mete/catkin_ws2/build/LibKML -- -j12 -l12
[0.065s] [ 16%] Built target kmlbase
[0.102s] [ 23%] Built target kmlxsd
[0.107s] [ 63%] Built target kmldom
[0.134s] [ 87%] Built target kmlengine
[0.157s] [ 97%] Built target kmlconvenience
[0.177s] [100%] Built target kmlregionator
[0.204s] Invoked command in '/home/mete/catkin_ws2/build/LibKML' returned '0': /usr/bin/cmake --build /home/mete/catkin_ws2/build/LibKML -- -j12 -l12
[0.223s] Invoking command in '/home/mete/catkin_ws2/build/LibKML': /usr/bin/cmake --install /home/mete/catkin_ws2/build/LibKML
[0.230s] -- Install configuration: "Release"
[0.230s] -- Up-to-date: /home/mete/catkin_ws2/install/LibKML/lib/pkgconfig/libkml.pc
[0.230s] -- Up-to-date: /home/mete/catkin_ws2/install/LibKML/lib/cmake/libkml/LibKMLConfig.cmake
[0.230s] -- Up-to-date: /home/mete/catkin_ws2/install/LibKML/lib/cmake/libkml/LibKMLConfigVersion.cmake
[0.230s] -- Up-to-date: /home/mete/catkin_ws2/install/LibKML/lib/cmake/libkml/LibKMLTargets.cmake
[0.230s] -- Up-to-date: /home/mete/catkin_ws2/install/LibKML/lib/cmake/libkml/LibKMLTargets-release.cmake
[0.230s] -- Up-to-date: /home/mete/catkin_ws2/install/LibKML/include/kml/dom.h
[0.230s] -- Up-to-date: /home/mete/catkin_ws2/install/LibKML/include/kml/engine.h
[0.230s] -- Up-to-date: /home/mete/catkin_ws2/install/LibKML/include/kml/base/attributes.h
[0.230s] -- Up-to-date: /home/mete/catkin_ws2/install/LibKML/include/kml/base/csv_splitter.h
[0.230s] -- Up-to-date: /home/mete/catkin_ws2/install/LibKML/include/kml/base/date_time.h
[0.231s] -- Up-to-date: /home/mete/catkin_ws2/install/LibKML/include/kml/base/color32.h
[0.231s] -- Up-to-date: /home/mete/catkin_ws2/install/LibKML/include/kml/base/expat_handler.h
[0.231s] -- Up-to-date: /home/mete/catkin_ws2/install/LibKML/include/kml/base/expat_handler_ns.h
[0.231s] -- Up-to-date: /home/mete/catkin_ws2/install/LibKML/include/kml/base/expat_parser.h
[0.231s] -- Up-to-date: /home/mete/catkin_ws2/install/LibKML/include/kml/base/file.h
[0.231s] -- Up-to-date: /home/mete/catkin_ws2/install/LibKML/include/kml/base/math_util.h
[0.231s] -- Up-to-date: /home/mete/catkin_ws2/install/LibKML/include/kml/base/memory_file.h
[0.231s] -- Up-to-date: /home/mete/catkin_ws2/install/LibKML/include/kml/base/mimetypes.h
[0.231s] -- Up-to-date: /home/mete/catkin_ws2/install/LibKML/include/kml/base/net_cache.h
[0.231s] -- Up-to-date: /home/mete/catkin_ws2/install/LibKML/include/kml/base/referent.h
[0.231s] -- Up-to-date: /home/mete/catkin_ws2/install/LibKML/include/kml/base/string_util.h
[0.231s] -- Up-to-date: /home/mete/catkin_ws2/install/LibKML/include/kml/base/tempfile.h
[0.231s] -- Up-to-date: /home/mete/catkin_ws2/install/LibKML/include/kml/base/time_util.h
[0.231s] -- Up-to-date: /home/mete/catkin_ws2/install/LibKML/include/kml/base/util.h
[0.232s] -- Up-to-date: /home/mete/catkin_ws2/install/LibKML/include/kml/base/vec3.h
[0.232s] -- Up-to-date: /home/mete/catkin_ws2/install/LibKML/include/kml/base/version.h
[0.232s] -- Up-to-date: /home/mete/catkin_ws2/install/LibKML/include/kml/base/xml_element.h
[0.232s] -- Up-to-date: /home/mete/catkin_ws2/install/LibKML/include/kml/base/xml_file.h
[0.232s] -- Up-to-date: /home/mete/catkin_ws2/install/LibKML/include/kml/base/xml_namespaces.h
[0.232s] -- Up-to-date: /home/mete/catkin_ws2/install/LibKML/include/kml/base/xmlns.h
[0.232s] -- Up-to-date: /home/mete/catkin_ws2/install/LibKML/include/kml/base/zip_file.h
[0.232s] -- Up-to-date: /home/mete/catkin_ws2/install/LibKML/lib/libkmlbase.so.1.3.1
[0.232s] -- Up-to-date: /home/mete/catkin_ws2/install/LibKML/lib/libkmlbase.so.1
[0.232s] -- Up-to-date: /home/mete/catkin_ws2/install/LibKML/lib/libkmlbase.so
[0.232s] -- Up-to-date: /home/mete/catkin_ws2/install/LibKML/include/kml/dom/abstractlatlonbox.h
[0.232s] -- Up-to-date: /home/mete/catkin_ws2/install/LibKML/include/kml/dom/abstractview.h
[0.232s] -- Up-to-date: /home/mete/catkin_ws2/install/LibKML/include/kml/dom/atom.h
[0.233s] -- Up-to-date: /home/mete/catkin_ws2/install/LibKML/include/kml/dom/balloonstyle.h
[0.233s] -- Up-to-date: /home/mete/catkin_ws2/install/LibKML/include/kml/dom/colorstyle.h
[0.233s] -- Up-to-date: /home/mete/catkin_ws2/install/LibKML/include/kml/dom/container.h
[0.233s] -- Up-to-date: /home/mete/catkin_ws2/install/LibKML/include/kml/dom/document.h
[0.233s] -- Up-to-date: /home/mete/catkin_ws2/install/LibKML/include/kml/dom/element.h
[0.233s] -- Up-to-date: /home/mete/catkin_ws2/install/LibKML/include/kml/dom/extendeddata.h
[0.233s] -- Up-to-date: /home/mete/catkin_ws2/install/LibKML/include/kml/dom/feature.h
[0.233s] -- Up-to-date: /home/mete/catkin_ws2/install/LibKML/include/kml/dom/folder.h
[0.233s] -- Up-to-date: /home/mete/catkin_ws2/install/LibKML/include/kml/dom/geometry.h
[0.233s] -- Up-to-date: /home/mete/catkin_ws2/install/LibKML/include/kml/dom/hotspot.h
[0.233s] -- Up-to-date: /home/mete/catkin_ws2/install/LibKML/include/kml/dom/iconstyle.h
[0.233s] -- Up-to-date: /home/mete/catkin_ws2/install/LibKML/include/kml/dom/kml.h
[0.233s] -- Up-to-date: /home/mete/catkin_ws2/install/LibKML/include/kml/dom/kml22.h
[0.234s] -- Up-to-date: /home/mete/catkin_ws2/install/LibKML/include/kml/dom/kml22.cc
[0.234s] -- Up-to-date: /home/mete/catkin_ws2/install/LibKML/include/kml/dom/kml_cast.h
[0.234s] -- Up-to-date: /home/mete/catkin_ws2/install/LibKML/include/kml/dom/kml_factory.h
[0.234s] -- Up-to-date: /home/mete/catkin_ws2/install/LibKML/include/kml/dom/kml_funcs.h
[0.234s] -- Up-to-date: /home/mete/catkin_ws2/install/LibKML/include/kml/dom/kml_ptr.h
[0.234s] -- Up-to-date: /home/mete/catkin_ws2/install/LibKML/include/kml/dom/kmldom.h
[0.234s] -- Up-to-date: /home/mete/catkin_ws2/install/LibKML/include/kml/dom/labelstyle.h
[0.234s] -- Up-to-date: /home/mete/catkin_ws2/install/LibKML/include/kml/dom/linestyle.h
[0.234s] -- Up-to-date: /home/mete/catkin_ws2/install/LibKML/include/kml/dom/link.h
[0.234s] -- Up-to-date: /home/mete/catkin_ws2/install/LibKML/include/kml/dom/liststyle.h
[0.234s] -- Up-to-date: /home/mete/catkin_ws2/install/LibKML/include/kml/dom/model.h
[0.234s] -- Up-to-date: /home/mete/catkin_ws2/install/LibKML/include/kml/dom/networklink.h
[0.234s] -- Up-to-date: /home/mete/catkin_ws2/install/LibKML/include/kml/dom/networklinkcontrol.h
[0.235s] -- Up-to-date: /home/mete/catkin_ws2/install/LibKML/include/kml/dom/object.h
[0.235s] -- Up-to-date: /home/mete/catkin_ws2/install/LibKML/include/kml/dom/overlay.h
[0.235s] -- Up-to-date: /home/mete/catkin_ws2/install/LibKML/include/kml/dom/parser.h
[0.235s] -- Up-to-date: /home/mete/catkin_ws2/install/LibKML/include/kml/dom/parser_observer.h
[0.235s] -- Up-to-date: /home/mete/catkin_ws2/install/LibKML/include/kml/dom/placemark.h
[0.235s] -- Up-to-date: /home/mete/catkin_ws2/install/LibKML/include/kml/dom/polystyle.h
[0.235s] -- Up-to-date: /home/mete/catkin_ws2/install/LibKML/include/kml/dom/region.h
[0.235s] -- Up-to-date: /home/mete/catkin_ws2/install/LibKML/include/kml/dom/schema.h
[0.235s] -- Up-to-date: /home/mete/catkin_ws2/install/LibKML/include/kml/dom/snippet.h
[0.235s] -- Up-to-date: /home/mete/catkin_ws2/install/LibKML/include/kml/dom/style.h
[0.235s] -- Up-to-date: /home/mete/catkin_ws2/install/LibKML/include/kml/dom/stylemap.h
[0.235s] -- Up-to-date: /home/mete/catkin_ws2/install/LibKML/include/kml/dom/styleselector.h
[0.235s] -- Up-to-date: /home/mete/catkin_ws2/install/LibKML/include/kml/dom/substyle.h
[0.235s] -- Up-to-date: /home/mete/catkin_ws2/install/LibKML/include/kml/dom/timeprimitive.h
[0.236s] -- Up-to-date: /home/mete/catkin_ws2/install/LibKML/include/kml/dom/gx_timeprimitive.h
[0.236s] -- Up-to-date: /home/mete/catkin_ws2/install/LibKML/include/kml/dom/gx_tour.h
[0.236s] -- Up-to-date: /home/mete/catkin_ws2/install/LibKML/include/kml/dom/vec2.h
[0.236s] -- Up-to-date: /home/mete/catkin_ws2/install/LibKML/include/kml/dom/xal.h
[0.236s] -- Up-to-date: /home/mete/catkin_ws2/install/LibKML/include/kml/dom/xsd.h
[0.236s] -- Up-to-date: /home/mete/catkin_ws2/install/LibKML/include/kml/dom/visitor.h
[0.236s] -- Up-to-date: /home/mete/catkin_ws2/install/LibKML/include/kml/dom/visitor_driver.h
[0.236s] -- Up-to-date: /home/mete/catkin_ws2/install/LibKML/lib/libkmldom.so.1.3.1
[0.236s] -- Up-to-date: /home/mete/catkin_ws2/install/LibKML/lib/libkmldom.so.1
[0.236s] -- Up-to-date: /home/mete/catkin_ws2/install/LibKML/lib/libkmldom.so
[0.236s] -- Up-to-date: /home/mete/catkin_ws2/install/LibKML/include/kml/xsd/xsd_complex_type.h
[0.236s] -- Up-to-date: /home/mete/catkin_ws2/install/LibKML/include/kml/xsd/xsd_element.h
[0.236s] -- Up-to-date: /home/mete/catkin_ws2/install/LibKML/include/kml/xsd/xsd_file.h
[0.236s] -- Up-to-date: /home/mete/catkin_ws2/install/LibKML/include/kml/xsd/xsd_handler.h
[0.236s] -- Up-to-date: /home/mete/catkin_ws2/install/LibKML/include/kml/xsd/xsd_primitive_type.h
[0.236s] -- Up-to-date: /home/mete/catkin_ws2/install/LibKML/include/kml/xsd/xsd_schema.h
[0.236s] -- Up-to-date: /home/mete/catkin_ws2/install/LibKML/include/kml/xsd/xsd_simple_type.h
[0.236s] -- Up-to-date: /home/mete/catkin_ws2/install/LibKML/include/kml/xsd/xsd_type.h
[0.237s] -- Up-to-date: /home/mete/catkin_ws2/install/LibKML/include/kml/xsd/xsd_util.h
[0.237s] -- Up-to-date: /home/mete/catkin_ws2/install/LibKML/include/kml/xsd/xst_parser.h
[0.237s] -- Up-to-date: /home/mete/catkin_ws2/install/LibKML/lib/libkmlxsd.so.1.3.1
[0.238s] -- Up-to-date: /home/mete/catkin_ws2/install/LibKML/lib/libkmlxsd.so.1
[0.240s] -- Up-to-date: /home/mete/catkin_ws2/install/LibKML/lib/libkmlxsd.so
[0.240s] -- Up-to-date: /home/mete/catkin_ws2/install/LibKML/include/kml/engine/bbox.h
[0.240s] -- Up-to-date: /home/mete/catkin_ws2/install/LibKML/include/kml/engine/clone.h
[0.240s] -- Up-to-date: /home/mete/catkin_ws2/install/LibKML/include/kml/engine/engine_types.h
[0.241s] -- Up-to-date: /home/mete/catkin_ws2/install/LibKML/include/kml/engine/entity_mapper.h
[0.241s] -- Up-to-date: /home/mete/catkin_ws2/install/LibKML/include/kml/engine/feature_balloon.h
[0.242s] -- Up-to-date: /home/mete/catkin_ws2/install/LibKML/include/kml/engine/feature_view.h
[0.242s] -- Up-to-date: /home/mete/catkin_ws2/install/LibKML/include/kml/engine/feature_visitor.h
[0.242s] -- Up-to-date: /home/mete/catkin_ws2/install/LibKML/include/kml/engine/find.h
[0.242s] -- Up-to-date: /home/mete/catkin_ws2/install/LibKML/include/kml/engine/find_xml_namespaces.h
[0.243s] -- Up-to-date: /home/mete/catkin_ws2/install/LibKML/include/kml/engine/get_link_parents.h
[0.243s] -- Up-to-date: /home/mete/catkin_ws2/install/LibKML/include/kml/engine/get_links.h
[0.243s] -- Up-to-date: /home/mete/catkin_ws2/install/LibKML/include/kml/engine/href.h
[0.243s] -- Up-to-date: /home/mete/catkin_ws2/install/LibKML/include/kml/engine/id_mapper.h
[0.243s] -- Up-to-date: /home/mete/catkin_ws2/install/LibKML/include/kml/engine/kml_cache.h
[0.243s] -- Up-to-date: /home/mete/catkin_ws2/install/LibKML/include/kml/engine/kml_file.h
[0.243s] -- Up-to-date: /home/mete/catkin_ws2/install/LibKML/include/kml/engine/kml_stream.h
[0.244s] -- Up-to-date: /home/mete/catkin_ws2/install/LibKML/include/kml/engine/kml_uri.h
[0.245s] -- Up-to-date: /home/mete/catkin_ws2/install/LibKML/include/kml/engine/kmz_cache.h
[0.245s] -- Up-to-date: /home/mete/catkin_ws2/install/LibKML/include/kml/engine/kmz_file.h
[0.245s] -- Up-to-date: /home/mete/catkin_ws2/install/LibKML/include/kml/engine/link_util.h
[0.245s] -- Up-to-date: /home/mete/catkin_ws2/install/LibKML/include/kml/engine/location_util.h
[0.246s] -- Up-to-date: /home/mete/catkin_ws2/install/LibKML/include/kml/engine/merge.h
[0.246s] -- Up-to-date: /home/mete/catkin_ws2/install/LibKML/include/kml/engine/object_id_parser_observer.h
[0.246s] -- Up-to-date: /home/mete/catkin_ws2/install/LibKML/include/kml/engine/old_schema_parser_observer.h
[0.246s] -- Up-to-date: /home/mete/catkin_ws2/install/LibKML/include/kml/engine/parse_old_schema.h
[0.246s] -- Up-to-date: /home/mete/catkin_ws2/install/LibKML/include/kml/engine/schema_parser_observer.h
[0.246s] -- Up-to-date: /home/mete/catkin_ws2/install/LibKML/include/kml/engine/shared_style_parser_observer.h
[0.247s] -- Up-to-date: /home/mete/catkin_ws2/install/LibKML/include/kml/engine/style_inliner.h
[0.247s] -- Up-to-date: /home/mete/catkin_ws2/install/LibKML/include/kml/engine/style_merger.h
[0.249s] -- Up-to-date: /home/mete/catkin_ws2/install/LibKML/include/kml/engine/style_resolver.h
[0.249s] -- Up-to-date: /home/mete/catkin_ws2/install/LibKML/include/kml/engine/style_splitter.h
[0.249s] -- Up-to-date: /home/mete/catkin_ws2/install/LibKML/include/kml/engine/update.h
[0.249s] -- Up-to-date: /home/mete/catkin_ws2/install/LibKML/lib/libkmlengine.so.1.3.1
[0.250s] -- Up-to-date: /home/mete/catkin_ws2/install/LibKML/lib/libkmlengine.so.1
[0.250s] -- Up-to-date: /home/mete/catkin_ws2/install/LibKML/lib/libkmlengine.so
[0.250s] -- Up-to-date: /home/mete/catkin_ws2/install/LibKML/include/kml/convenience/atom_util.h
[0.250s] -- Up-to-date: /home/mete/catkin_ws2/install/LibKML/include/kml/convenience/convenience.h
[0.250s] -- Up-to-date: /home/mete/catkin_ws2/install/LibKML/include/kml/convenience/csv_file.h
[0.250s] -- Up-to-date: /home/mete/catkin_ws2/install/LibKML/include/kml/convenience/csv_parser.h
[0.251s] -- Up-to-date: /home/mete/catkin_ws2/install/LibKML/include/kml/convenience/element_counter.h
[0.251s] -- Up-to-date: /home/mete/catkin_ws2/install/LibKML/include/kml/convenience/feature_list.h
[0.251s] -- Up-to-date: /home/mete/catkin_ws2/install/LibKML/include/kml/convenience/google_doc_list.h
[0.251s] -- Up-to-date: /home/mete/catkin_ws2/install/LibKML/include/kml/convenience/google_maps_data.h
[0.251s] -- Up-to-date: /home/mete/catkin_ws2/install/LibKML/include/kml/convenience/google_picasa_web.h
[0.251s] -- Up-to-date: /home/mete/catkin_ws2/install/LibKML/include/kml/convenience/google_spreadsheets.h
[0.251s] -- Up-to-date: /home/mete/catkin_ws2/install/LibKML/include/kml/convenience/gpx_trk_pt_handler.h
[0.251s] -- Up-to-date: /home/mete/catkin_ws2/install/LibKML/include/kml/convenience/http_client.h
[0.251s] -- Up-to-date: /home/mete/catkin_ws2/install/LibKML/include/kml/convenience/kml_feature_list_saver.h
[0.251s] -- Up-to-date: /home/mete/catkin_ws2/install/LibKML/include/kml/convenience/kmz_check_links.h
[0.251s] -- Up-to-date: /home/mete/catkin_ws2/install/LibKML/lib/libkmlconvenience.so.1.3.1
[0.251s] -- Up-to-date: /home/mete/catkin_ws2/install/LibKML/lib/libkmlconvenience.so.1
[0.251s] -- Up-to-date: /home/mete/catkin_ws2/install/LibKML/lib/libkmlconvenience.so
[0.251s] -- Up-to-date: /home/mete/catkin_ws2/install/LibKML/include/kml/regionator/feature_list_region_handler.h
[0.251s] -- Up-to-date: /home/mete/catkin_ws2/install/LibKML/include/kml/regionator/feature_list_regionator.h
[0.251s] -- Up-to-date: /home/mete/catkin_ws2/install/LibKML/include/kml/regionator/region_handler.h
[0.252s] -- Up-to-date: /home/mete/catkin_ws2/install/LibKML/include/kml/regionator/regionator.h
[0.252s] -- Up-to-date: /home/mete/catkin_ws2/install/LibKML/include/kml/regionator/regionator_qid.h
[0.252s] -- Up-to-date: /home/mete/catkin_ws2/install/LibKML/include/kml/regionator/regionator_util.h
[0.252s] -- Up-to-date: /home/mete/catkin_ws2/install/LibKML/lib/libkmlregionator.so.1.3.1
[0.252s] -- Up-to-date: /home/mete/catkin_ws2/install/LibKML/lib/libkmlregionator.so.1
[0.252s] -- Up-to-date: /home/mete/catkin_ws2/install/LibKML/lib/libkmlregionator.so
[0.252s] Invoked command in '/home/mete/catkin_ws2/build/LibKML' returned '0': /usr/bin/cmake --install /home/mete/catkin_ws2/build/LibKML
