[0.019s] Invoking command in '/home/mete/catkin_ws2/build/localization': CMAKE_PREFIX_PATH=${CMAKE_PREFIX_PATH}:/opt/ros/foxy /usr/bin/cmake --build /home/mete/catkin_ws2/build/localization -- -j12 -l12
[0.046s] CMake Error at CMakeLists.txt:21 (find_package):
[0.046s]   By not providing "FindGeographicLib.cmake" in CMAKE_MODULE_PATH this
[0.046s]   project has asked CMake to find a package configuration file provided by
[0.046s]   "GeographicLib", but CMake did not find one.
[0.046s] 
[0.046s]   Could not find a package configuration file provided by "GeographicLib"
[0.046s]   with any of the following names:
[0.046s] 
[0.046s]     GeographicLibConfig.cmake
[0.046s]     geographiclib-config.cmake
[0.047s] 
[0.047s]   Add the installation prefix of "GeographicLib" to CMAKE_PREFIX_PATH or set
[0.047s]   "GeographicLib_DIR" to a directory containing one of the above files.  If
[0.047s]   "GeographicLib" provides a separate development package or SDK, be sure it
[0.047s]   has been installed.
[0.047s] 
[0.047s] 
[0.047s] -- Configuring incomplete, errors occurred!
[0.047s] See also "/home/mete/catkin_ws2/build/localization/CMakeFiles/CMakeOutput.log".
[0.047s] make: *** [Makefile:222: cmake_check_build_system] Error 1
[0.048s] Invoked command in '/home/mete/catkin_ws2/build/localization' returned '2': CMAKE_PREFIX_PATH=${CMAKE_PREFIX_PATH}:/opt/ros/foxy /usr/bin/cmake --build /home/mete/catkin_ws2/build/localization -- -j12 -l12
