[0.022s] Invoking command in '/home/mete/catkin_ws2/build/parser': CMAKE_PREFIX_PATH=${CMAKE_PREFIX_PATH}:/opt/ros/foxy /usr/bin/cmake --build /home/mete/catkin_ws2/build/parser -- -j12 -l12
[0.040s] -- Reading /home/mete/catkin_ws2/install/GeographicLib/lib/cmake/GeographicLib/geographiclib-config.cmake
[0.040s] -- GeographicLib configuration, version 2.1
[0.041s] --   ${GeographicLib_LIBRARIES} set to shared library
[0.042s] -- Found ament_cmake: 0.9.9 (/opt/ros/foxy/share/ament_cmake/cmake)
[0.064s] -- Using PYTHON_EXECUTABLE: /usr/bin/python3
[0.227s] -- Found ament_lint_auto: 0.9.6 (/opt/ros/foxy/share/ament_lint_auto/cmake)
[0.276s] -- Added test 'copyright' to check source files copyright and LICENSE
[0.276s] -- Added test 'cppcheck' to perform static code analysis on C / C++ code
[0.277s] -- Configured cppcheck include dirs: 
[0.277s] -- Configured cppcheck exclude dirs and/or files: 
[0.277s] -- Added test 'cpplint' to check C / C++ code against the Google style
[0.277s] -- Configured cpplint exclude dirs and/or files: 
[0.278s] -- Added test 'lint_cmake' to check CMake code style
[0.278s] -- Added test 'uncrustify' to check C / C++ code style
[0.278s] -- Configured uncrustify additional arguments: 
[0.278s] -- Added test 'xmllint' to check XML markup files
[0.279s] -- Configuring done
[0.283s] -- Generating done
[0.284s] -- Build files have been written to: /home/mete/catkin_ws2/build/parser
[0.300s] [35m[1mScanning dependencies of target local_cartesian[0m
[0.308s] [ 50%] Built target parser_geo
[0.309s] [ 75%] [32mBuilding CXX object CMakeFiles/local_cartesian.dir/src/example-Geodesic-small.cpp.o[0m
[0.534s] [100%] [32m[1mLinking CXX executable local_cartesian[0m
[0.586s] [100%] Built target local_cartesian
[0.594s] Invoked command in '/home/mete/catkin_ws2/build/parser' returned '0': CMAKE_PREFIX_PATH=${CMAKE_PREFIX_PATH}:/opt/ros/foxy /usr/bin/cmake --build /home/mete/catkin_ws2/build/parser -- -j12 -l12
[0.613s] Invoking command in '/home/mete/catkin_ws2/build/parser': CMAKE_PREFIX_PATH=${CMAKE_PREFIX_PATH}:/opt/ros/foxy /usr/bin/cmake --install /home/mete/catkin_ws2/build/parser
[0.621s] -- Install configuration: ""
[0.621s] -- Up-to-date: /home/mete/catkin_ws2/install/parser/parser_geo/parser_geo
[0.621s] -- Installing: /home/mete/catkin_ws2/install/parser/parser_geo/local_cartesian
[0.621s] -- Set runtime path of "/home/mete/catkin_ws2/install/parser/parser_geo/local_cartesian" to "/home/mete/catkin_ws2/install/GeographicLib/lib"
[0.621s] -- Up-to-date: /home/mete/catkin_ws2/install/parser/share/ament_index/resource_index/package_run_dependencies/parser
[0.621s] -- Installing: /home/mete/catkin_ws2/install/parser/share/ament_index/resource_index/parent_prefix_path/parser
[0.621s] -- Up-to-date: /home/mete/catkin_ws2/install/parser/share/parser/environment/ament_prefix_path.sh
[0.622s] -- Installing: /home/mete/catkin_ws2/install/parser/share/parser/environment/ament_prefix_path.dsv
[0.622s] -- Up-to-date: /home/mete/catkin_ws2/install/parser/share/parser/environment/path.sh
[0.622s] -- Installing: /home/mete/catkin_ws2/install/parser/share/parser/environment/path.dsv
[0.622s] -- Up-to-date: /home/mete/catkin_ws2/install/parser/share/parser/local_setup.bash
[0.622s] -- Up-to-date: /home/mete/catkin_ws2/install/parser/share/parser/local_setup.sh
[0.622s] -- Up-to-date: /home/mete/catkin_ws2/install/parser/share/parser/local_setup.zsh
[0.622s] -- Installing: /home/mete/catkin_ws2/install/parser/share/parser/local_setup.dsv
[0.622s] -- Installing: /home/mete/catkin_ws2/install/parser/share/parser/package.dsv
[0.622s] -- Up-to-date: /home/mete/catkin_ws2/install/parser/share/ament_index/resource_index/packages/parser
[0.622s] -- Up-to-date: /home/mete/catkin_ws2/install/parser/share/parser/cmake/parserConfig.cmake
[0.622s] -- Up-to-date: /home/mete/catkin_ws2/install/parser/share/parser/cmake/parserConfig-version.cmake
[0.622s] -- Up-to-date: /home/mete/catkin_ws2/install/parser/share/parser/package.xml
[0.623s] Invoked command in '/home/mete/catkin_ws2/build/parser' returned '0': CMAKE_PREFIX_PATH=${CMAKE_PREFIX_PATH}:/opt/ros/foxy /usr/bin/cmake --install /home/mete/catkin_ws2/build/parser
