[0.024s] Invoking command in '/home/mete/catkin_ws2/build/parser': CMAKE_PREFIX_PATH=${CMAKE_PREFIX_PATH}:/opt/ros/foxy /usr/bin/cmake --build /home/mete/catkin_ws2/build/parser -- -j12 -l12
[0.061s] [35m[1mScanning dependencies of target local_cartesian[0m
[0.073s] [ 50%] Built target parser_geo
[0.097s] [ 75%] [32mBuilding CXX object CMakeFiles/local_cartesian.dir/src/local_cartesian.cpp.o[0m
[1.599s] [01m[K/home/mete/catkin_ws2/src/parser/src/local_cartesian.cpp:[m[K In function ‘[01m[Kint main(int, char**)[m[K’:
[1.599s] [01m[K/home/mete/catkin_ws2/src/parser/src/local_cartesian.cpp:122:12:[m[K [01;35m[Kwarning: [m[Kvariable ‘[01m[Korigin_long[m[K’ set but not used [[01;35m[K-Wunused-but-set-variable[m[K]
[1.599s]   122 |     double [01;35m[Korigin_long[m[K, origin_lat, origin_alt;
[1.599s]       |            [01;35m[K^~~~~~~~~~~[m[K
[1.599s] [01m[K/home/mete/catkin_ws2/src/parser/src/local_cartesian.cpp:122:25:[m[K [01;35m[Kwarning: [m[Kvariable ‘[01m[Korigin_lat[m[K’ set but not used [[01;35m[K-Wunused-but-set-variable[m[K]
[1.599s]   122 |     double origin_long, [01;35m[Korigin_lat[m[K, origin_alt;
[1.599s]       |                         [01;35m[K^~~~~~~~~~[m[K
[1.599s] [01m[K/home/mete/catkin_ws2/src/parser/src/local_cartesian.cpp:122:37:[m[K [01;35m[Kwarning: [m[Kvariable ‘[01m[Korigin_alt[m[K’ set but not used [[01;35m[K-Wunused-but-set-variable[m[K]
[1.599s]   122 |     double origin_long, origin_lat, [01;35m[Korigin_alt[m[K;
[1.599s]       |                                     [01;35m[K^~~~~~~~~~[m[K
[3.006s] [100%] [32m[1mLinking CXX executable local_cartesian[0m
[3.131s] [100%] Built target local_cartesian
[3.139s] Invoked command in '/home/mete/catkin_ws2/build/parser' returned '0': CMAKE_PREFIX_PATH=${CMAKE_PREFIX_PATH}:/opt/ros/foxy /usr/bin/cmake --build /home/mete/catkin_ws2/build/parser -- -j12 -l12
[3.159s] Invoking command in '/home/mete/catkin_ws2/build/parser': CMAKE_PREFIX_PATH=${CMAKE_PREFIX_PATH}:/opt/ros/foxy /usr/bin/cmake --install /home/mete/catkin_ws2/build/parser
[3.167s] -- Install configuration: ""
[3.168s] -- Up-to-date: /home/mete/catkin_ws2/install/parser/lib/parser/parser_geo
[3.168s] -- Installing: /home/mete/catkin_ws2/install/parser/lib/parser/local_cartesian
[3.168s] -- Set runtime path of "/home/mete/catkin_ws2/install/parser/lib/parser/local_cartesian" to "/home/mete/catkin_ws2/install/GeographicLib/lib:/opt/ros/foxy/lib"
[3.168s] -- Up-to-date: /home/mete/catkin_ws2/install/parser/share/ament_index/resource_index/package_run_dependencies/parser
[3.169s] -- Up-to-date: /home/mete/catkin_ws2/install/parser/share/ament_index/resource_index/parent_prefix_path/parser
[3.169s] -- Up-to-date: /home/mete/catkin_ws2/install/parser/share/parser/environment/ament_prefix_path.sh
[3.169s] -- Up-to-date: /home/mete/catkin_ws2/install/parser/share/parser/environment/ament_prefix_path.dsv
[3.169s] -- Up-to-date: /home/mete/catkin_ws2/install/parser/share/parser/environment/path.sh
[3.169s] -- Up-to-date: /home/mete/catkin_ws2/install/parser/share/parser/environment/path.dsv
[3.169s] -- Up-to-date: /home/mete/catkin_ws2/install/parser/share/parser/local_setup.bash
[3.169s] -- Up-to-date: /home/mete/catkin_ws2/install/parser/share/parser/local_setup.sh
[3.169s] -- Up-to-date: /home/mete/catkin_ws2/install/parser/share/parser/local_setup.zsh
[3.169s] -- Up-to-date: /home/mete/catkin_ws2/install/parser/share/parser/local_setup.dsv
[3.169s] -- Installing: /home/mete/catkin_ws2/install/parser/share/parser/package.dsv
[3.169s] -- Up-to-date: /home/mete/catkin_ws2/install/parser/share/ament_index/resource_index/packages/parser
[3.169s] -- Up-to-date: /home/mete/catkin_ws2/install/parser/share/parser/cmake/parserConfig.cmake
[3.169s] -- Up-to-date: /home/mete/catkin_ws2/install/parser/share/parser/cmake/parserConfig-version.cmake
[3.169s] -- Up-to-date: /home/mete/catkin_ws2/install/parser/share/parser/package.xml
[3.171s] Invoked command in '/home/mete/catkin_ws2/build/parser' returned '0': CMAKE_PREFIX_PATH=${CMAKE_PREFIX_PATH}:/opt/ros/foxy /usr/bin/cmake --install /home/mete/catkin_ws2/build/parser
