[0.022s] Invoking command in '/home/mete/catkin_ws2/build/parser': CMAKE_PREFIX_PATH=${CMAKE_PREFIX_PATH}:/opt/ros/foxy /usr/bin/cmake --build /home/mete/catkin_ws2/build/parser -- -j12 -l12
[0.043s] -- Reading /home/mete/catkin_ws2/install/GeographicLib/lib/cmake/GeographicLib/geographiclib-config.cmake
[0.043s] -- GeographicLib configuration, version 2.1
[0.044s] --   ${GeographicLib_LIBRARIES} set to shared library
[0.044s] -- Found rclcpp: 2.4.1 (/opt/ros/foxy/share/rclcpp/cmake)
[0.066s] -- Using PYTHON_EXECUTABLE: /usr/bin/python3
[0.281s] -- Using all available rosidl_typesupport_c: rosidl_typesupport_fastrtps_c;rosidl_typesupport_introspection_c
[0.284s] -- Found rosidl_adapter: 1.2.1 (/opt/ros/foxy/share/rosidl_adapter/cmake)
[0.380s] -- Using all available rosidl_typesupport_cpp: rosidl_typesupport_fastrtps_cpp;rosidl_typesupport_introspection_cpp
[0.420s] -- Found rmw_implementation_cmake: 1.0.3 (/opt/ros/foxy/share/rmw_implementation_cmake/cmake)
[0.422s] -- Using RMW implementation 'rmw_fastrtps_cpp' as default
[0.535s] -- Found ament_lint_auto: 0.9.6 (/opt/ros/foxy/share/ament_lint_auto/cmake)
[0.580s] -- Added test 'copyright' to check source files copyright and LICENSE
[0.581s] -- Added test 'cppcheck' to perform static code analysis on C / C++ code
[0.582s] -- Configured cppcheck include dirs: 
[0.582s] -- Configured cppcheck exclude dirs and/or files: 
[0.582s] -- Added test 'cpplint' to check C / C++ code against the Google style
[0.582s] -- Configured cpplint exclude dirs and/or files: 
[0.583s] -- Added test 'lint_cmake' to check CMake code style
[0.583s] -- Added test 'uncrustify' to check C / C++ code style
[0.583s] -- Configured uncrustify additional arguments: 
[0.584s] -- Added test 'xmllint' to check XML markup files
[0.586s] -- Configuring done
[0.592s] -- Generating done
[0.593s] -- Build files have been written to: /home/mete/catkin_ws2/build/parser
[0.612s] [35m[1mScanning dependencies of target local_cartesian[0m
[0.621s] [ 75%] [32mBuilding CXX object CMakeFiles/local_cartesian.dir/src/local_cartesian.cpp.o[0m
[0.621s] [ 75%] Built target parser_geo
[2.249s] [100%] [32m[1mLinking CXX executable local_cartesian[0m
[2.311s] [100%] Built target local_cartesian
[2.322s] Invoked command in '/home/mete/catkin_ws2/build/parser' returned '0': CMAKE_PREFIX_PATH=${CMAKE_PREFIX_PATH}:/opt/ros/foxy /usr/bin/cmake --build /home/mete/catkin_ws2/build/parser -- -j12 -l12
[2.342s] Invoking command in '/home/mete/catkin_ws2/build/parser': CMAKE_PREFIX_PATH=${CMAKE_PREFIX_PATH}:/opt/ros/foxy /usr/bin/cmake --install /home/mete/catkin_ws2/build/parser
[2.348s] -- Install configuration: ""
[2.348s] -- Up-to-date: /home/mete/catkin_ws2/install/parser/lib/parser/parser_geo
[2.349s] -- Installing: /home/mete/catkin_ws2/install/parser/lib/parser/local_cartesian
[2.349s] -- Set runtime path of "/home/mete/catkin_ws2/install/parser/lib/parser/local_cartesian" to "/home/mete/catkin_ws2/install/GeographicLib/lib:/opt/ros/foxy/lib"
[2.349s] -- Installing: /home/mete/catkin_ws2/install/parser/share/ament_index/resource_index/package_run_dependencies/parser
[2.349s] -- Up-to-date: /home/mete/catkin_ws2/install/parser/share/ament_index/resource_index/parent_prefix_path/parser
[2.349s] -- Up-to-date: /home/mete/catkin_ws2/install/parser/share/parser/environment/ament_prefix_path.sh
[2.350s] -- Installing: /home/mete/catkin_ws2/install/parser/share/parser/environment/ament_prefix_path.dsv
[2.350s] -- Up-to-date: /home/mete/catkin_ws2/install/parser/share/parser/environment/path.sh
[2.350s] -- Installing: /home/mete/catkin_ws2/install/parser/share/parser/environment/path.dsv
[2.350s] -- Up-to-date: /home/mete/catkin_ws2/install/parser/share/parser/local_setup.bash
[2.350s] -- Up-to-date: /home/mete/catkin_ws2/install/parser/share/parser/local_setup.sh
[2.350s] -- Up-to-date: /home/mete/catkin_ws2/install/parser/share/parser/local_setup.zsh
[2.350s] -- Installing: /home/mete/catkin_ws2/install/parser/share/parser/local_setup.dsv
[2.350s] -- Installing: /home/mete/catkin_ws2/install/parser/share/parser/package.dsv
[2.350s] -- Up-to-date: /home/mete/catkin_ws2/install/parser/share/ament_index/resource_index/packages/parser
[2.350s] -- Up-to-date: /home/mete/catkin_ws2/install/parser/share/parser/cmake/parserConfig.cmake
[2.350s] -- Up-to-date: /home/mete/catkin_ws2/install/parser/share/parser/cmake/parserConfig-version.cmake
[2.350s] -- Installing: /home/mete/catkin_ws2/install/parser/share/parser/package.xml
[2.354s] Invoked command in '/home/mete/catkin_ws2/build/parser' returned '0': CMAKE_PREFIX_PATH=${CMAKE_PREFIX_PATH}:/opt/ros/foxy /usr/bin/cmake --install /home/mete/catkin_ws2/build/parser
