-- The CXX compiler identification is GNU 9.4.0
-- Check for working CXX compiler: /usr/bin/c++
-- Check for working CXX compiler: /usr/bin/c++ -- works
-- Detecting CXX compiler ABI info
-- Detecting CXX compiler ABI info - done
-- Detecting CXX compile features
-- Detecting CXX compile features - done
-- Configuring done
-- Generating done
-- Build files have been written to: /home/mete/catkin_ws2/build/pugixml
[35m[1mScanning dependencies of target pugixml-static[0m
[ 50%] [32mBuilding CXX object CMakeFiles/pugixml-static.dir/src/pugixml.cpp.o[0m
[100%] [32m[1mLinking CXX static library libpugixml.a[0m
[100%] Built target pugixml-static
-- Install configuration: ""
-- Installing: /home/mete/catkin_ws2/install/pugixml/lib/libpugixml.a
-- Installing: /home/mete/catkin_ws2/install/pugixml/lib/cmake/pugixml/pugixml-targets.cmake
-- Installing: /home/mete/catkin_ws2/install/pugixml/lib/cmake/pugixml/pugixml-targets-noconfig.cmake
-- Installing: /home/mete/catkin_ws2/install/pugixml/lib/cmake/pugixml/pugixml-config-version.cmake
-- Installing: /home/mete/catkin_ws2/install/pugixml/lib/cmake/pugixml/pugixml-config.cmake
-- Installing: /home/mete/catkin_ws2/install/pugixml/lib/pkgconfig/pugixml.pc
-- Installing: /home/mete/catkin_ws2/install/pugixml/include/pugiconfig.hpp
-- Installing: /home/mete/catkin_ws2/install/pugixml/include/pugixml.hpp
