[0.022s] Invoking command in '/home/mete/catkin_ws2/build/parser': CMAKE_PREFIX_PATH=${CMAKE_PREFIX_PATH}:/opt/ros/foxy /usr/bin/cmake --build /home/mete/catkin_ws2/build/parser -- -j12 -l12
[0.045s] -- Reading /home/mete/catkin_ws2/install/GeographicLib/lib/cmake/GeographicLib/geographiclib-config.cmake
[0.046s] -- GeographicLib configuration, version 2.1
[0.047s] --   ${GeographicLib_LIBRARIES} set to shared library
[0.047s] -- Found rclcpp: 2.4.1 (/opt/ros/foxy/share/rclcpp/cmake)
[0.069s] -- Using PYTHON_EXECUTABLE: /usr/bin/python3
[0.263s] -- Using all available rosidl_typesupport_c: rosidl_typesupport_fastrtps_c;rosidl_typesupport_introspection_c
[0.266s] -- Found rosidl_adapter: 1.2.1 (/opt/ros/foxy/share/rosidl_adapter/cmake)
[0.364s] -- Using all available rosidl_typesupport_cpp: rosidl_typesupport_fastrtps_cpp;rosidl_typesupport_introspection_cpp
[0.403s] -- Found rmw_implementation_cmake: 1.0.3 (/opt/ros/foxy/share/rmw_implementation_cmake/cmake)
[0.405s] -- Using RMW implementation 'rmw_fastrtps_cpp' as default
[0.519s] -- Found nav_msgs: 2.0.5 (/opt/ros/foxy/share/nav_msgs/cmake)
[0.612s] -- Found ament_lint_auto: 0.9.6 (/opt/ros/foxy/share/ament_lint_auto/cmake)
[0.658s] -- Added test 'copyright' to check source files copyright and LICENSE
[0.659s] -- Added test 'cppcheck' to perform static code analysis on C / C++ code
[0.659s] -- Configured cppcheck include dirs: 
[0.659s] -- Configured cppcheck exclude dirs and/or files: 
[0.660s] -- Added test 'cpplint' to check C / C++ code against the Google style
[0.660s] -- Configured cpplint exclude dirs and/or files: 
[0.660s] -- Added test 'lint_cmake' to check CMake code style
[0.661s] -- Added test 'uncrustify' to check C / C++ code style
[0.661s] -- Configured uncrustify additional arguments: 
[0.662s] -- Added test 'xmllint' to check XML markup files
[0.664s] -- Configuring done
[0.670s] -- Generating done
[0.672s] -- Build files have been written to: /home/mete/catkin_ws2/build/parser
[0.698s] [ 50%] Built target parser_geo
[0.706s] [100%] Built target local_cartesian
[0.715s] Invoked command in '/home/mete/catkin_ws2/build/parser' returned '0': CMAKE_PREFIX_PATH=${CMAKE_PREFIX_PATH}:/opt/ros/foxy /usr/bin/cmake --build /home/mete/catkin_ws2/build/parser -- -j12 -l12
[0.735s] Invoking command in '/home/mete/catkin_ws2/build/parser': CMAKE_PREFIX_PATH=${CMAKE_PREFIX_PATH}:/opt/ros/foxy /usr/bin/cmake --install /home/mete/catkin_ws2/build/parser
[0.741s] -- Install configuration: ""
[0.741s] -- Up-to-date: /home/mete/catkin_ws2/install/parser/lib/parser/parser_geo
[0.741s] -- Up-to-date: /home/mete/catkin_ws2/install/parser/lib/parser/local_cartesian
[0.742s] -- Up-to-date: /home/mete/catkin_ws2/install/parser/share/ament_index/resource_index/package_run_dependencies/parser
[0.742s] -- Installing: /home/mete/catkin_ws2/install/parser/share/ament_index/resource_index/parent_prefix_path/parser
[0.742s] -- Up-to-date: /home/mete/catkin_ws2/install/parser/share/parser/environment/ament_prefix_path.sh
[0.742s] -- Installing: /home/mete/catkin_ws2/install/parser/share/parser/environment/ament_prefix_path.dsv
[0.742s] -- Up-to-date: /home/mete/catkin_ws2/install/parser/share/parser/environment/path.sh
[0.742s] -- Installing: /home/mete/catkin_ws2/install/parser/share/parser/environment/path.dsv
[0.742s] -- Up-to-date: /home/mete/catkin_ws2/install/parser/share/parser/local_setup.bash
[0.742s] -- Up-to-date: /home/mete/catkin_ws2/install/parser/share/parser/local_setup.sh
[0.742s] -- Up-to-date: /home/mete/catkin_ws2/install/parser/share/parser/local_setup.zsh
[0.742s] -- Installing: /home/mete/catkin_ws2/install/parser/share/parser/local_setup.dsv
[0.742s] -- Installing: /home/mete/catkin_ws2/install/parser/share/parser/package.dsv
[0.743s] -- Up-to-date: /home/mete/catkin_ws2/install/parser/share/ament_index/resource_index/packages/parser
[0.743s] -- Up-to-date: /home/mete/catkin_ws2/install/parser/share/parser/cmake/parserConfig.cmake
[0.743s] -- Up-to-date: /home/mete/catkin_ws2/install/parser/share/parser/cmake/parserConfig-version.cmake
[0.743s] -- Up-to-date: /home/mete/catkin_ws2/install/parser/share/parser/package.xml
[0.746s] Invoked command in '/home/mete/catkin_ws2/build/parser' returned '0': CMAKE_PREFIX_PATH=${CMAKE_PREFIX_PATH}:/opt/ros/foxy /usr/bin/cmake --install /home/mete/catkin_ws2/build/parser
