[0.021s] Invoking command in '/home/mete/catkin_ws2/build/parser': CMAKE_PREFIX_PATH=${CMAKE_PREFIX_PATH}:/opt/ros/foxy /usr/bin/cmake --build /home/mete/catkin_ws2/build/parser -- -j12 -l12
[0.056s] [35m[1mScanning dependencies of target local_cartesian[0m
[0.067s] [ 50%] Built target parser_geo
[0.086s] [ 75%] [32mBuilding CXX object CMakeFiles/local_cartesian.dir/src/local_cartesian.cpp.o[0m
[1.509s] [01m[K/home/mete/catkin_ws2/src/parser/src/local_cartesian.cpp:[m[K In function ‘[01m[Kint main(int, char**)[m[K’:
[1.509s] [01m[K/home/mete/catkin_ws2/src/parser/src/local_cartesian.cpp:139:87:[m[K [01;31m[Kerror: [m[Kno matching function for call to ‘[01m[KGeographicLib::LocalCartesian::Forward(__gnu_cxx::__alloc_traits<std::allocator<std::__cxx11::basic_string<char> >, std::__cxx11::basic_string<char> >::value_type&, __gnu_cxx::__alloc_traits<std::allocator<std::__cxx11::basic_string<char> >, std::__cxx11::basic_string<char> >::value_type&, __gnu_cxx::__alloc_traits<std::allocator<std::__cxx11::basic_string<char> >, std::__cxx11::basic_string<char> >::value_type&, double&, double&, double&)[m[K’
[1.509s]   139 | tude_array[i], longitude_array[i], altitude_array[i], x, y, z[01;31m[K)[m[K;
[1.509s]       |                                                              [01;31m[K^[m[K
[1.509s] 
[1.509s] In file included from [01m[K/home/mete/catkin_ws2/src/parser/src/local_cartesian.cpp:7[m[K:
[1.509s] [01m[K/home/mete/catkin_ws2/install/GeographicLib/include/GeographicLib/LocalCartesian.hpp:104:10:[m[K [01;36m[Knote: [m[Kcandidate: ‘[01m[Kvoid GeographicLib::LocalCartesian::Forward(GeographicLib::LocalCartesian::real, GeographicLib::LocalCartesian::real, GeographicLib::LocalCartesian::real, GeographicLib::LocalCartesian::real&, GeographicLib::LocalCartesian::real&, GeographicLib::LocalCartesian::real&) const[m[K’
[1.510s]   104 |     void [01;36m[KForward[m[K(real lat, real lon, real h, real& x, real& y, real& z)
[1.510s]       |          [01;36m[K^~~~~~~[m[K
[1.510s] [01m[K/home/mete/catkin_ws2/install/GeographicLib/include/GeographicLib/LocalCartesian.hpp:104:23:[m[K [01;36m[Knote: [m[K  no known conversion for argument 1 from ‘[01m[K__gnu_cxx::__alloc_traits<std::allocator<std::__cxx11::basic_string<char> >, std::__cxx11::basic_string<char> >::value_type[m[K’ {aka ‘[01m[Kstd::__cxx11::basic_string<char>[m[K’} to ‘[01m[KGeographicLib::LocalCartesian::real[m[K’ {aka ‘[01m[Kdouble[m[K’}
[1.510s]   104 |     void Forward([01;36m[Kreal lat[m[K, real lon, real h, real& x, real& y, real& z)
[1.510s]       |                  [01;36m[K~~~~~^~~[m[K
[1.510s] [01m[K/home/mete/catkin_ws2/install/GeographicLib/include/GeographicLib/LocalCartesian.hpp:135:10:[m[K [01;36m[Knote: [m[Kcandidate: ‘[01m[Kvoid GeographicLib::LocalCartesian::Forward(GeographicLib::LocalCartesian::real, GeographicLib::LocalCartesian::real, GeographicLib::LocalCartesian::real, GeographicLib::LocalCartesian::real&, GeographicLib::LocalCartesian::real&, GeographicLib::LocalCartesian::real&, std::vector<double>&) const[m[K’
[1.510s]   135 |     void [01;36m[KForward[m[K(real lat, real lon, real h, real& x, real& y, real& z,
[1.510s]       |          [01;36m[K^~~~~~~[m[K
[1.510s] [01m[K/home/mete/catkin_ws2/install/GeographicLib/include/GeographicLib/LocalCartesian.hpp:135:10:[m[K [01;36m[Knote: [m[K  candidate expects 7 arguments, 6 provided
[2.191s] make[2]: *** [CMakeFiles/local_cartesian.dir/build.make:63: CMakeFiles/local_cartesian.dir/src/local_cartesian.cpp.o] Error 1
[2.192s] make[1]: *** [CMakeFiles/Makefile2:80: CMakeFiles/local_cartesian.dir/all] Error 2
[2.192s] make: *** [Makefile:141: all] Error 2
[2.194s] Invoked command in '/home/mete/catkin_ws2/build/parser' returned '2': CMAKE_PREFIX_PATH=${CMAKE_PREFIX_PATH}:/opt/ros/foxy /usr/bin/cmake --build /home/mete/catkin_ws2/build/parser -- -j12 -l12
