[01m[K/home/mete/catkin_ws2/src/parser/src/local_cartesian.cpp:[m[K In constructor ‘[01m[KMinimalPublisher::MinimalPublisher()[m[K’:
[01m[K/home/mete/catkin_ws2/src/parser/src/local_cartesian.cpp:102:30:[m[K [01;31m[Kerror: [m[K‘[01m[Kkmlengine::kml_file[m[K’ has not been declared
  102 |       kml_file2 = kmlengine::[01;31m[Kkml_file[m[K::CreateFromParse(file_data, &errors);
      |                              [01;31m[K^~~~~~~~[m[K
[01m[K/home/mete/catkin_ws2/src/parser/src/local_cartesian.cpp:103:11:[m[K [01;31m[Kerror: [m[Kno match for ‘[01m[Koperator![m[K’ (operand type is ‘[01m[Kconst string[m[K’ {aka ‘[01m[Kconst std::__cxx11::basic_string<char>[m[K’})
  103 |       if ([01;31m[K!kml_file2[m[K)
      |           [01;31m[K^~~~~~~~~~[m[K
[01m[K/home/mete/catkin_ws2/src/parser/src/local_cartesian.cpp:103:11:[m[K [01;36m[Knote: [m[Kcandidate: ‘[01m[Koperator!(bool)[m[K’ <built-in>
[01m[K/home/mete/catkin_ws2/src/parser/src/local_cartesian.cpp:103:11:[m[K [01;36m[Knote: [m[K  no known conversion for argument 1 from ‘[01m[Kconst string[m[K’ {aka ‘[01m[Kconst std::__cxx11::basic_string<char>[m[K’} to ‘[01m[Kbool[m[K’
In file included from [01m[K/opt/ros/foxy/include/libstatistics_collector/moving_average_statistics/moving_average.hpp:30[m[K,
                 from [01m[K/opt/ros/foxy/include/libstatistics_collector/collector/collector.hpp:22[m[K,
                 from [01m[K/opt/ros/foxy/include/libstatistics_collector/topic_statistics_collector/topic_statistics_collector.hpp:24[m[K,
                 from [01m[K/opt/ros/foxy/include/libstatistics_collector/topic_statistics_collector/received_message_age.hpp:26[m[K,
                 from [01m[K/opt/ros/foxy/include/rclcpp/topic_statistics/subscription_topic_statistics.hpp:26[m[K,
                 from [01m[K/opt/ros/foxy/include/rclcpp/subscription.hpp:50[m[K,
                 from [01m[K/opt/ros/foxy/include/rclcpp/any_executable.hpp:25[m[K,
                 from [01m[K/opt/ros/foxy/include/rclcpp/memory_strategy.hpp:24[m[K,
                 from [01m[K/opt/ros/foxy/include/rclcpp/memory_strategies.hpp:18[m[K,
                 from [01m[K/opt/ros/foxy/include/rclcpp/executor_options.hpp:20[m[K,
                 from [01m[K/opt/ros/foxy/include/rclcpp/executor.hpp:33[m[K,
                 from [01m[K/opt/ros/foxy/include/rclcpp/executors/multi_threaded_executor.hpp:26[m[K,
                 from [01m[K/opt/ros/foxy/include/rclcpp/executors.hpp:21[m[K,
                 from [01m[K/opt/ros/foxy/include/rclcpp/rclcpp.hpp:146[m[K,
                 from [01m[K/home/mete/catkin_ws2/src/parser/src/local_cartesian.cpp:17[m[K:
[01m[K/opt/ros/foxy/include/rcpputils/thread_safety_annotations.hpp:48:27:[m[K [01;36m[Knote: [m[Kcandidate: ‘[01m[Kconst std::mutex& operator!(const std::mutex&)[m[K’
   48 | inline const std::mutex & [01;36m[Koperator[m[K!(const std::mutex & a)
      |                           [01;36m[K^~~~~~~~[m[K
[01m[K/opt/ros/foxy/include/rcpputils/thread_safety_annotations.hpp:48:56:[m[K [01;36m[Knote: [m[K  no known conversion for argument 1 from ‘[01m[Kconst string[m[K’ {aka ‘[01m[Kconst std::__cxx11::basic_string<char>[m[K’} to ‘[01m[Kconst std::mutex&[m[K’
   48 | inline const std::mutex & operator!([01;36m[Kconst std::mutex & a[m[K)
      |                                     [01;36m[K~~~~~~~~~~~~~~~~~~~^[m[K
[01m[K/home/mete/catkin_ws2/src/parser/src/local_cartesian.cpp:108:27:[m[K [01;31m[Kerror: [m[Kcannot convert ‘[01m[Kconst string[m[K’ {aka ‘[01m[Kconst std::__cxx11::basic_string<char>[m[K’} to ‘[01m[Kconst KmlFilePtr&[m[K’ {aka ‘[01m[Kconst boost::intrusive_ptr<kmlengine::KmlFile>&[m[K’}
  108 |       line_string_extract([01;31m[Kkml_file2[m[K, &line_string_vector);
      |                           [01;31m[K^~~~~~~~~[m[K
      |                           [01;31m[K|[m[K
      |                           [01;31m[Kconst string {aka const std::__cxx11::basic_string<char>}[m[K
[01m[K/home/mete/catkin_ws2/src/parser/src/local_cartesian.cpp:70:59:[m[K [01;36m[Knote: [m[K  initializing argument 1 of ‘[01m[Kvoid MinimalPublisher::line_string_extract(const KmlFilePtr&, LineStringVector*)[m[K’
   70 |     void line_string_extract([01;36m[Kconst kmlengine::KmlFilePtr &kml_file[m[K, LineStringVector *line_string_vector)
      |                              [01;36m[K~~~~~~~~~~~~~~~~~~~~~~~~~~~~~^~~~~~~~[m[K
[01m[K/home/mete/catkin_ws2/src/parser/src/local_cartesian.cpp:114:11:[m[K [01;35m[Kwarning: [m[Kunused variable ‘[01m[Karray_count[m[K’ [[01;35m[K-Wunused-variable[m[K]
  114 |       int [01;35m[Karray_count[m[K = 0;
      |           [01;35m[K^~~~~~~~~~~[m[K
make[2]: *** [CMakeFiles/local_cartesian.dir/build.make:63: CMakeFiles/local_cartesian.dir/src/local_cartesian.cpp.o] Error 1
make[1]: *** [CMakeFiles/Makefile2:80: CMakeFiles/local_cartesian.dir/all] Error 2
make: *** [Makefile:141: all] Error 2
