[0.022s] Invoking command in '/home/mete/catkin_ws2/build/parser': CMAKE_PREFIX_PATH=${CMAKE_PREFIX_PATH}:/opt/ros/foxy /usr/bin/cmake --build /home/mete/catkin_ws2/build/parser -- -j12 -l12
[0.058s] [35m[1mScanning dependencies of target local_cartesian[0m
[0.069s] [ 50%] Built target parser_geo
[0.091s] [ 75%] [32mBuilding CXX object CMakeFiles/local_cartesian.dir/src/local_cartesian.cpp.o[0m
[1.518s] [01m[K/home/mete/catkin_ws2/src/parser/src/local_cartesian.cpp:[m[K In function ‘[01m[Kint main(int, char**)[m[K’:
[1.518s] [01m[K/home/mete/catkin_ws2/src/parser/src/local_cartesian.cpp:78:7:[m[K [01;35m[Kwarning: [m[Kunused variable ‘[01m[Ki[m[K’ [[01;35m[K-Wunused-variable[m[K]
[1.518s]    78 |   int [01;35m[Ki[m[K = 0;
[1.518s]       |       [01;35m[K^[m[K
[1.518s] [01m[K/home/mete/catkin_ws2/src/parser/src/local_cartesian.cpp:79:7:[m[K [01;35m[Kwarning: [m[Kunused variable ‘[01m[Kcounter[m[K’ [[01;35m[K-Wunused-variable[m[K]
[1.519s]    79 |   int [01;35m[Kcounter[m[K = 0;
[1.519s]       |       [01;35m[K^~~~~~~[m[K
[2.193s] [100%] [32m[1mLinking CXX executable local_cartesian[0m
[2.260s] [100%] Built target local_cartesian
[2.269s] Invoked command in '/home/mete/catkin_ws2/build/parser' returned '0': CMAKE_PREFIX_PATH=${CMAKE_PREFIX_PATH}:/opt/ros/foxy /usr/bin/cmake --build /home/mete/catkin_ws2/build/parser -- -j12 -l12
[2.288s] Invoking command in '/home/mete/catkin_ws2/build/parser': CMAKE_PREFIX_PATH=${CMAKE_PREFIX_PATH}:/opt/ros/foxy /usr/bin/cmake --install /home/mete/catkin_ws2/build/parser
[2.294s] -- Install configuration: ""
[2.294s] -- Up-to-date: /home/mete/catkin_ws2/install/parser/lib/parser/parser_geo
[2.295s] -- Installing: /home/mete/catkin_ws2/install/parser/lib/parser/local_cartesian
[2.295s] -- Set runtime path of "/home/mete/catkin_ws2/install/parser/lib/parser/local_cartesian" to "/home/mete/catkin_ws2/install/GeographicLib/lib:/opt/ros/foxy/lib"
[2.295s] -- Up-to-date: /home/mete/catkin_ws2/install/parser/share/ament_index/resource_index/package_run_dependencies/parser
[2.296s] -- Up-to-date: /home/mete/catkin_ws2/install/parser/share/ament_index/resource_index/parent_prefix_path/parser
[2.296s] -- Up-to-date: /home/mete/catkin_ws2/install/parser/share/parser/environment/ament_prefix_path.sh
[2.296s] -- Up-to-date: /home/mete/catkin_ws2/install/parser/share/parser/environment/ament_prefix_path.dsv
[2.296s] -- Up-to-date: /home/mete/catkin_ws2/install/parser/share/parser/environment/path.sh
[2.296s] -- Up-to-date: /home/mete/catkin_ws2/install/parser/share/parser/environment/path.dsv
[2.296s] -- Up-to-date: /home/mete/catkin_ws2/install/parser/share/parser/local_setup.bash
[2.296s] -- Up-to-date: /home/mete/catkin_ws2/install/parser/share/parser/local_setup.sh
[2.296s] -- Up-to-date: /home/mete/catkin_ws2/install/parser/share/parser/local_setup.zsh
[2.296s] -- Up-to-date: /home/mete/catkin_ws2/install/parser/share/parser/local_setup.dsv
[2.296s] -- Installing: /home/mete/catkin_ws2/install/parser/share/parser/package.dsv
[2.296s] -- Up-to-date: /home/mete/catkin_ws2/install/parser/share/ament_index/resource_index/packages/parser
[2.296s] -- Up-to-date: /home/mete/catkin_ws2/install/parser/share/parser/cmake/parserConfig.cmake
[2.296s] -- Up-to-date: /home/mete/catkin_ws2/install/parser/share/parser/cmake/parserConfig-version.cmake
[2.297s] -- Up-to-date: /home/mete/catkin_ws2/install/parser/share/parser/package.xml
[2.299s] Invoked command in '/home/mete/catkin_ws2/build/parser' returned '0': CMAKE_PREFIX_PATH=${CMAKE_PREFIX_PATH}:/opt/ros/foxy /usr/bin/cmake --install /home/mete/catkin_ws2/build/parser
