[0.021s] Invoking command in '/home/mete/catkin_ws2/build/parser': CMAKE_PREFIX_PATH=${CMAKE_PREFIX_PATH}:/opt/ros/foxy /usr/bin/cmake /home/mete/catkin_ws2/src/parser -DCMAKE_INSTALL_PREFIX=/home/mete/catkin_ws2/install/parser
[0.031s] -- Reading /home/mete/catkin_ws2/install/GeographicLib/lib/cmake/GeographicLib/geographiclib-config.cmake
[0.031s] -- GeographicLib configuration, version 2.1
[0.033s] --   ${GeographicLib_LIBRARIES} set to shared library
[0.033s] -- Found ament_cmake: 0.9.9 (/opt/ros/foxy/share/ament_cmake/cmake)
[0.053s] -- Using PYTHON_EXECUTABLE: /usr/bin/python3
[0.214s] -- Found ament_lint_auto: 0.9.6 (/opt/ros/foxy/share/ament_lint_auto/cmake)
[0.272s] -- Added test 'copyright' to check source files copyright and LICENSE
[0.273s] -- Added test 'cppcheck' to perform static code analysis on C / C++ code
[0.273s] -- Configured cppcheck include dirs: 
[0.273s] -- Configured cppcheck exclude dirs and/or files: 
[0.274s] -- Added test 'cpplint' to check C / C++ code against the Google style
[0.274s] -- Configured cpplint exclude dirs and/or files: 
[0.275s] -- Added test 'lint_cmake' to check CMake code style
[0.275s] -- Added test 'uncrustify' to check C / C++ code style
[0.275s] -- Configured uncrustify additional arguments: 
[0.276s] -- Added test 'xmllint' to check XML markup files
[0.277s] -- Configuring done
[0.278s] CMake Error at CMakeLists.txt:28 (add_executable):
[0.278s]   Cannot find source file:
[0.278s] 
[0.278s]     example-Geodesic-small.cpp
[0.278s] 
[0.278s]   Tried extensions .c .C .c++ .cc .cpp .cxx .cu .m .M .mm .h .hh .h++ .hm
[0.278s]   .hpp .hxx .in .txx
[0.279s] 
[0.279s] 
[0.279s] CMake Error at CMakeLists.txt:28 (add_executable):
[0.279s]   No SOURCES given to target: parser
[0.279s] 
[0.279s] 
[0.279s] CMake Generate step failed.  Build files cannot be regenerated correctly.
[0.280s] Invoked command in '/home/mete/catkin_ws2/build/parser' returned '1': CMAKE_PREFIX_PATH=${CMAKE_PREFIX_PATH}:/opt/ros/foxy /usr/bin/cmake /home/mete/catkin_ws2/src/parser -DCMAKE_INSTALL_PREFIX=/home/mete/catkin_ws2/install/parser
