[0.022s] Invoking command in '/home/mete/catkin_ws2/build/parser': CMAKE_PREFIX_PATH=${CMAKE_PREFIX_PATH}:/opt/ros/foxy /usr/bin/cmake --build /home/mete/catkin_ws2/build/parser -- -j12 -l12
[0.055s] [35m[1mScanning dependencies of target local_cartesian[0m
[0.066s] [ 50%] Built target parser_geo
[0.090s] [ 75%] [32mBuilding CXX object CMakeFiles/local_cartesian.dir/src/local_cartesian.cpp.o[0m
[2.183s] [100%] [32m[1mLinking CXX executable local_cartesian[0m
[2.250s] [100%] Built target local_cartesian
[2.259s] Invoked command in '/home/mete/catkin_ws2/build/parser' returned '0': CMAKE_PREFIX_PATH=${CMAKE_PREFIX_PATH}:/opt/ros/foxy /usr/bin/cmake --build /home/mete/catkin_ws2/build/parser -- -j12 -l12
[2.279s] Invoking command in '/home/mete/catkin_ws2/build/parser': CMAKE_PREFIX_PATH=${CMAKE_PREFIX_PATH}:/opt/ros/foxy /usr/bin/cmake --install /home/mete/catkin_ws2/build/parser
[2.286s] -- Install configuration: ""
[2.286s] -- Up-to-date: /home/mete/catkin_ws2/install/parser/lib/parser/parser_geo
[2.286s] -- Installing: /home/mete/catkin_ws2/install/parser/lib/parser/local_cartesian
[2.286s] -- Set runtime path of "/home/mete/catkin_ws2/install/parser/lib/parser/local_cartesian" to "/home/mete/catkin_ws2/install/GeographicLib/lib:/opt/ros/foxy/lib"
[2.287s] -- Up-to-date: /home/mete/catkin_ws2/install/parser/share/ament_index/resource_index/package_run_dependencies/parser
[2.287s] -- Up-to-date: /home/mete/catkin_ws2/install/parser/share/ament_index/resource_index/parent_prefix_path/parser
[2.287s] -- Up-to-date: /home/mete/catkin_ws2/install/parser/share/parser/environment/ament_prefix_path.sh
[2.287s] -- Up-to-date: /home/mete/catkin_ws2/install/parser/share/parser/environment/ament_prefix_path.dsv
[2.287s] -- Up-to-date: /home/mete/catkin_ws2/install/parser/share/parser/environment/path.sh
[2.287s] -- Up-to-date: /home/mete/catkin_ws2/install/parser/share/parser/environment/path.dsv
[2.287s] -- Up-to-date: /home/mete/catkin_ws2/install/parser/share/parser/local_setup.bash
[2.287s] -- Up-to-date: /home/mete/catkin_ws2/install/parser/share/parser/local_setup.sh
[2.287s] -- Up-to-date: /home/mete/catkin_ws2/install/parser/share/parser/local_setup.zsh
[2.287s] -- Up-to-date: /home/mete/catkin_ws2/install/parser/share/parser/local_setup.dsv
[2.288s] -- Installing: /home/mete/catkin_ws2/install/parser/share/parser/package.dsv
[2.288s] -- Up-to-date: /home/mete/catkin_ws2/install/parser/share/ament_index/resource_index/packages/parser
[2.288s] -- Up-to-date: /home/mete/catkin_ws2/install/parser/share/parser/cmake/parserConfig.cmake
[2.288s] -- Up-to-date: /home/mete/catkin_ws2/install/parser/share/parser/cmake/parserConfig-version.cmake
[2.288s] -- Up-to-date: /home/mete/catkin_ws2/install/parser/share/parser/package.xml
[2.291s] Invoked command in '/home/mete/catkin_ws2/build/parser' returned '0': CMAKE_PREFIX_PATH=${CMAKE_PREFIX_PATH}:/opt/ros/foxy /usr/bin/cmake --install /home/mete/catkin_ws2/build/parser
