[ 16%] Built target kmlbase
[ 34%] Built target kmlxsd
[ 63%] Built target kmldom
[ 87%] Built target kmlengine
[ 97%] Built target kmlconvenience
[100%] Built target kmlregionator
-- Install configuration: "Release"
-- Up-to-date: /home/mete/catkin_ws2/install/LibKML/lib/pkgconfig/libkml.pc
-- Up-to-date: /home/mete/catkin_ws2/install/LibKML/lib/cmake/libkml/LibKMLConfig.cmake
-- Up-to-date: /home/mete/catkin_ws2/install/LibKML/lib/cmake/libkml/LibKMLConfigVersion.cmake
-- Up-to-date: /home/mete/catkin_ws2/install/LibKML/lib/cmake/libkml/LibKMLTargets.cmake
-- Up-to-date: /home/mete/catkin_ws2/install/LibKML/lib/cmake/libkml/LibKMLTargets-release.cmake
-- Up-to-date: /home/mete/catkin_ws2/install/LibKML/include/kml/dom.h
-- Up-to-date: /home/mete/catkin_ws2/install/LibKML/include/kml/engine.h
-- Up-to-date: /home/mete/catkin_ws2/install/LibKML/include/kml/base/attributes.h
-- Up-to-date: /home/mete/catkin_ws2/install/LibKML/include/kml/base/csv_splitter.h
-- Up-to-date: /home/mete/catkin_ws2/install/LibKML/include/kml/base/date_time.h
-- Up-to-date: /home/mete/catkin_ws2/install/LibKML/include/kml/base/color32.h
-- Up-to-date: /home/mete/catkin_ws2/install/LibKML/include/kml/base/expat_handler.h
-- Up-to-date: /home/mete/catkin_ws2/install/LibKML/include/kml/base/expat_handler_ns.h
-- Up-to-date: /home/mete/catkin_ws2/install/LibKML/include/kml/base/expat_parser.h
-- Up-to-date: /home/mete/catkin_ws2/install/LibKML/include/kml/base/file.h
-- Up-to-date: /home/mete/catkin_ws2/install/LibKML/include/kml/base/math_util.h
-- Up-to-date: /home/mete/catkin_ws2/install/LibKML/include/kml/base/memory_file.h
-- Up-to-date: /home/mete/catkin_ws2/install/LibKML/include/kml/base/mimetypes.h
-- Up-to-date: /home/mete/catkin_ws2/install/LibKML/include/kml/base/net_cache.h
-- Up-to-date: /home/mete/catkin_ws2/install/LibKML/include/kml/base/referent.h
-- Up-to-date: /home/mete/catkin_ws2/install/LibKML/include/kml/base/string_util.h
-- Up-to-date: /home/mete/catkin_ws2/install/LibKML/include/kml/base/tempfile.h
-- Up-to-date: /home/mete/catkin_ws2/install/LibKML/include/kml/base/time_util.h
-- Up-to-date: /home/mete/catkin_ws2/install/LibKML/include/kml/base/util.h
-- Up-to-date: /home/mete/catkin_ws2/install/LibKML/include/kml/base/vec3.h
-- Up-to-date: /home/mete/catkin_ws2/install/LibKML/include/kml/base/version.h
-- Up-to-date: /home/mete/catkin_ws2/install/LibKML/include/kml/base/xml_element.h
-- Up-to-date: /home/mete/catkin_ws2/install/LibKML/include/kml/base/xml_file.h
-- Up-to-date: /home/mete/catkin_ws2/install/LibKML/include/kml/base/xml_namespaces.h
-- Up-to-date: /home/mete/catkin_ws2/install/LibKML/include/kml/base/xmlns.h
-- Up-to-date: /home/mete/catkin_ws2/install/LibKML/include/kml/base/zip_file.h
-- Up-to-date: /home/mete/catkin_ws2/install/LibKML/lib/libkmlbase.so.1.3.1
-- Up-to-date: /home/mete/catkin_ws2/install/LibKML/lib/libkmlbase.so.1
-- Up-to-date: /home/mete/catkin_ws2/install/LibKML/lib/libkmlbase.so
-- Up-to-date: /home/mete/catkin_ws2/install/LibKML/include/kml/dom/abstractlatlonbox.h
-- Up-to-date: /home/mete/catkin_ws2/install/LibKML/include/kml/dom/abstractview.h
-- Up-to-date: /home/mete/catkin_ws2/install/LibKML/include/kml/dom/atom.h
-- Up-to-date: /home/mete/catkin_ws2/install/LibKML/include/kml/dom/balloonstyle.h
-- Up-to-date: /home/mete/catkin_ws2/install/LibKML/include/kml/dom/colorstyle.h
-- Up-to-date: /home/mete/catkin_ws2/install/LibKML/include/kml/dom/container.h
-- Up-to-date: /home/mete/catkin_ws2/install/LibKML/include/kml/dom/document.h
-- Up-to-date: /home/mete/catkin_ws2/install/LibKML/include/kml/dom/element.h
-- Up-to-date: /home/mete/catkin_ws2/install/LibKML/include/kml/dom/extendeddata.h
-- Up-to-date: /home/mete/catkin_ws2/install/LibKML/include/kml/dom/feature.h
-- Up-to-date: /home/mete/catkin_ws2/install/LibKML/include/kml/dom/folder.h
-- Up-to-date: /home/mete/catkin_ws2/install/LibKML/include/kml/dom/geometry.h
-- Up-to-date: /home/mete/catkin_ws2/install/LibKML/include/kml/dom/hotspot.h
-- Up-to-date: /home/mete/catkin_ws2/install/LibKML/include/kml/dom/iconstyle.h
-- Up-to-date: /home/mete/catkin_ws2/install/LibKML/include/kml/dom/kml.h
-- Up-to-date: /home/mete/catkin_ws2/install/LibKML/include/kml/dom/kml22.h
-- Up-to-date: /home/mete/catkin_ws2/install/LibKML/include/kml/dom/kml22.cc
-- Up-to-date: /home/mete/catkin_ws2/install/LibKML/include/kml/dom/kml_cast.h
-- Up-to-date: /home/mete/catkin_ws2/install/LibKML/include/kml/dom/kml_factory.h
-- Up-to-date: /home/mete/catkin_ws2/install/LibKML/include/kml/dom/kml_funcs.h
-- Up-to-date: /home/mete/catkin_ws2/install/LibKML/include/kml/dom/kml_ptr.h
-- Up-to-date: /home/mete/catkin_ws2/install/LibKML/include/kml/dom/kmldom.h
-- Up-to-date: /home/mete/catkin_ws2/install/LibKML/include/kml/dom/labelstyle.h
-- Up-to-date: /home/mete/catkin_ws2/install/LibKML/include/kml/dom/linestyle.h
-- Up-to-date: /home/mete/catkin_ws2/install/LibKML/include/kml/dom/link.h
-- Up-to-date: /home/mete/catkin_ws2/install/LibKML/include/kml/dom/liststyle.h
-- Up-to-date: /home/mete/catkin_ws2/install/LibKML/include/kml/dom/model.h
-- Up-to-date: /home/mete/catkin_ws2/install/LibKML/include/kml/dom/networklink.h
-- Up-to-date: /home/mete/catkin_ws2/install/LibKML/include/kml/dom/networklinkcontrol.h
-- Up-to-date: /home/mete/catkin_ws2/install/LibKML/include/kml/dom/object.h
-- Up-to-date: /home/mete/catkin_ws2/install/LibKML/include/kml/dom/overlay.h
-- Up-to-date: /home/mete/catkin_ws2/install/LibKML/include/kml/dom/parser.h
-- Up-to-date: /home/mete/catkin_ws2/install/LibKML/include/kml/dom/parser_observer.h
-- Up-to-date: /home/mete/catkin_ws2/install/LibKML/include/kml/dom/placemark.h
-- Up-to-date: /home/mete/catkin_ws2/install/LibKML/include/kml/dom/polystyle.h
-- Up-to-date: /home/mete/catkin_ws2/install/LibKML/include/kml/dom/region.h
-- Up-to-date: /home/mete/catkin_ws2/install/LibKML/include/kml/dom/schema.h
-- Up-to-date: /home/mete/catkin_ws2/install/LibKML/include/kml/dom/snippet.h
-- Up-to-date: /home/mete/catkin_ws2/install/LibKML/include/kml/dom/style.h
-- Up-to-date: /home/mete/catkin_ws2/install/LibKML/include/kml/dom/stylemap.h
-- Up-to-date: /home/mete/catkin_ws2/install/LibKML/include/kml/dom/styleselector.h
-- Up-to-date: /home/mete/catkin_ws2/install/LibKML/include/kml/dom/substyle.h
-- Up-to-date: /home/mete/catkin_ws2/install/LibKML/include/kml/dom/timeprimitive.h
-- Up-to-date: /home/mete/catkin_ws2/install/LibKML/include/kml/dom/gx_timeprimitive.h
-- Up-to-date: /home/mete/catkin_ws2/install/LibKML/include/kml/dom/gx_tour.h
-- Up-to-date: /home/mete/catkin_ws2/install/LibKML/include/kml/dom/vec2.h
-- Up-to-date: /home/mete/catkin_ws2/install/LibKML/include/kml/dom/xal.h
-- Up-to-date: /home/mete/catkin_ws2/install/LibKML/include/kml/dom/xsd.h
-- Up-to-date: /home/mete/catkin_ws2/install/LibKML/include/kml/dom/visitor.h
-- Up-to-date: /home/mete/catkin_ws2/install/LibKML/include/kml/dom/visitor_driver.h
-- Up-to-date: /home/mete/catkin_ws2/install/LibKML/lib/libkmldom.so.1.3.1
-- Up-to-date: /home/mete/catkin_ws2/install/LibKML/lib/libkmldom.so.1
-- Up-to-date: /home/mete/catkin_ws2/install/LibKML/lib/libkmldom.so
-- Up-to-date: /home/mete/catkin_ws2/install/LibKML/include/kml/xsd/xsd_complex_type.h
-- Up-to-date: /home/mete/catkin_ws2/install/LibKML/include/kml/xsd/xsd_element.h
-- Up-to-date: /home/mete/catkin_ws2/install/LibKML/include/kml/xsd/xsd_file.h
-- Up-to-date: /home/mete/catkin_ws2/install/LibKML/include/kml/xsd/xsd_handler.h
-- Up-to-date: /home/mete/catkin_ws2/install/LibKML/include/kml/xsd/xsd_primitive_type.h
-- Up-to-date: /home/mete/catkin_ws2/install/LibKML/include/kml/xsd/xsd_schema.h
-- Up-to-date: /home/mete/catkin_ws2/install/LibKML/include/kml/xsd/xsd_simple_type.h
-- Up-to-date: /home/mete/catkin_ws2/install/LibKML/include/kml/xsd/xsd_type.h
-- Up-to-date: /home/mete/catkin_ws2/install/LibKML/include/kml/xsd/xsd_util.h
-- Up-to-date: /home/mete/catkin_ws2/install/LibKML/include/kml/xsd/xst_parser.h
-- Up-to-date: /home/mete/catkin_ws2/install/LibKML/lib/libkmlxsd.so.1.3.1
-- Up-to-date: /home/mete/catkin_ws2/install/LibKML/lib/libkmlxsd.so.1
-- Up-to-date: /home/mete/catkin_ws2/install/LibKML/lib/libkmlxsd.so
-- Up-to-date: /home/mete/catkin_ws2/install/LibKML/include/kml/engine/bbox.h
-- Up-to-date: /home/mete/catkin_ws2/install/LibKML/include/kml/engine/clone.h
-- Up-to-date: /home/mete/catkin_ws2/install/LibKML/include/kml/engine/engine_types.h
-- Up-to-date: /home/mete/catkin_ws2/install/LibKML/include/kml/engine/entity_mapper.h
-- Up-to-date: /home/mete/catkin_ws2/install/LibKML/include/kml/engine/feature_balloon.h
-- Up-to-date: /home/mete/catkin_ws2/install/LibKML/include/kml/engine/feature_view.h
-- Up-to-date: /home/mete/catkin_ws2/install/LibKML/include/kml/engine/feature_visitor.h
-- Up-to-date: /home/mete/catkin_ws2/install/LibKML/include/kml/engine/find.h
-- Up-to-date: /home/mete/catkin_ws2/install/LibKML/include/kml/engine/find_xml_namespaces.h
-- Up-to-date: /home/mete/catkin_ws2/install/LibKML/include/kml/engine/get_link_parents.h
-- Up-to-date: /home/mete/catkin_ws2/install/LibKML/include/kml/engine/get_links.h
-- Up-to-date: /home/mete/catkin_ws2/install/LibKML/include/kml/engine/href.h
-- Up-to-date: /home/mete/catkin_ws2/install/LibKML/include/kml/engine/id_mapper.h
-- Up-to-date: /home/mete/catkin_ws2/install/LibKML/include/kml/engine/kml_cache.h
-- Up-to-date: /home/mete/catkin_ws2/install/LibKML/include/kml/engine/kml_file.h
-- Up-to-date: /home/mete/catkin_ws2/install/LibKML/include/kml/engine/kml_stream.h
-- Up-to-date: /home/mete/catkin_ws2/install/LibKML/include/kml/engine/kml_uri.h
-- Up-to-date: /home/mete/catkin_ws2/install/LibKML/include/kml/engine/kmz_cache.h
-- Up-to-date: /home/mete/catkin_ws2/install/LibKML/include/kml/engine/kmz_file.h
-- Up-to-date: /home/mete/catkin_ws2/install/LibKML/include/kml/engine/link_util.h
-- Up-to-date: /home/mete/catkin_ws2/install/LibKML/include/kml/engine/location_util.h
-- Up-to-date: /home/mete/catkin_ws2/install/LibKML/include/kml/engine/merge.h
-- Up-to-date: /home/mete/catkin_ws2/install/LibKML/include/kml/engine/object_id_parser_observer.h
-- Up-to-date: /home/mete/catkin_ws2/install/LibKML/include/kml/engine/old_schema_parser_observer.h
-- Up-to-date: /home/mete/catkin_ws2/install/LibKML/include/kml/engine/parse_old_schema.h
-- Up-to-date: /home/mete/catkin_ws2/install/LibKML/include/kml/engine/schema_parser_observer.h
-- Up-to-date: /home/mete/catkin_ws2/install/LibKML/include/kml/engine/shared_style_parser_observer.h
-- Up-to-date: /home/mete/catkin_ws2/install/LibKML/include/kml/engine/style_inliner.h
-- Up-to-date: /home/mete/catkin_ws2/install/LibKML/include/kml/engine/style_merger.h
-- Up-to-date: /home/mete/catkin_ws2/install/LibKML/include/kml/engine/style_resolver.h
-- Up-to-date: /home/mete/catkin_ws2/install/LibKML/include/kml/engine/style_splitter.h
-- Up-to-date: /home/mete/catkin_ws2/install/LibKML/include/kml/engine/update.h
-- Up-to-date: /home/mete/catkin_ws2/install/LibKML/lib/libkmlengine.so.1.3.1
-- Up-to-date: /home/mete/catkin_ws2/install/LibKML/lib/libkmlengine.so.1
-- Up-to-date: /home/mete/catkin_ws2/install/LibKML/lib/libkmlengine.so
-- Up-to-date: /home/mete/catkin_ws2/install/LibKML/include/kml/convenience/atom_util.h
-- Up-to-date: /home/mete/catkin_ws2/install/LibKML/include/kml/convenience/convenience.h
-- Up-to-date: /home/mete/catkin_ws2/install/LibKML/include/kml/convenience/csv_file.h
-- Up-to-date: /home/mete/catkin_ws2/install/LibKML/include/kml/convenience/csv_parser.h
-- Up-to-date: /home/mete/catkin_ws2/install/LibKML/include/kml/convenience/element_counter.h
-- Up-to-date: /home/mete/catkin_ws2/install/LibKML/include/kml/convenience/feature_list.h
-- Up-to-date: /home/mete/catkin_ws2/install/LibKML/include/kml/convenience/google_doc_list.h
-- Up-to-date: /home/mete/catkin_ws2/install/LibKML/include/kml/convenience/google_maps_data.h
-- Up-to-date: /home/mete/catkin_ws2/install/LibKML/include/kml/convenience/google_picasa_web.h
-- Up-to-date: /home/mete/catkin_ws2/install/LibKML/include/kml/convenience/google_spreadsheets.h
-- Up-to-date: /home/mete/catkin_ws2/install/LibKML/include/kml/convenience/gpx_trk_pt_handler.h
-- Up-to-date: /home/mete/catkin_ws2/install/LibKML/include/kml/convenience/http_client.h
-- Up-to-date: /home/mete/catkin_ws2/install/LibKML/include/kml/convenience/kml_feature_list_saver.h
-- Up-to-date: /home/mete/catkin_ws2/install/LibKML/include/kml/convenience/kmz_check_links.h
-- Up-to-date: /home/mete/catkin_ws2/install/LibKML/lib/libkmlconvenience.so.1.3.1
-- Up-to-date: /home/mete/catkin_ws2/install/LibKML/lib/libkmlconvenience.so.1
-- Up-to-date: /home/mete/catkin_ws2/install/LibKML/lib/libkmlconvenience.so
-- Up-to-date: /home/mete/catkin_ws2/install/LibKML/include/kml/regionator/feature_list_region_handler.h
-- Up-to-date: /home/mete/catkin_ws2/install/LibKML/include/kml/regionator/feature_list_regionator.h
-- Up-to-date: /home/mete/catkin_ws2/install/LibKML/include/kml/regionator/region_handler.h
-- Up-to-date: /home/mete/catkin_ws2/install/LibKML/include/kml/regionator/regionator.h
-- Up-to-date: /home/mete/catkin_ws2/install/LibKML/include/kml/regionator/regionator_qid.h
-- Up-to-date: /home/mete/catkin_ws2/install/LibKML/include/kml/regionator/regionator_util.h
-- Up-to-date: /home/mete/catkin_ws2/install/LibKML/lib/libkmlregionator.so.1.3.1
-- Up-to-date: /home/mete/catkin_ws2/install/LibKML/lib/libkmlregionator.so.1
-- Up-to-date: /home/mete/catkin_ws2/install/LibKML/lib/libkmlregionator.so
